<?xml version="1.0" encoding="UTF-8" ?>
<testsuite tests="50" failures="13" name="com.pro.alarm.TestGroup" time="2.242" errors="5" skipped="0">
  <properties>
[...]
</properties>
  <testcase classname="com.pro.alarm.DataSourceTest" name="testConnection" time="0.015"/>
  <testcase classname="com.pro.alarm.MyBatisTest" name="testFactory" time="0"/>
  <testcase classname="com.pro.alarm.MyBatisTest" name="testSession" time="0"/>
  <testcase classname="com.pro.alarm.TestUtlz" name="test0001_IsNull_strNull" time="0"/>
  <testcase classname="com.pro.alarm.TestUtlz" name="test0002_IsNull_strSpace" time="0"/>
  <testcase classname="com.pro.alarm.TestUtlz" name="test0003_IsNull_strNullText" time="0"/>
  <testcase classname="com.pro.alarm.TestUtlz" name="test0004_IsNull_dateNull" time="0"/>
  <testcase classname="com.pro.alarm.TestUtlz" name="test0005_IsNull_dttmNull" time="0"/>
  <testcase classname="com.pro.alarm.TestUtlz" name="test0006_isNull_WrongType" time="0"/>
  <testcase classname="com.pro.alarm.TestUtlz" name="test0007_isNull_notNull" time="0"/>
  <testcase classname="com.pro.alarm.TestUtlz" name="test0008_compareDate_date1Big" time="0"/>
  <testcase classname="com.pro.alarm.TestUtlz" name="test0009_compareDate_date2Big" time="0"/>
  <testcase classname="com.pro.alarm.TestUtlz" name="test0010_compareDate_dateEqul" time="0"/>
  <testcase classname="com.pro.alarm.TestUtlz" name="test0011_compareDate_WrongType" time="0"/>
  <testcase classname="com.pro.alarm.TestUtlz" name="test0012_isNum_Number" time="0"/>
  <testcase classname="com.pro.alarm.TestUtlz" name="test0013_isNum_notNumber" time="0"/>
  <testcase classname="com.pro.alarm.TestUtlz" name="test0014_compareDttm_BigDttm1" time="0"/>
  <testcase classname="com.pro.alarm.TestUtlz" name="test0015_diffDate_BigB" time="0"/>
  <testcase classname="com.pro.alarm.TestUtlz" name="test0016_isDate_success" time="0"/>
  <testcase classname="com.pro.alarm.TestUtlz" name="test0017_isDate_null" time="0"/>
  <testcase classname="com.pro.alarm.TestUtlz" name="test0018_calDate" time="0"/>
  <testcase classname="com.pro.alarm.TestUtlz" name="test0018_isDate_minErr" time="0"/>
  <testcase classname="com.pro.alarm.TestUtlz" name="test0019_isDate_maxErr" time="0"/>
  <testcase classname="com.pro.alarm.TestAlarmDao" name="test1000_CRUD_job_sch" time="0.235">
    <error message="nested exception is org.apache.ibatis.exceptions.PersistenceException: 
### Error updating database.  Cause: org.springframework.jdbc.CannotGetJdbcConnectionException: Could not get JDBC Connection; nested exception is java.sql.SQLRecoverableException: 소켓에서 읽을 데이터가 없습니다
### Cause: org.springframework.jdbc.CannotGetJdbcConnectionException: Could not get JDBC Connection; nested exception is java.sql.SQLRecoverableException: 소켓에서 읽을 데이터가 없습니다" type="org.mybatis.spring.MyBatisSystemException">org.mybatis.spring.MyBatisSystemException: nested exception is org.apache.ibatis.exceptions.PersistenceException: 
### Error updating database.  Cause: org.springframework.jdbc.CannotGetJdbcConnectionException: Could not get JDBC Connection; nested exception is java.sql.SQLRecoverableException: 소켓에서 읽을 데이터가 없습니다
### Cause: org.springframework.jdbc.CannotGetJdbcConnectionException: Could not get JDBC Connection; nested exception is java.sql.SQLRecoverableException: 소켓에서 읽을 데이터가 없습니다
	at org.mybatis.spring.MyBatisExceptionTranslator.translateExceptionIfPossible(MyBatisExceptionTranslator.java:79)
	at org.mybatis.spring.SqlSessionTemplate$SqlSessionInterceptor.invoke(SqlSessionTemplate.java:447)
	at com.sun.proxy.$Proxy28.delete(Unknown Source)
	at org.mybatis.spring.SqlSessionTemplate.delete(SqlSessionTemplate.java:311)
	at org.apache.ibatis.binding.MapperMethod.execute(MapperMethod.java:67)
	at org.apache.ibatis.binding.MapperProxy.invoke(MapperProxy.java:59)
	at com.sun.proxy.$Proxy43.delJobSch(Unknown Source)
	at com.pro.alarm.dao.AlarmDaoImpl.delJobSch(AlarmDaoImpl.java:64)
	at com.pro.alarm.TestAlarmDao.afterTransaction(TestAlarmDao.java:135)
	at sun.reflect.NativeMethodAccessorImpl.invoke0(Native Method)
	at sun.reflect.NativeMethodAccessorImpl.invoke(NativeMethodAccessorImpl.java:62)
	at sun.reflect.DelegatingMethodAccessorImpl.invoke(DelegatingMethodAccessorImpl.java:43)
	at java.lang.reflect.Method.invoke(Method.java:497)
	at org.springframework.test.context.transaction.TransactionalTestExecutionListener.runAfterTransactionMethods(TransactionalTestExecutionListener.java:283)
	at org.springframework.test.context.transaction.TransactionalTestExecutionListener.afterTestMethod(TransactionalTestExecutionListener.java:231)
	at org.springframework.test.context.TestContextManager.afterTestMethod(TestContextManager.java:319)
	at org.springframework.test.context.junit4.statements.RunAfterTestMethodCallbacks.evaluate(RunAfterTestMethodCallbacks.java:94)
	at org.springframework.test.context.junit4.statements.SpringRepeat.evaluate(SpringRepeat.java:84)
	at org.junit.runners.ParentRunner.runLeaf(ParentRunner.java:325)
	at org.springframework.test.context.junit4.SpringJUnit4ClassRunner.runChild(SpringJUnit4ClassRunner.java:252)
	at org.springframework.test.context.junit4.SpringJUnit4ClassRunner.runChild(SpringJUnit4ClassRunner.java:94)
	at org.junit.runners.ParentRunner$3.run(ParentRunner.java:290)
	at org.junit.runners.ParentRunner$1.schedule(ParentRunner.java:71)
	at org.junit.runners.ParentRunner.runChildren(ParentRunner.java:288)
	at org.junit.runners.ParentRunner.access$000(ParentRunner.java:58)
	at org.junit.runners.ParentRunner$2.evaluate(ParentRunner.java:268)
	at org.springframework.test.context.junit4.statements.RunBeforeTestClassCallbacks.evaluate(RunBeforeTestClassCallbacks.java:61)
	at org.springframework.test.context.junit4.statements.RunAfterTestClassCallbacks.evaluate(RunAfterTestClassCallbacks.java:70)
	at org.junit.runners.ParentRunner.run(ParentRunner.java:363)
	at org.springframework.test.context.junit4.SpringJUnit4ClassRunner.run(SpringJUnit4ClassRunner.java:191)
	at org.junit.runners.Suite.runChild(Suite.java:128)
	at org.junit.runners.Suite.runChild(Suite.java:27)
	at org.junit.runners.ParentRunner$3.run(ParentRunner.java:290)
	at org.junit.runners.ParentRunner$1.schedule(ParentRunner.java:71)
	at org.junit.runners.ParentRunner.runChildren(ParentRunner.java:288)
	at org.junit.runners.ParentRunner.access$000(ParentRunner.java:58)
	at org.junit.runners.ParentRunner$2.evaluate(ParentRunner.java:268)
	at org.junit.runners.ParentRunner.run(ParentRunner.java:363)
	at org.apache.maven.surefire.junit4.JUnit4Provider.execute(JUnit4Provider.java:252)
	at org.apache.maven.surefire.junit4.JUnit4Provider.executeTestSet(JUnit4Provider.java:141)
	at org.apache.maven.surefire.junit4.JUnit4Provider.invoke(JUnit4Provider.java:112)
	at sun.reflect.NativeMethodAccessorImpl.invoke0(Native Method)
	at sun.reflect.NativeMethodAccessorImpl.invoke(NativeMethodAccessorImpl.java:62)
	at sun.reflect.DelegatingMethodAccessorImpl.invoke(DelegatingMethodAccessorImpl.java:43)
	at java.lang.reflect.Method.invoke(Method.java:497)
	at org.apache.maven.surefire.util.ReflectionUtils.invokeMethodWithArray(ReflectionUtils.java:189)
	at org.apache.maven.surefire.booter.ProviderFactory$ProviderProxy.invoke(ProviderFactory.java:165)
	at org.apache.maven.surefire.booter.ProviderFactory.invokeProvider(ProviderFactory.java:85)
	at org.apache.maven.surefire.booter.ForkedBooter.runSuitesInProcess(ForkedBooter.java:115)
	at org.apache.maven.surefire.booter.ForkedBooter.main(ForkedBooter.java:75)
Caused by: org.apache.ibatis.exceptions.PersistenceException: 
### Error updating database.  Cause: org.springframework.jdbc.CannotGetJdbcConnectionException: Could not get JDBC Connection; nested exception is java.sql.SQLRecoverableException: 소켓에서 읽을 데이터가 없습니다
### Cause: org.springframework.jdbc.CannotGetJdbcConnectionException: Could not get JDBC Connection; nested exception is java.sql.SQLRecoverableException: 소켓에서 읽을 데이터가 없습니다
	at org.apache.ibatis.exceptions.ExceptionFactory.wrapException(ExceptionFactory.java:30)
	at org.apache.ibatis.session.defaults.DefaultSqlSession.update(DefaultSqlSession.java:200)
	at org.apache.ibatis.session.defaults.DefaultSqlSession.delete(DefaultSqlSession.java:213)
	at sun.reflect.GeneratedMethodAccessor40.invoke(Unknown Source)
	at sun.reflect.DelegatingMethodAccessorImpl.invoke(DelegatingMethodAccessorImpl.java:43)
	at java.lang.reflect.Method.invoke(Method.java:497)
	at org.mybatis.spring.SqlSessionTemplate$SqlSessionInterceptor.invoke(SqlSessionTemplate.java:434)
	... 48 more
Caused by: org.springframework.jdbc.CannotGetJdbcConnectionException: Could not get JDBC Connection; nested exception is java.sql.SQLRecoverableException: 소켓에서 읽을 데이터가 없습니다
	at org.springframework.jdbc.datasource.DataSourceUtils.getConnection(DataSourceUtils.java:80)
	at org.mybatis.spring.transaction.SpringManagedTransaction.openConnection(SpringManagedTransaction.java:84)
	at org.mybatis.spring.transaction.SpringManagedTransaction.getConnection(SpringManagedTransaction.java:70)
	at org.apache.ibatis.executor.BaseExecutor.getConnection(BaseExecutor.java:336)
	at org.apache.ibatis.executor.SimpleExecutor.prepareStatement(SimpleExecutor.java:84)
	at org.apache.ibatis.executor.SimpleExecutor.doUpdate(SimpleExecutor.java:49)
	at org.apache.ibatis.executor.BaseExecutor.update(BaseExecutor.java:117)
	at org.apache.ibatis.executor.CachingExecutor.update(CachingExecutor.java:76)
	at org.apache.ibatis.session.defaults.DefaultSqlSession.update(DefaultSqlSession.java:198)
	... 53 more
Caused by: java.sql.SQLRecoverableException: 소켓에서 읽을 데이터가 없습니다
	at oracle.jdbc.driver.T4CMAREngine.unmarshalUB1(T4CMAREngine.java:1157)
	at oracle.jdbc.driver.T4C8TTIpro.receive(T4C8TTIpro.java:129)
	at oracle.jdbc.driver.T4CConnection.connect(T4CConnection.java:1162)
	at oracle.jdbc.driver.T4CConnection.logon(T4CConnection.java:340)
	at oracle.jdbc.driver.PhysicalConnection.&lt;init&gt;(PhysicalConnection.java:553)
	at oracle.jdbc.driver.T4CConnection.&lt;init&gt;(T4CConnection.java:254)
	at oracle.jdbc.driver.T4CDriverExtension.getConnection(T4CDriverExtension.java:32)
	at oracle.jdbc.driver.OracleDriver.connect(OracleDriver.java:528)
	at net.sf.log4jdbc.sql.jdbcapi.DriverSpy.connect(DriverSpy.java:399)
	at java.sql.DriverManager.getConnection(DriverManager.java:664)
	at java.sql.DriverManager.getConnection(DriverManager.java:208)
	at org.springframework.jdbc.datasource.DriverManagerDataSource.getConnectionFromDriverManager(DriverManagerDataSource.java:153)
	at org.springframework.jdbc.datasource.DriverManagerDataSource.getConnectionFromDriver(DriverManagerDataSource.java:144)
	at org.springframework.jdbc.datasource.AbstractDriverBasedDataSource.getConnectionFromDriver(AbstractDriverBasedDataSource.java:196)
	at org.springframework.jdbc.datasource.AbstractDriverBasedDataSource.getConnection(AbstractDriverBasedDataSource.java:159)
	at org.springframework.jdbc.datasource.DataSourceUtils.doGetConnection(DataSourceUtils.java:111)
	at org.springframework.jdbc.datasource.DataSourceUtils.getConnection(DataSourceUtils.java:77)
	... 61 more
</error>
    <system-out>INFO : jdbc.connection - 140. Connection opened
INFO : jdbc.audit - 140. Connection.new Connection returned 
INFO : jdbc.audit - 140. Connection.getAutoCommit() returned true
INFO : jdbc.audit - 140. PreparedStatement.new PreparedStatement returned 
INFO : jdbc.audit - 140. Connection.prepareStatement(SELECT 	NVL(MAX(SQNO),0) + 1 AS SQNO 
		FROM 	TS001_JOB_SCH 
		WHERE 	DEVER_ID	= ?
		AND		CUST_ID		= ?) returned net.sf.log4jdbc.sql.jdbcapi.PreparedStatementSpy@128a9c1
INFO : jdbc.audit - 140. PreparedStatement.setString(1, &quot;testDever&quot;) returned 
INFO : jdbc.audit - 140. PreparedStatement.setString(2, &quot;testCust&quot;) returned 
INFO : jdbc.sqlonly - SELECT NVL(MAX(SQNO),0) + 1 AS SQNO FROM TS001_JOB_SCH WHERE DEVER_ID = &apos;testDever&apos; AND CUST_ID 
= &apos;testCust&apos; 

INFO : jdbc.sqltiming - SELECT NVL(MAX(SQNO),0) + 1 AS SQNO FROM TS001_JOB_SCH WHERE DEVER_ID = &apos;testDever&apos; AND CUST_ID 
= &apos;testCust&apos; 
 {executed in 0 msec}
INFO : jdbc.audit - 140. PreparedStatement.execute() returned true
INFO : jdbc.resultset - 140. ResultSet.new ResultSet returned 
INFO : jdbc.audit - 140. PreparedStatement.getResultSet() returned net.sf.log4jdbc.sql.jdbcapi.ResultSetSpy@178fdb1
INFO : jdbc.resultset - 140. ResultSet.getMetaData() returned oracle.jdbc.driver.OracleResultSetMetaData@bfb884
INFO : jdbc.resultset - 140. ResultSet.getType() returned 1003
INFO : jdbc.resultset - 140. ResultSet.next() returned true
INFO : jdbc.resultset - 140. ResultSet.getInt(SQNO) returned 1
INFO : jdbc.resultset - 140. ResultSet.wasNull() returned false
INFO : jdbc.resultsettable - 
|-----|
|sqno |
|-----|
|1    |
|-----|

INFO : jdbc.resultset - 140. ResultSet.next() returned false
INFO : jdbc.resultset - 140. ResultSet.close() returned void
INFO : jdbc.audit - 140. PreparedStatement.getConnection() returned net.sf.log4jdbc.sql.jdbcapi.ConnectionSpy@1653e3b
INFO : jdbc.audit - 140. Connection.getMetaData() returned oracle.jdbc.driver.OracleDatabaseMetaData@115fb77
INFO : jdbc.audit - 140. PreparedStatement.close() returned 
INFO : jdbc.audit - 140. PreparedStatement.new PreparedStatement returned 
INFO : jdbc.audit - 140. Connection.prepareStatement(INSERT INTO	TS001_JOB_SCH(
							  DEVER_ID 	   /*������ID	*/
							, CUST_ID	   /*��ID  */
							, SQNO		   /*�Ϸù�ȣ  */
							, SET_TM	   /*�����ð�  */
							, JOB_CD	   /*�۾��ڵ�  */
							, CHK_YN	   /*Ȯ�ο���  */
							, LST_CHK_TS   /*����Ȯ���Ͻ�*/
							 
							 
							 
							, DEL_YN	   /*��������  */
							, PC_TS		   /*ó���Ͻ�  */
							, FST_PC_TS	   /*����ó���Ͻ�*/
							, LUPD_CNT	   /*���������� */
							)
					VALUES(
							  ?
							, ?
							, ?
							, TO_TIMESTAMP(?,&apos;YYYYMMDD HH24MI&apos;)
							, ?
							, &apos;N&apos;
							, TO_TIMESTAMP(&apos;00010101 000000.000000&apos;,&apos;YYYYMMDD HH24MISS.FF6&apos;)
							 
							 
							 
							, &apos;N&apos;
							, SYSTIMESTAMP
							, SYSTIMESTAMP
							, 1
							)) returned net.sf.log4jdbc.sql.jdbcapi.PreparedStatementSpy@19c1b51
INFO : jdbc.audit - 140. PreparedStatement.setString(1, &quot;testDever&quot;) returned 
INFO : jdbc.audit - 140. PreparedStatement.setString(2, &quot;testCust&quot;) returned 
INFO : jdbc.audit - 140. PreparedStatement.setInt(3, 1) returned 
INFO : jdbc.audit - 140. PreparedStatement.setString(4, &quot;00010101 0101&quot;) returned 
INFO : jdbc.audit - 140. PreparedStatement.setString(5, &quot;testJobCd&quot;) returned 
INFO : jdbc.sqlonly - INSERT INTO TS001_JOB_SCH( DEVER_ID /*������ID */ , CUST_ID /*��ID */ , SQNO /*�Ϸù�ȣ */ , SET_TM 
/*�����ð� */ , JOB_CD /*�۾��ڵ� */ , CHK_YN /*Ȯ�ο��� */ , LST_CHK_TS /*����Ȯ���Ͻ�*/ , DEL_YN /*�������� */ 
, PC_TS /*ó���Ͻ� */ , FST_PC_TS /*����ó���Ͻ�*/ , LUPD_CNT /*���������� */ ) VALUES( &apos;testDever&apos; , &apos;testCust&apos; 
, 1 , TO_TIMESTAMP(&apos;00010101 0101&apos;,&apos;YYYYMMDD HH24MI&apos;) , &apos;testJobCd&apos; , &apos;N&apos; , TO_TIMESTAMP(&apos;00010101 
000000.000000&apos;,&apos;YYYYMMDD HH24MISS.FF6&apos;) , &apos;N&apos; , SYSTIMESTAMP , SYSTIMESTAMP , 1 ) 

INFO : jdbc.sqltiming - INSERT INTO TS001_JOB_SCH( DEVER_ID /*������ID */ , CUST_ID /*��ID */ , SQNO /*�Ϸù�ȣ */ , SET_TM 
/*�����ð� */ , JOB_CD /*�۾��ڵ� */ , CHK_YN /*Ȯ�ο��� */ , LST_CHK_TS /*����Ȯ���Ͻ�*/ , DEL_YN /*�������� */ 
, PC_TS /*ó���Ͻ� */ , FST_PC_TS /*����ó���Ͻ�*/ , LUPD_CNT /*���������� */ ) VALUES( &apos;testDever&apos; , &apos;testCust&apos; 
, 1 , TO_TIMESTAMP(&apos;00010101 0101&apos;,&apos;YYYYMMDD HH24MI&apos;) , &apos;testJobCd&apos; , &apos;N&apos; , TO_TIMESTAMP(&apos;00010101 
000000.000000&apos;,&apos;YYYYMMDD HH24MISS.FF6&apos;) , &apos;N&apos; , SYSTIMESTAMP , SYSTIMESTAMP , 1 ) 
 {executed in 78 msec}
INFO : jdbc.audit - 140. PreparedStatement.execute() returned false
INFO : jdbc.audit - 140. PreparedStatement.getUpdateCount() returned 1
INFO : jdbc.audit - 140. PreparedStatement.close() returned 
INFO : jdbc.connection - 140. Connection closed
INFO : jdbc.audit - 140. Connection.close() returned 
INFO : jdbc.connection - 141. Connection opened
INFO : jdbc.audit - 141. Connection.new Connection returned 
INFO : jdbc.audit - 141. Connection.getAutoCommit() returned true
INFO : jdbc.audit - 141. Connection.setAutoCommit(false) returned 
INFO : org.springframework.test.context.transaction.TransactionContext - Began transaction (1) for test context [DefaultTestContext@fe9c29 testClass = TestAlarmDao, testInstance = com.pro.alarm.TestAlarmDao@9803c2, testMethod = test1000_CRUD_job_sch@TestAlarmDao, testException = [null], mergedContextConfiguration = [MergedContextConfiguration@2c1e93 testClass = TestAlarmDao, locations = &apos;{classpath:test-context.xml}&apos;, classes = &apos;{}&apos;, contextInitializerClasses = &apos;[]&apos;, activeProfiles = &apos;{}&apos;, propertySourceLocations = &apos;{}&apos;, propertySourceProperties = &apos;{}&apos;, contextCustomizers = set[[empty]], contextLoader = &apos;org.springframework.test.context.support.DelegatingSmartContextLoader&apos;, parent = [null]]]; transaction manager [org.springframework.jdbc.datasource.DataSourceTransactionManager@f22995]; rollback [true]
INFO : jdbc.audit - 141. Connection.getAutoCommit() returned false
INFO : jdbc.audit - 141. PreparedStatement.new PreparedStatement returned 
INFO : jdbc.audit - 141. Connection.prepareStatement(SELECT 	NVL(MAX(SQNO),0) + 1 AS SQNO 
		FROM 	TS001_JOB_SCH 
		WHERE 	DEVER_ID	= ?
		AND		CUST_ID		= ?) returned net.sf.log4jdbc.sql.jdbcapi.PreparedStatementSpy@974942
INFO : jdbc.audit - 141. PreparedStatement.setString(1, &quot;amaco78&quot;) returned 
INFO : jdbc.audit - 141. PreparedStatement.setString(2, &quot;aaa999&quot;) returned 
INFO : jdbc.sqlonly - SELECT NVL(MAX(SQNO),0) + 1 AS SQNO FROM TS001_JOB_SCH WHERE DEVER_ID = &apos;amaco78&apos; AND CUST_ID 
= &apos;aaa999&apos; 

INFO : jdbc.sqltiming - SELECT NVL(MAX(SQNO),0) + 1 AS SQNO FROM TS001_JOB_SCH WHERE DEVER_ID = &apos;amaco78&apos; AND CUST_ID 
= &apos;aaa999&apos; 
 {executed in 0 msec}
INFO : jdbc.audit - 141. PreparedStatement.execute() returned true
INFO : jdbc.resultset - 141. ResultSet.new ResultSet returned 
INFO : jdbc.audit - 141. PreparedStatement.getResultSet() returned net.sf.log4jdbc.sql.jdbcapi.ResultSetSpy@ea9d2d
INFO : jdbc.resultset - 141. ResultSet.getMetaData() returned oracle.jdbc.driver.OracleResultSetMetaData@921b21
INFO : jdbc.resultset - 141. ResultSet.getType() returned 1003
INFO : jdbc.resultset - 141. ResultSet.next() returned true
INFO : jdbc.resultset - 141. ResultSet.getInt(SQNO) returned 1
INFO : jdbc.resultset - 141. ResultSet.wasNull() returned false
INFO : jdbc.resultsettable - 
|-----|
|sqno |
|-----|
|1    |
|-----|

INFO : jdbc.resultset - 141. ResultSet.next() returned false
INFO : jdbc.resultset - 141. ResultSet.close() returned void
INFO : jdbc.audit - 141. PreparedStatement.getConnection() returned net.sf.log4jdbc.sql.jdbcapi.ConnectionSpy@1d2f5a9
INFO : jdbc.audit - 141. Connection.getMetaData() returned oracle.jdbc.driver.OracleDatabaseMetaData@14960c8
INFO : jdbc.audit - 141. PreparedStatement.close() returned 
INFO : jdbc.audit - 141. PreparedStatement.new PreparedStatement returned 
INFO : jdbc.audit - 141. Connection.prepareStatement(INSERT INTO	TS001_JOB_SCH(
							  DEVER_ID 	   /*������ID	*/
							, CUST_ID	   /*��ID  */
							, SQNO		   /*�Ϸù�ȣ  */
							, SET_TM	   /*�����ð�  */
							, JOB_CD	   /*�۾��ڵ�  */
							, CHK_YN	   /*Ȯ�ο���  */
							, LST_CHK_TS   /*����Ȯ���Ͻ�*/
							 
							 
							 
							, DEL_YN	   /*��������  */
							, PC_TS		   /*ó���Ͻ�  */
							, FST_PC_TS	   /*����ó���Ͻ�*/
							, LUPD_CNT	   /*���������� */
							)
					VALUES(
							  ?
							, ?
							, ?
							, TO_TIMESTAMP(?,&apos;YYYYMMDD HH24MI&apos;)
							, ?
							, &apos;N&apos;
							, TO_TIMESTAMP(&apos;00010101 000000.000000&apos;,&apos;YYYYMMDD HH24MISS.FF6&apos;)
							 
							 
							 
							, &apos;N&apos;
							, SYSTIMESTAMP
							, SYSTIMESTAMP
							, 1
							)) returned net.sf.log4jdbc.sql.jdbcapi.PreparedStatementSpy@1808fb9
INFO : jdbc.audit - 141. PreparedStatement.setString(1, &quot;amaco78&quot;) returned 
INFO : jdbc.audit - 141. PreparedStatement.setString(2, &quot;aaa999&quot;) returned 
INFO : jdbc.audit - 141. PreparedStatement.setInt(3, 1) returned 
INFO : jdbc.audit - 141. PreparedStatement.setString(4, &quot;00010101 1300&quot;) returned 
INFO : jdbc.audit - 141. PreparedStatement.setString(5, &quot;testJobCd&quot;) returned 
INFO : jdbc.sqlonly - INSERT INTO TS001_JOB_SCH( DEVER_ID /*������ID */ , CUST_ID /*��ID */ , SQNO /*�Ϸù�ȣ */ , SET_TM 
/*�����ð� */ , JOB_CD /*�۾��ڵ� */ , CHK_YN /*Ȯ�ο��� */ , LST_CHK_TS /*����Ȯ���Ͻ�*/ , DEL_YN /*�������� */ 
, PC_TS /*ó���Ͻ� */ , FST_PC_TS /*����ó���Ͻ�*/ , LUPD_CNT /*���������� */ ) VALUES( &apos;amaco78&apos; , &apos;aaa999&apos; 
, 1 , TO_TIMESTAMP(&apos;00010101 1300&apos;,&apos;YYYYMMDD HH24MI&apos;) , &apos;testJobCd&apos; , &apos;N&apos; , TO_TIMESTAMP(&apos;00010101 
000000.000000&apos;,&apos;YYYYMMDD HH24MISS.FF6&apos;) , &apos;N&apos; , SYSTIMESTAMP , SYSTIMESTAMP , 1 ) 

INFO : jdbc.sqltiming - INSERT INTO TS001_JOB_SCH( DEVER_ID /*������ID */ , CUST_ID /*��ID */ , SQNO /*�Ϸù�ȣ */ , SET_TM 
/*�����ð� */ , JOB_CD /*�۾��ڵ� */ , CHK_YN /*Ȯ�ο��� */ , LST_CHK_TS /*����Ȯ���Ͻ�*/ , DEL_YN /*�������� */ 
, PC_TS /*ó���Ͻ� */ , FST_PC_TS /*����ó���Ͻ�*/ , LUPD_CNT /*���������� */ ) VALUES( &apos;amaco78&apos; , &apos;aaa999&apos; 
, 1 , TO_TIMESTAMP(&apos;00010101 1300&apos;,&apos;YYYYMMDD HH24MI&apos;) , &apos;testJobCd&apos; , &apos;N&apos; , TO_TIMESTAMP(&apos;00010101 
000000.000000&apos;,&apos;YYYYMMDD HH24MISS.FF6&apos;) , &apos;N&apos; , SYSTIMESTAMP , SYSTIMESTAMP , 1 ) 
 {executed in 16 msec}
INFO : jdbc.audit - 141. PreparedStatement.execute() returned false
INFO : jdbc.audit - 141. PreparedStatement.getUpdateCount() returned 1
INFO : jdbc.audit - 141. PreparedStatement.close() returned 
INFO : jdbc.audit - 141. PreparedStatement.new PreparedStatement returned 
INFO : jdbc.audit - 141. Connection.prepareStatement(SELECT 	  DEVER_ID 	   												/*������ID*/
				, CUST_ID	  							 					/*��ID  */
				, SQNO		   												/*�Ϸù�ȣ  */
				, TO_CHAR(SET_TM,&apos;YYYYMMDD HH24MISS&apos;) AS SET_TM	 	  		/*�����ð�  */
				, JOB_CD	   												/*�۾��ڵ�  */
				, CHK_YN	   												/*Ȯ�ο���  */
				, TO_CHAR(LST_CHK_TS,&apos;YYYYMMDD HH24MISS.FF6&apos;) AS LST_CHK_TS /*����Ȯ���Ͻ�*/
				, WK_ITV_RULE                                               /*�ְ���Ģ*/
				, ST_MTH                                                    /*���ۿ�*/
				, ED_MTH                                                    /*�����*/
				, DEL_YN	   												/*��������  */
				, TO_CHAR(PC_TS,&apos;YYYYMMDD HH24MISS.FF6&apos;) AS PC_TS			/*ó���Ͻ�*/
				, TO_CHAR(FST_PC_TS,&apos;YYYYMMDD HH24MISS.FF6&apos;) AS FST_PC_TS	/*����ó���Ͻ�*/
				, LUPD_CNT	   												/*���������� */
		FROM	TS001_JOB_SCH
		 WHERE DEVER_ID 		= ?
			AND CUST_ID 	= ?
			AND SQNO 		= ?
			AND SET_TM 	= TO_TIMESTAMP(?,&apos;YYYYMMDD HH24MI&apos;)
			AND JOB_CD 	= ?
			
			
			
			
			
			
			
			
			AND LUPD_CNT 	= ?) returned net.sf.log4jdbc.sql.jdbcapi.PreparedStatementSpy@13bd77b
INFO : jdbc.audit - 141. PreparedStatement.setString(1, &quot;amaco78&quot;) returned 
INFO : jdbc.audit - 141. PreparedStatement.setString(2, &quot;aaa999&quot;) returned 
INFO : jdbc.audit - 141. PreparedStatement.setInt(3, 1) returned 
INFO : jdbc.audit - 141. PreparedStatement.setString(4, &quot;00010101 1300&quot;) returned 
INFO : jdbc.audit - 141. PreparedStatement.setString(5, &quot;testJobCd&quot;) returned 
INFO : jdbc.audit - 141. PreparedStatement.setInt(6, 1) returned 
INFO : jdbc.sqlonly - SELECT DEVER_ID /*������ID*/ , CUST_ID /*��ID */ , SQNO /*�Ϸù�ȣ */ , TO_CHAR(SET_TM,&apos;YYYYMMDD HH24MISS&apos;) 
AS SET_TM /*�����ð� */ , JOB_CD /*�۾��ڵ� */ , CHK_YN /*Ȯ�ο��� */ , TO_CHAR(LST_CHK_TS,&apos;YYYYMMDD HH24MISS.FF6&apos;) 
AS LST_CHK_TS /*����Ȯ���Ͻ�*/ , WK_ITV_RULE /*�ְ���Ģ*/ , ST_MTH /*���ۿ�*/ , ED_MTH /*�����*/ , DEL_YN 
/*�������� */ , TO_CHAR(PC_TS,&apos;YYYYMMDD HH24MISS.FF6&apos;) AS PC_TS /*ó���Ͻ�*/ , TO_CHAR(FST_PC_TS,&apos;YYYYMMDD 
HH24MISS.FF6&apos;) AS FST_PC_TS /*����ó���Ͻ�*/ , LUPD_CNT /*���������� */ FROM TS001_JOB_SCH WHERE DEVER_ID 
= &apos;amaco78&apos; AND CUST_ID = &apos;aaa999&apos; AND SQNO = 1 AND SET_TM = TO_TIMESTAMP(&apos;00010101 1300&apos;,&apos;YYYYMMDD 
HH24MI&apos;) AND JOB_CD = &apos;testJobCd&apos; AND LUPD_CNT = 1 

INFO : jdbc.sqltiming - SELECT DEVER_ID /*������ID*/ , CUST_ID /*��ID */ , SQNO /*�Ϸù�ȣ */ , TO_CHAR(SET_TM,&apos;YYYYMMDD HH24MISS&apos;) 
AS SET_TM /*�����ð� */ , JOB_CD /*�۾��ڵ� */ , CHK_YN /*Ȯ�ο��� */ , TO_CHAR(LST_CHK_TS,&apos;YYYYMMDD HH24MISS.FF6&apos;) 
AS LST_CHK_TS /*����Ȯ���Ͻ�*/ , WK_ITV_RULE /*�ְ���Ģ*/ , ST_MTH /*���ۿ�*/ , ED_MTH /*�����*/ , DEL_YN 
/*�������� */ , TO_CHAR(PC_TS,&apos;YYYYMMDD HH24MISS.FF6&apos;) AS PC_TS /*ó���Ͻ�*/ , TO_CHAR(FST_PC_TS,&apos;YYYYMMDD 
HH24MISS.FF6&apos;) AS FST_PC_TS /*����ó���Ͻ�*/ , LUPD_CNT /*���������� */ FROM TS001_JOB_SCH WHERE DEVER_ID 
= &apos;amaco78&apos; AND CUST_ID = &apos;aaa999&apos; AND SQNO = 1 AND SET_TM = TO_TIMESTAMP(&apos;00010101 1300&apos;,&apos;YYYYMMDD 
HH24MI&apos;) AND JOB_CD = &apos;testJobCd&apos; AND LUPD_CNT = 1 
 {executed in 0 msec}
INFO : jdbc.audit - 141. PreparedStatement.execute() returned true
INFO : jdbc.resultset - 141. ResultSet.new ResultSet returned 
INFO : jdbc.audit - 141. PreparedStatement.getResultSet() returned net.sf.log4jdbc.sql.jdbcapi.ResultSetSpy@1580b88
INFO : jdbc.resultset - 141. ResultSet.getMetaData() returned oracle.jdbc.driver.OracleResultSetMetaData@191790b
INFO : jdbc.resultset - 141. ResultSet.getType() returned 1003
INFO : jdbc.resultset - 141. ResultSet.next() returned true
INFO : jdbc.resultset - 141. ResultSet.getString(DEVER_ID) returned amaco78
INFO : jdbc.resultset - 141. ResultSet.wasNull() returned false
INFO : jdbc.resultset - 141. ResultSet.getString(CUST_ID) returned aaa999
INFO : jdbc.resultset - 141. ResultSet.wasNull() returned false
INFO : jdbc.resultset - 141. ResultSet.getInt(SQNO) returned 1
INFO : jdbc.resultset - 141. ResultSet.wasNull() returned false
INFO : jdbc.resultset - 141. ResultSet.getString(SET_TM) returned 00010101 130000
INFO : jdbc.resultset - 141. ResultSet.wasNull() returned false
INFO : jdbc.resultset - 141. ResultSet.getString(JOB_CD) returned testJobCd
INFO : jdbc.resultset - 141. ResultSet.wasNull() returned false
INFO : jdbc.resultset - 141. ResultSet.getString(CHK_YN) returned N
INFO : jdbc.resultset - 141. ResultSet.wasNull() returned false
INFO : jdbc.resultset - 141. ResultSet.getString(LST_CHK_TS) returned 00010101 000000.000000
INFO : jdbc.resultset - 141. ResultSet.wasNull() returned false
INFO : jdbc.resultset - 141. ResultSet.getString(WK_ITV_RULE) returned 1111100
INFO : jdbc.resultset - 141. ResultSet.wasNull() returned false
INFO : jdbc.resultset - 141. ResultSet.getString(ST_MTH) returned 01
INFO : jdbc.resultset - 141. ResultSet.wasNull() returned false
INFO : jdbc.resultset - 141. ResultSet.getString(ED_MTH) returned 12
INFO : jdbc.resultset - 141. ResultSet.wasNull() returned false
INFO : jdbc.resultset - 141. ResultSet.getString(DEL_YN) returned N
INFO : jdbc.resultset - 141. ResultSet.wasNull() returned false
INFO : jdbc.resultset - 141. ResultSet.getString(PC_TS) returned 20180520 031333.736000
INFO : jdbc.resultset - 141. ResultSet.wasNull() returned false
INFO : jdbc.resultset - 141. ResultSet.getString(FST_PC_TS) returned 20180520 031333.736000
INFO : jdbc.resultset - 141. ResultSet.wasNull() returned false
INFO : jdbc.resultset - 141. ResultSet.getInt(LUPD_CNT) returned 1
INFO : jdbc.resultset - 141. ResultSet.wasNull() returned false
INFO : jdbc.resultsettable - 
|---------|--------|-----|----------------|----------|-------|-----------------------|------------|-------|-------|-------|-----------------------|-----------------------|---------|
|dever_id |cust_id |sqno |set_tm          |job_cd    |chk_yn |lst_chk_ts             |wk_itv_rule |st_mth |ed_mth |del_yn |pc_ts                  |fst_pc_ts              |lupd_cnt |
|---------|--------|-----|----------------|----------|-------|-----------------------|------------|-------|-------|-------|-----------------------|-----------------------|---------|
|amaco78  |aaa999  |1    |00010101 130000 |testJobCd |N      |00010101 000000.000000 |1111100     |01     |12     |N      |20180520 031333.736000 |20180520 031333.736000 |1        |
|---------|--------|-----|----------------|----------|-------|-----------------------|------------|-------|-------|-------|-----------------------|-----------------------|---------|

INFO : jdbc.resultset - 141. ResultSet.next() returned false
INFO : jdbc.resultset - 141. ResultSet.close() returned void
INFO : jdbc.audit - 141. PreparedStatement.getConnection() returned net.sf.log4jdbc.sql.jdbcapi.ConnectionSpy@1d2f5a9
INFO : jdbc.audit - 141. Connection.getMetaData() returned oracle.jdbc.driver.OracleDatabaseMetaData@14960c8
INFO : jdbc.audit - 141. PreparedStatement.close() returned 
INFO : jdbc.audit - 141. PreparedStatement.new PreparedStatement returned 
INFO : jdbc.audit - 141. Connection.prepareStatement(UPDATE	TS001_JOB_SCH
		 SET SET_TM 		= TO_TIMESTAMP(?,&apos;YYYYMMDD HH24MI&apos;)
			, JOB_CD 		= ?
			
			
			
			
			
			
			, PC_TS 		= SYSTIMESTAMP 
		WHERE   DEVER_ID    = ?
		AND     CUST_ID     = ?
		AND     SQNO        = ?
		AND		DEL_YN			= &apos;N&apos;) returned net.sf.log4jdbc.sql.jdbcapi.PreparedStatementSpy@6fce47
INFO : jdbc.audit - 141. PreparedStatement.setString(1, &quot;00010101 1300&quot;) returned 
INFO : jdbc.audit - 141. PreparedStatement.setString(2, &quot;testJobCd&quot;) returned 
INFO : jdbc.audit - 141. PreparedStatement.setString(3, &quot;amaco78&quot;) returned 
INFO : jdbc.audit - 141. PreparedStatement.setString(4, &quot;aaa999&quot;) returned 
INFO : jdbc.audit - 141. PreparedStatement.setInt(5, 1) returned 
INFO : jdbc.sqlonly - UPDATE TS001_JOB_SCH SET SET_TM = TO_TIMESTAMP(&apos;00010101 1300&apos;,&apos;YYYYMMDD HH24MI&apos;) , JOB_CD 
= &apos;testJobCd&apos; , PC_TS = SYSTIMESTAMP WHERE DEVER_ID = &apos;amaco78&apos; AND CUST_ID = &apos;aaa999&apos; AND 
SQNO = 1 AND DEL_YN = &apos;N&apos; 

INFO : jdbc.sqltiming - UPDATE TS001_JOB_SCH SET SET_TM = TO_TIMESTAMP(&apos;00010101 1300&apos;,&apos;YYYYMMDD HH24MI&apos;) , JOB_CD 
= &apos;testJobCd&apos; , PC_TS = SYSTIMESTAMP WHERE DEVER_ID = &apos;amaco78&apos; AND CUST_ID = &apos;aaa999&apos; AND 
SQNO = 1 AND DEL_YN = &apos;N&apos; 
 {executed in 0 msec}
INFO : jdbc.audit - 141. PreparedStatement.execute() returned false
INFO : jdbc.audit - 141. PreparedStatement.getUpdateCount() returned 1
INFO : jdbc.audit - 141. PreparedStatement.close() returned 
INFO : jdbc.audit - 141. PreparedStatement.new PreparedStatement returned 
INFO : jdbc.audit - 141. Connection.prepareStatement(DELETE 
		FROM    TS001_JOB_SCH 
		WHERE   DEVER_ID    = ?
		AND     CUST_ID     = ?
		AND     SQNO        = ?
		AND		LUPD_CNT	= ?) returned net.sf.log4jdbc.sql.jdbcapi.PreparedStatementSpy@1c64cfe
INFO : jdbc.audit - 141. PreparedStatement.setString(1, &quot;amaco78&quot;) returned 
INFO : jdbc.audit - 141. PreparedStatement.setString(2, &quot;aaa999&quot;) returned 
INFO : jdbc.audit - 141. PreparedStatement.setInt(3, 1) returned 
INFO : jdbc.audit - 141. PreparedStatement.setInt(4, 1) returned 
INFO : jdbc.sqlonly - DELETE FROM TS001_JOB_SCH WHERE DEVER_ID = &apos;amaco78&apos; AND CUST_ID = &apos;aaa999&apos; AND SQNO = 1 AND 
LUPD_CNT = 1 

INFO : jdbc.sqltiming - DELETE FROM TS001_JOB_SCH WHERE DEVER_ID = &apos;amaco78&apos; AND CUST_ID = &apos;aaa999&apos; AND SQNO = 1 AND 
LUPD_CNT = 1 
 {executed in 0 msec}
INFO : jdbc.audit - 141. PreparedStatement.execute() returned false
INFO : jdbc.audit - 141. PreparedStatement.getUpdateCount() returned 1
INFO : jdbc.audit - 141. PreparedStatement.close() returned 
INFO : com.pro.alarm.TestAlarmDao - ������ TBL JOB_SCH CRUD unit test passed.
INFO : jdbc.audit - 141. Connection.rollback() returned 
INFO : jdbc.audit - 141. Connection.setAutoCommit(true) returned 
INFO : jdbc.audit - 141. Connection.isReadOnly() returned false
INFO : jdbc.connection - 141. Connection closed
INFO : jdbc.audit - 141. Connection.close() returned 
INFO : org.springframework.test.context.transaction.TransactionContext - Rolled back transaction for test context [DefaultTestContext@fe9c29 testClass = TestAlarmDao, testInstance = com.pro.alarm.TestAlarmDao@9803c2, testMethod = test1000_CRUD_job_sch@TestAlarmDao, testException = [null], mergedContextConfiguration = [MergedContextConfiguration@2c1e93 testClass = TestAlarmDao, locations = &apos;{classpath:test-context.xml}&apos;, classes = &apos;{}&apos;, contextInitializerClasses = &apos;[]&apos;, activeProfiles = &apos;{}&apos;, propertySourceLocations = &apos;{}&apos;, propertySourceProperties = &apos;{}&apos;, contextCustomizers = set[[empty]], contextLoader = &apos;org.springframework.test.context.support.DelegatingSmartContextLoader&apos;, parent = [null]]].
ERROR: org.springframework.test.context.transaction.TransactionalTestExecutionListener - Exception encountered while executing @AfterTransaction method [public void com.pro.alarm.TestAlarmDao.afterTransaction() throws java.lang.Exception] for test context [DefaultTestContext@fe9c29 testClass = TestAlarmDao, testInstance = com.pro.alarm.TestAlarmDao@9803c2, testMethod = test1000_CRUD_job_sch@TestAlarmDao, testException = [null], mergedContextConfiguration = [MergedContextConfiguration@2c1e93 testClass = TestAlarmDao, locations = &apos;{classpath:test-context.xml}&apos;, classes = &apos;{}&apos;, contextInitializerClasses = &apos;[]&apos;, activeProfiles = &apos;{}&apos;, propertySourceLocations = &apos;{}&apos;, propertySourceProperties = &apos;{}&apos;, contextCustomizers = set[[empty]], contextLoader = &apos;org.springframework.test.context.support.DelegatingSmartContextLoader&apos;, parent = [null]]]
org.mybatis.spring.MyBatisSystemException: nested exception is org.apache.ibatis.exceptions.PersistenceException: 
### Error updating database.  Cause: org.springframework.jdbc.CannotGetJdbcConnectionException: Could not get JDBC Connection; nested exception is java.sql.SQLRecoverableException: ���Ͽ��� ���� �����Ͱ� �����ϴ�
### Cause: org.springframework.jdbc.CannotGetJdbcConnectionException: Could not get JDBC Connection; nested exception is java.sql.SQLRecoverableException: ���Ͽ��� ���� �����Ͱ� �����ϴ�
	at org.mybatis.spring.MyBatisExceptionTranslator.translateExceptionIfPossible(MyBatisExceptionTranslator.java:79)
	at org.mybatis.spring.SqlSessionTemplate$SqlSessionInterceptor.invoke(SqlSessionTemplate.java:447)
	at com.sun.proxy.$Proxy28.delete(Unknown Source)
	at org.mybatis.spring.SqlSessionTemplate.delete(SqlSessionTemplate.java:311)
	at org.apache.ibatis.binding.MapperMethod.execute(MapperMethod.java:67)
	at org.apache.ibatis.binding.MapperProxy.invoke(MapperProxy.java:59)
	at com.sun.proxy.$Proxy43.delJobSch(Unknown Source)
	at com.pro.alarm.dao.AlarmDaoImpl.delJobSch(AlarmDaoImpl.java:64)
	at com.pro.alarm.TestAlarmDao.afterTransaction(TestAlarmDao.java:135)
	at sun.reflect.NativeMethodAccessorImpl.invoke0(Native Method)
	at sun.reflect.NativeMethodAccessorImpl.invoke(NativeMethodAccessorImpl.java:62)
	at sun.reflect.DelegatingMethodAccessorImpl.invoke(DelegatingMethodAccessorImpl.java:43)
	at java.lang.reflect.Method.invoke(Method.java:497)
	at org.springframework.test.context.transaction.TransactionalTestExecutionListener.runAfterTransactionMethods(TransactionalTestExecutionListener.java:283)
	at org.springframework.test.context.transaction.TransactionalTestExecutionListener.afterTestMethod(TransactionalTestExecutionListener.java:231)
	at org.springframework.test.context.TestContextManager.afterTestMethod(TestContextManager.java:319)
	at org.springframework.test.context.junit4.statements.RunAfterTestMethodCallbacks.evaluate(RunAfterTestMethodCallbacks.java:94)
	at org.springframework.test.context.junit4.statements.SpringRepeat.evaluate(SpringRepeat.java:84)
	at org.junit.runners.ParentRunner.runLeaf(ParentRunner.java:325)
	at org.springframework.test.context.junit4.SpringJUnit4ClassRunner.runChild(SpringJUnit4ClassRunner.java:252)
	at org.springframework.test.context.junit4.SpringJUnit4ClassRunner.runChild(SpringJUnit4ClassRunner.java:94)
	at org.junit.runners.ParentRunner$3.run(ParentRunner.java:290)
	at org.junit.runners.ParentRunner$1.schedule(ParentRunner.java:71)
	at org.junit.runners.ParentRunner.runChildren(ParentRunner.java:288)
	at org.junit.runners.ParentRunner.access$000(ParentRunner.java:58)
	at org.junit.runners.ParentRunner$2.evaluate(ParentRunner.java:268)
	at org.springframework.test.context.junit4.statements.RunBeforeTestClassCallbacks.evaluate(RunBeforeTestClassCallbacks.java:61)
	at org.springframework.test.context.junit4.statements.RunAfterTestClassCallbacks.evaluate(RunAfterTestClassCallbacks.java:70)
	at org.junit.runners.ParentRunner.run(ParentRunner.java:363)
	at org.springframework.test.context.junit4.SpringJUnit4ClassRunner.run(SpringJUnit4ClassRunner.java:191)
	at org.junit.runners.Suite.runChild(Suite.java:128)
	at org.junit.runners.Suite.runChild(Suite.java:27)
	at org.junit.runners.ParentRunner$3.run(ParentRunner.java:290)
	at org.junit.runners.ParentRunner$1.schedule(ParentRunner.java:71)
	at org.junit.runners.ParentRunner.runChildren(ParentRunner.java:288)
	at org.junit.runners.ParentRunner.access$000(ParentRunner.java:58)
	at org.junit.runners.ParentRunner$2.evaluate(ParentRunner.java:268)
	at org.junit.runners.ParentRunner.run(ParentRunner.java:363)
	at org.apache.maven.surefire.junit4.JUnit4Provider.execute(JUnit4Provider.java:252)
	at org.apache.maven.surefire.junit4.JUnit4Provider.executeTestSet(JUnit4Provider.java:141)
	at org.apache.maven.surefire.junit4.JUnit4Provider.invoke(JUnit4Provider.java:112)
	at sun.reflect.NativeMethodAccessorImpl.invoke0(Native Method)
	at sun.reflect.NativeMethodAccessorImpl.invoke(NativeMethodAccessorImpl.java:62)
	at sun.reflect.DelegatingMethodAccessorImpl.invoke(DelegatingMethodAccessorImpl.java:43)
	at java.lang.reflect.Method.invoke(Method.java:497)
	at org.apache.maven.surefire.util.ReflectionUtils.invokeMethodWithArray(ReflectionUtils.java:189)
	at org.apache.maven.surefire.booter.ProviderFactory$ProviderProxy.invoke(ProviderFactory.java:165)
	at org.apache.maven.surefire.booter.ProviderFactory.invokeProvider(ProviderFactory.java:85)
	at org.apache.maven.surefire.booter.ForkedBooter.runSuitesInProcess(ForkedBooter.java:115)
	at org.apache.maven.surefire.booter.ForkedBooter.main(ForkedBooter.java:75)
Caused by: org.apache.ibatis.exceptions.PersistenceException: 
### Error updating database.  Cause: org.springframework.jdbc.CannotGetJdbcConnectionException: Could not get JDBC Connection; nested exception is java.sql.SQLRecoverableException: ���Ͽ��� ���� �����Ͱ� �����ϴ�
### Cause: org.springframework.jdbc.CannotGetJdbcConnectionException: Could not get JDBC Connection; nested exception is java.sql.SQLRecoverableException: ���Ͽ��� ���� �����Ͱ� �����ϴ�
	at org.apache.ibatis.exceptions.ExceptionFactory.wrapException(ExceptionFactory.java:30)
	at org.apache.ibatis.session.defaults.DefaultSqlSession.update(DefaultSqlSession.java:200)
	at org.apache.ibatis.session.defaults.DefaultSqlSession.delete(DefaultSqlSession.java:213)
	at sun.reflect.GeneratedMethodAccessor40.invoke(Unknown Source)
	at sun.reflect.DelegatingMethodAccessorImpl.invoke(DelegatingMethodAccessorImpl.java:43)
	at java.lang.reflect.Method.invoke(Method.java:497)
	at org.mybatis.spring.SqlSessionTemplate$SqlSessionInterceptor.invoke(SqlSessionTemplate.java:434)
	... 48 more
Caused by: org.springframework.jdbc.CannotGetJdbcConnectionException: Could not get JDBC Connection; nested exception is java.sql.SQLRecoverableException: ���Ͽ��� ���� �����Ͱ� �����ϴ�
	at org.springframework.jdbc.datasource.DataSourceUtils.getConnection(DataSourceUtils.java:80)
	at org.mybatis.spring.transaction.SpringManagedTransaction.openConnection(SpringManagedTransaction.java:84)
	at org.mybatis.spring.transaction.SpringManagedTransaction.getConnection(SpringManagedTransaction.java:70)
	at org.apache.ibatis.executor.BaseExecutor.getConnection(BaseExecutor.java:336)
	at org.apache.ibatis.executor.SimpleExecutor.prepareStatement(SimpleExecutor.java:84)
	at org.apache.ibatis.executor.SimpleExecutor.doUpdate(SimpleExecutor.java:49)
	at org.apache.ibatis.executor.BaseExecutor.update(BaseExecutor.java:117)
	at org.apache.ibatis.executor.CachingExecutor.update(CachingExecutor.java:76)
	at org.apache.ibatis.session.defaults.DefaultSqlSession.update(DefaultSqlSession.java:198)
	... 53 more
Caused by: java.sql.SQLRecoverableException: ���Ͽ��� ���� �����Ͱ� �����ϴ�
	at oracle.jdbc.driver.T4CMAREngine.unmarshalUB1(T4CMAREngine.java:1157)
	at oracle.jdbc.driver.T4C8TTIpro.receive(T4C8TTIpro.java:129)
	at oracle.jdbc.driver.T4CConnection.connect(T4CConnection.java:1162)
	at oracle.jdbc.driver.T4CConnection.logon(T4CConnection.java:340)
	at oracle.jdbc.driver.PhysicalConnection.&lt;init&gt;(PhysicalConnection.java:553)
	at oracle.jdbc.driver.T4CConnection.&lt;init&gt;(T4CConnection.java:254)
	at oracle.jdbc.driver.T4CDriverExtension.getConnection(T4CDriverExtension.java:32)
	at oracle.jdbc.driver.OracleDriver.connect(OracleDriver.java:528)
	at net.sf.log4jdbc.sql.jdbcapi.DriverSpy.connect(DriverSpy.java:399)
	at java.sql.DriverManager.getConnection(DriverManager.java:664)
	at java.sql.DriverManager.getConnection(DriverManager.java:208)
	at org.springframework.jdbc.datasource.DriverManagerDataSource.getConnectionFromDriverManager(DriverManagerDataSource.java:153)
	at org.springframework.jdbc.datasource.DriverManagerDataSource.getConnectionFromDriver(DriverManagerDataSource.java:144)
	at org.springframework.jdbc.datasource.AbstractDriverBasedDataSource.getConnectionFromDriver(AbstractDriverBasedDataSource.java:196)
	at org.springframework.jdbc.datasource.AbstractDriverBasedDataSource.getConnection(AbstractDriverBasedDataSource.java:159)
	at org.springframework.jdbc.datasource.DataSourceUtils.doGetConnection(DataSourceUtils.java:111)
	at org.springframework.jdbc.datasource.DataSourceUtils.getConnection(DataSourceUtils.java:77)
	... 61 more
WARN : org.springframework.test.context.TestContextManager - Caught exception while allowing TestExecutionListener [org.springframework.test.context.transaction.TransactionalTestExecutionListener@faa93b] to process &apos;after&apos; execution for test: method [public void com.pro.alarm.TestAlarmDao.test1000_CRUD_job_sch() throws java.lang.Exception], instance [com.pro.alarm.TestAlarmDao@9803c2], exception [null]
org.mybatis.spring.MyBatisSystemException: nested exception is org.apache.ibatis.exceptions.PersistenceException: 
### Error updating database.  Cause: org.springframework.jdbc.CannotGetJdbcConnectionException: Could not get JDBC Connection; nested exception is java.sql.SQLRecoverableException: ���Ͽ��� ���� �����Ͱ� �����ϴ�
### Cause: org.springframework.jdbc.CannotGetJdbcConnectionException: Could not get JDBC Connection; nested exception is java.sql.SQLRecoverableException: ���Ͽ��� ���� �����Ͱ� �����ϴ�
	at org.mybatis.spring.MyBatisExceptionTranslator.translateExceptionIfPossible(MyBatisExceptionTranslator.java:79)
	at org.mybatis.spring.SqlSessionTemplate$SqlSessionInterceptor.invoke(SqlSessionTemplate.java:447)
	at com.sun.proxy.$Proxy28.delete(Unknown Source)
	at org.mybatis.spring.SqlSessionTemplate.delete(SqlSessionTemplate.java:311)
	at org.apache.ibatis.binding.MapperMethod.execute(MapperMethod.java:67)
	at org.apache.ibatis.binding.MapperProxy.invoke(MapperProxy.java:59)
	at com.sun.proxy.$Proxy43.delJobSch(Unknown Source)
	at com.pro.alarm.dao.AlarmDaoImpl.delJobSch(AlarmDaoImpl.java:64)
	at com.pro.alarm.TestAlarmDao.afterTransaction(TestAlarmDao.java:135)
	at sun.reflect.NativeMethodAccessorImpl.invoke0(Native Method)
	at sun.reflect.NativeMethodAccessorImpl.invoke(NativeMethodAccessorImpl.java:62)
	at sun.reflect.DelegatingMethodAccessorImpl.invoke(DelegatingMethodAccessorImpl.java:43)
	at java.lang.reflect.Method.invoke(Method.java:497)
	at org.springframework.test.context.transaction.TransactionalTestExecutionListener.runAfterTransactionMethods(TransactionalTestExecutionListener.java:283)
	at org.springframework.test.context.transaction.TransactionalTestExecutionListener.afterTestMethod(TransactionalTestExecutionListener.java:231)
	at org.springframework.test.context.TestContextManager.afterTestMethod(TestContextManager.java:319)
	at org.springframework.test.context.junit4.statements.RunAfterTestMethodCallbacks.evaluate(RunAfterTestMethodCallbacks.java:94)
	at org.springframework.test.context.junit4.statements.SpringRepeat.evaluate(SpringRepeat.java:84)
	at org.junit.runners.ParentRunner.runLeaf(ParentRunner.java:325)
	at org.springframework.test.context.junit4.SpringJUnit4ClassRunner.runChild(SpringJUnit4ClassRunner.java:252)
	at org.springframework.test.context.junit4.SpringJUnit4ClassRunner.runChild(SpringJUnit4ClassRunner.java:94)
	at org.junit.runners.ParentRunner$3.run(ParentRunner.java:290)
	at org.junit.runners.ParentRunner$1.schedule(ParentRunner.java:71)
	at org.junit.runners.ParentRunner.runChildren(ParentRunner.java:288)
	at org.junit.runners.ParentRunner.access$000(ParentRunner.java:58)
	at org.junit.runners.ParentRunner$2.evaluate(ParentRunner.java:268)
	at org.springframework.test.context.junit4.statements.RunBeforeTestClassCallbacks.evaluate(RunBeforeTestClassCallbacks.java:61)
	at org.springframework.test.context.junit4.statements.RunAfterTestClassCallbacks.evaluate(RunAfterTestClassCallbacks.java:70)
	at org.junit.runners.ParentRunner.run(ParentRunner.java:363)
	at org.springframework.test.context.junit4.SpringJUnit4ClassRunner.run(SpringJUnit4ClassRunner.java:191)
	at org.junit.runners.Suite.runChild(Suite.java:128)
	at org.junit.runners.Suite.runChild(Suite.java:27)
	at org.junit.runners.ParentRunner$3.run(ParentRunner.java:290)
	at org.junit.runners.ParentRunner$1.schedule(ParentRunner.java:71)
	at org.junit.runners.ParentRunner.runChildren(ParentRunner.java:288)
	at org.junit.runners.ParentRunner.access$000(ParentRunner.java:58)
	at org.junit.runners.ParentRunner$2.evaluate(ParentRunner.java:268)
	at org.junit.runners.ParentRunner.run(ParentRunner.java:363)
	at org.apache.maven.surefire.junit4.JUnit4Provider.execute(JUnit4Provider.java:252)
	at org.apache.maven.surefire.junit4.JUnit4Provider.executeTestSet(JUnit4Provider.java:141)
	at org.apache.maven.surefire.junit4.JUnit4Provider.invoke(JUnit4Provider.java:112)
	at sun.reflect.NativeMethodAccessorImpl.invoke0(Native Method)
	at sun.reflect.NativeMethodAccessorImpl.invoke(NativeMethodAccessorImpl.java:62)
	at sun.reflect.DelegatingMethodAccessorImpl.invoke(DelegatingMethodAccessorImpl.java:43)
	at java.lang.reflect.Method.invoke(Method.java:497)
	at org.apache.maven.surefire.util.ReflectionUtils.invokeMethodWithArray(ReflectionUtils.java:189)
	at org.apache.maven.surefire.booter.ProviderFactory$ProviderProxy.invoke(ProviderFactory.java:165)
	at org.apache.maven.surefire.booter.ProviderFactory.invokeProvider(ProviderFactory.java:85)
	at org.apache.maven.surefire.booter.ForkedBooter.runSuitesInProcess(ForkedBooter.java:115)
	at org.apache.maven.surefire.booter.ForkedBooter.main(ForkedBooter.java:75)
Caused by: org.apache.ibatis.exceptions.PersistenceException: 
### Error updating database.  Cause: org.springframework.jdbc.CannotGetJdbcConnectionException: Could not get JDBC Connection; nested exception is java.sql.SQLRecoverableException: ���Ͽ��� ���� �����Ͱ� �����ϴ�
### Cause: org.springframework.jdbc.CannotGetJdbcConnectionException: Could not get JDBC Connection; nested exception is java.sql.SQLRecoverableException: ���Ͽ��� ���� �����Ͱ� �����ϴ�
	at org.apache.ibatis.exceptions.ExceptionFactory.wrapException(ExceptionFactory.java:30)
	at org.apache.ibatis.session.defaults.DefaultSqlSession.update(DefaultSqlSession.java:200)
	at org.apache.ibatis.session.defaults.DefaultSqlSession.delete(DefaultSqlSession.java:213)
	at sun.reflect.GeneratedMethodAccessor40.invoke(Unknown Source)
	at sun.reflect.DelegatingMethodAccessorImpl.invoke(DelegatingMethodAccessorImpl.java:43)
	at java.lang.reflect.Method.invoke(Method.java:497)
	at org.mybatis.spring.SqlSessionTemplate$SqlSessionInterceptor.invoke(SqlSessionTemplate.java:434)
	... 48 more
Caused by: org.springframework.jdbc.CannotGetJdbcConnectionException: Could not get JDBC Connection; nested exception is java.sql.SQLRecoverableException: ���Ͽ��� ���� �����Ͱ� �����ϴ�
	at org.springframework.jdbc.datasource.DataSourceUtils.getConnection(DataSourceUtils.java:80)
	at org.mybatis.spring.transaction.SpringManagedTransaction.openConnection(SpringManagedTransaction.java:84)
	at org.mybatis.spring.transaction.SpringManagedTransaction.getConnection(SpringManagedTransaction.java:70)
	at org.apache.ibatis.executor.BaseExecutor.getConnection(BaseExecutor.java:336)
	at org.apache.ibatis.executor.SimpleExecutor.prepareStatement(SimpleExecutor.java:84)
	at org.apache.ibatis.executor.SimpleExecutor.doUpdate(SimpleExecutor.java:49)
	at org.apache.ibatis.executor.BaseExecutor.update(BaseExecutor.java:117)
	at org.apache.ibatis.executor.CachingExecutor.update(CachingExecutor.java:76)
	at org.apache.ibatis.session.defaults.DefaultSqlSession.update(DefaultSqlSession.java:198)
	... 53 more
Caused by: java.sql.SQLRecoverableException: ���Ͽ��� ���� �����Ͱ� �����ϴ�
	at oracle.jdbc.driver.T4CMAREngine.unmarshalUB1(T4CMAREngine.java:1157)
	at oracle.jdbc.driver.T4C8TTIpro.receive(T4C8TTIpro.java:129)
	at oracle.jdbc.driver.T4CConnection.connect(T4CConnection.java:1162)
	at oracle.jdbc.driver.T4CConnection.logon(T4CConnection.java:340)
	at oracle.jdbc.driver.PhysicalConnection.&lt;init&gt;(PhysicalConnection.java:553)
	at oracle.jdbc.driver.T4CConnection.&lt;init&gt;(T4CConnection.java:254)
	at oracle.jdbc.driver.T4CDriverExtension.getConnection(T4CDriverExtension.java:32)
	at oracle.jdbc.driver.OracleDriver.connect(OracleDriver.java:528)
	at net.sf.log4jdbc.sql.jdbcapi.DriverSpy.connect(DriverSpy.java:399)
	at java.sql.DriverManager.getConnection(DriverManager.java:664)
	at java.sql.DriverManager.getConnection(DriverManager.java:208)
	at org.springframework.jdbc.datasource.DriverManagerDataSource.getConnectionFromDriverManager(DriverManagerDataSource.java:153)
	at org.springframework.jdbc.datasource.DriverManagerDataSource.getConnectionFromDriver(DriverManagerDataSource.java:144)
	at org.springframework.jdbc.datasource.AbstractDriverBasedDataSource.getConnectionFromDriver(AbstractDriverBasedDataSource.java:196)
	at org.springframework.jdbc.datasource.AbstractDriverBasedDataSource.getConnection(AbstractDriverBasedDataSource.java:159)
	at org.springframework.jdbc.datasource.DataSourceUtils.doGetConnection(DataSourceUtils.java:111)
	at org.springframework.jdbc.datasource.DataSourceUtils.getConnection(DataSourceUtils.java:77)
	... 61 more
</system-out>
  </testcase>
  <testcase classname="com.pro.alarm.TestAlarmDao" name="test1001_srchDataChgYnN" time="0.2">
    <error message="nested exception is org.apache.ibatis.executor.ExecutorException: Error selecting key or setting result to parameter object. Cause: org.springframework.jdbc.CannotGetJdbcConnectionException: Could not get JDBC Connection; nested exception is java.sql.SQLRecoverableException: 소켓에서 읽을 데이터가 없습니다" type="org.mybatis.spring.MyBatisSystemException">org.mybatis.spring.MyBatisSystemException: nested exception is org.apache.ibatis.executor.ExecutorException: Error selecting key or setting result to parameter object. Cause: org.springframework.jdbc.CannotGetJdbcConnectionException: Could not get JDBC Connection; nested exception is java.sql.SQLRecoverableException: 소켓에서 읽을 데이터가 없습니다
	at org.mybatis.spring.MyBatisExceptionTranslator.translateExceptionIfPossible(MyBatisExceptionTranslator.java:79)
	at org.mybatis.spring.SqlSessionTemplate$SqlSessionInterceptor.invoke(SqlSessionTemplate.java:447)
	at com.sun.proxy.$Proxy28.insert(Unknown Source)
	at org.mybatis.spring.SqlSessionTemplate.insert(SqlSessionTemplate.java:279)
	at org.apache.ibatis.binding.MapperMethod.execute(MapperMethod.java:57)
	at org.apache.ibatis.binding.MapperProxy.invoke(MapperProxy.java:59)
	at com.sun.proxy.$Proxy43.insJobSch(Unknown Source)
	at com.pro.alarm.dao.AlarmDaoImpl.insJobSch(AlarmDaoImpl.java:52)
	at com.pro.alarm.TestAlarmDao.beforeTransaction(TestAlarmDao.java:49)
	at sun.reflect.NativeMethodAccessorImpl.invoke0(Native Method)
	at sun.reflect.NativeMethodAccessorImpl.invoke(NativeMethodAccessorImpl.java:62)
	at sun.reflect.DelegatingMethodAccessorImpl.invoke(DelegatingMethodAccessorImpl.java:43)
	at java.lang.reflect.Method.invoke(Method.java:497)
	at org.springframework.test.context.transaction.TransactionalTestExecutionListener.runBeforeTransactionMethods(TransactionalTestExecutionListener.java:253)
	at org.springframework.test.context.transaction.TransactionalTestExecutionListener.beforeTestMethod(TransactionalTestExecutionListener.java:202)
	at org.springframework.test.context.TestContextManager.beforeTestMethod(TestContextManager.java:269)
	at org.springframework.test.context.junit4.statements.RunBeforeTestMethodCallbacks.evaluate(RunBeforeTestMethodCallbacks.java:74)
	at org.springframework.test.context.junit4.statements.RunAfterTestMethodCallbacks.evaluate(RunAfterTestMethodCallbacks.java:86)
	at org.springframework.test.context.junit4.statements.SpringRepeat.evaluate(SpringRepeat.java:84)
	at org.junit.runners.ParentRunner.runLeaf(ParentRunner.java:325)
	at org.springframework.test.context.junit4.SpringJUnit4ClassRunner.runChild(SpringJUnit4ClassRunner.java:252)
	at org.springframework.test.context.junit4.SpringJUnit4ClassRunner.runChild(SpringJUnit4ClassRunner.java:94)
	at org.junit.runners.ParentRunner$3.run(ParentRunner.java:290)
	at org.junit.runners.ParentRunner$1.schedule(ParentRunner.java:71)
	at org.junit.runners.ParentRunner.runChildren(ParentRunner.java:288)
	at org.junit.runners.ParentRunner.access$000(ParentRunner.java:58)
	at org.junit.runners.ParentRunner$2.evaluate(ParentRunner.java:268)
	at org.springframework.test.context.junit4.statements.RunBeforeTestClassCallbacks.evaluate(RunBeforeTestClassCallbacks.java:61)
	at org.springframework.test.context.junit4.statements.RunAfterTestClassCallbacks.evaluate(RunAfterTestClassCallbacks.java:70)
	at org.junit.runners.ParentRunner.run(ParentRunner.java:363)
	at org.springframework.test.context.junit4.SpringJUnit4ClassRunner.run(SpringJUnit4ClassRunner.java:191)
	at org.junit.runners.Suite.runChild(Suite.java:128)
	at org.junit.runners.Suite.runChild(Suite.java:27)
	at org.junit.runners.ParentRunner$3.run(ParentRunner.java:290)
	at org.junit.runners.ParentRunner$1.schedule(ParentRunner.java:71)
	at org.junit.runners.ParentRunner.runChildren(ParentRunner.java:288)
	at org.junit.runners.ParentRunner.access$000(ParentRunner.java:58)
	at org.junit.runners.ParentRunner$2.evaluate(ParentRunner.java:268)
	at org.junit.runners.ParentRunner.run(ParentRunner.java:363)
	at org.apache.maven.surefire.junit4.JUnit4Provider.execute(JUnit4Provider.java:252)
	at org.apache.maven.surefire.junit4.JUnit4Provider.executeTestSet(JUnit4Provider.java:141)
	at org.apache.maven.surefire.junit4.JUnit4Provider.invoke(JUnit4Provider.java:112)
	at sun.reflect.NativeMethodAccessorImpl.invoke0(Native Method)
	at sun.reflect.NativeMethodAccessorImpl.invoke(NativeMethodAccessorImpl.java:62)
	at sun.reflect.DelegatingMethodAccessorImpl.invoke(DelegatingMethodAccessorImpl.java:43)
	at java.lang.reflect.Method.invoke(Method.java:497)
	at org.apache.maven.surefire.util.ReflectionUtils.invokeMethodWithArray(ReflectionUtils.java:189)
	at org.apache.maven.surefire.booter.ProviderFactory$ProviderProxy.invoke(ProviderFactory.java:165)
	at org.apache.maven.surefire.booter.ProviderFactory.invokeProvider(ProviderFactory.java:85)
	at org.apache.maven.surefire.booter.ForkedBooter.runSuitesInProcess(ForkedBooter.java:115)
	at org.apache.maven.surefire.booter.ForkedBooter.main(ForkedBooter.java:75)
Caused by: org.apache.ibatis.executor.ExecutorException: Error selecting key or setting result to parameter object. Cause: org.springframework.jdbc.CannotGetJdbcConnectionException: Could not get JDBC Connection; nested exception is java.sql.SQLRecoverableException: 소켓에서 읽을 데이터가 없습니다
	at org.apache.ibatis.executor.keygen.SelectKeyGenerator.processGeneratedKeys(SelectKeyGenerator.java:92)
	at org.apache.ibatis.executor.keygen.SelectKeyGenerator.processBefore(SelectKeyGenerator.java:47)
	at org.apache.ibatis.executor.statement.BaseStatementHandler.generateKeys(BaseStatementHandler.java:141)
	at org.apache.ibatis.executor.statement.BaseStatementHandler.&lt;init&gt;(BaseStatementHandler.java:63)
	at org.apache.ibatis.executor.statement.PreparedStatementHandler.&lt;init&gt;(PreparedStatementHandler.java:40)
	at org.apache.ibatis.executor.statement.RoutingStatementHandler.&lt;init&gt;(RoutingStatementHandler.java:46)
	at org.apache.ibatis.session.Configuration.newStatementHandler(Configuration.java:545)
	at org.apache.ibatis.executor.SimpleExecutor.doUpdate(SimpleExecutor.java:48)
	at org.apache.ibatis.executor.BaseExecutor.update(BaseExecutor.java:117)
	at org.apache.ibatis.executor.CachingExecutor.update(CachingExecutor.java:76)
	at org.apache.ibatis.session.defaults.DefaultSqlSession.update(DefaultSqlSession.java:198)
	at org.apache.ibatis.session.defaults.DefaultSqlSession.insert(DefaultSqlSession.java:185)
	at sun.reflect.GeneratedMethodAccessor35.invoke(Unknown Source)
	at sun.reflect.DelegatingMethodAccessorImpl.invoke(DelegatingMethodAccessorImpl.java:43)
	at java.lang.reflect.Method.invoke(Method.java:497)
	at org.mybatis.spring.SqlSessionTemplate$SqlSessionInterceptor.invoke(SqlSessionTemplate.java:434)
	... 49 more
Caused by: org.springframework.jdbc.CannotGetJdbcConnectionException: Could not get JDBC Connection; nested exception is java.sql.SQLRecoverableException: 소켓에서 읽을 데이터가 없습니다
	at org.springframework.jdbc.datasource.DataSourceUtils.getConnection(DataSourceUtils.java:80)
	at org.mybatis.spring.transaction.SpringManagedTransaction.openConnection(SpringManagedTransaction.java:84)
	at org.mybatis.spring.transaction.SpringManagedTransaction.getConnection(SpringManagedTransaction.java:70)
	at org.apache.ibatis.executor.BaseExecutor.getConnection(BaseExecutor.java:336)
	at org.apache.ibatis.executor.SimpleExecutor.prepareStatement(SimpleExecutor.java:84)
	at org.apache.ibatis.executor.SimpleExecutor.doQuery(SimpleExecutor.java:62)
	at org.apache.ibatis.executor.BaseExecutor.queryFromDatabase(BaseExecutor.java:324)
	at org.apache.ibatis.executor.BaseExecutor.query(BaseExecutor.java:156)
	at org.apache.ibatis.executor.CachingExecutor.query(CachingExecutor.java:109)
	at org.apache.ibatis.executor.CachingExecutor.query(CachingExecutor.java:83)
	at org.apache.ibatis.executor.keygen.SelectKeyGenerator.processGeneratedKeys(SelectKeyGenerator.java:68)
	... 64 more
Caused by: java.sql.SQLRecoverableException: 소켓에서 읽을 데이터가 없습니다
	at oracle.jdbc.driver.T4CMAREngine.unmarshalUB1(T4CMAREngine.java:1157)
	at oracle.jdbc.driver.T4C8TTIpro.receive(T4C8TTIpro.java:129)
	at oracle.jdbc.driver.T4CConnection.connect(T4CConnection.java:1162)
	at oracle.jdbc.driver.T4CConnection.logon(T4CConnection.java:340)
	at oracle.jdbc.driver.PhysicalConnection.&lt;init&gt;(PhysicalConnection.java:553)
	at oracle.jdbc.driver.T4CConnection.&lt;init&gt;(T4CConnection.java:254)
	at oracle.jdbc.driver.T4CDriverExtension.getConnection(T4CDriverExtension.java:32)
	at oracle.jdbc.driver.OracleDriver.connect(OracleDriver.java:528)
	at net.sf.log4jdbc.sql.jdbcapi.DriverSpy.connect(DriverSpy.java:399)
	at java.sql.DriverManager.getConnection(DriverManager.java:664)
	at java.sql.DriverManager.getConnection(DriverManager.java:208)
	at org.springframework.jdbc.datasource.DriverManagerDataSource.getConnectionFromDriverManager(DriverManagerDataSource.java:153)
	at org.springframework.jdbc.datasource.DriverManagerDataSource.getConnectionFromDriver(DriverManagerDataSource.java:144)
	at org.springframework.jdbc.datasource.AbstractDriverBasedDataSource.getConnectionFromDriver(AbstractDriverBasedDataSource.java:196)
	at org.springframework.jdbc.datasource.AbstractDriverBasedDataSource.getConnection(AbstractDriverBasedDataSource.java:159)
	at org.springframework.jdbc.datasource.DataSourceUtils.doGetConnection(DataSourceUtils.java:111)
	at org.springframework.jdbc.datasource.DataSourceUtils.getConnection(DataSourceUtils.java:77)
	... 74 more
</error>
    <system-out>ERROR: org.springframework.test.context.transaction.TransactionalTestExecutionListener - Exception encountered while executing @BeforeTransaction methods for test context [DefaultTestContext@fe9c29 testClass = TestAlarmDao, testInstance = com.pro.alarm.TestAlarmDao@b9fc7d, testMethod = test1001_srchDataChgYnN@TestAlarmDao, testException = [null], mergedContextConfiguration = [MergedContextConfiguration@2c1e93 testClass = TestAlarmDao, locations = &apos;{classpath:test-context.xml}&apos;, classes = &apos;{}&apos;, contextInitializerClasses = &apos;[]&apos;, activeProfiles = &apos;{}&apos;, propertySourceLocations = &apos;{}&apos;, propertySourceProperties = &apos;{}&apos;, contextCustomizers = set[[empty]], contextLoader = &apos;org.springframework.test.context.support.DelegatingSmartContextLoader&apos;, parent = [null]]].
org.mybatis.spring.MyBatisSystemException: nested exception is org.apache.ibatis.executor.ExecutorException: Error selecting key or setting result to parameter object. Cause: org.springframework.jdbc.CannotGetJdbcConnectionException: Could not get JDBC Connection; nested exception is java.sql.SQLRecoverableException: ���Ͽ��� ���� �����Ͱ� �����ϴ�
	at org.mybatis.spring.MyBatisExceptionTranslator.translateExceptionIfPossible(MyBatisExceptionTranslator.java:79)
	at org.mybatis.spring.SqlSessionTemplate$SqlSessionInterceptor.invoke(SqlSessionTemplate.java:447)
	at com.sun.proxy.$Proxy28.insert(Unknown Source)
	at org.mybatis.spring.SqlSessionTemplate.insert(SqlSessionTemplate.java:279)
	at org.apache.ibatis.binding.MapperMethod.execute(MapperMethod.java:57)
	at org.apache.ibatis.binding.MapperProxy.invoke(MapperProxy.java:59)
	at com.sun.proxy.$Proxy43.insJobSch(Unknown Source)
	at com.pro.alarm.dao.AlarmDaoImpl.insJobSch(AlarmDaoImpl.java:52)
	at com.pro.alarm.TestAlarmDao.beforeTransaction(TestAlarmDao.java:49)
	at sun.reflect.NativeMethodAccessorImpl.invoke0(Native Method)
	at sun.reflect.NativeMethodAccessorImpl.invoke(NativeMethodAccessorImpl.java:62)
	at sun.reflect.DelegatingMethodAccessorImpl.invoke(DelegatingMethodAccessorImpl.java:43)
	at java.lang.reflect.Method.invoke(Method.java:497)
	at org.springframework.test.context.transaction.TransactionalTestExecutionListener.runBeforeTransactionMethods(TransactionalTestExecutionListener.java:253)
	at org.springframework.test.context.transaction.TransactionalTestExecutionListener.beforeTestMethod(TransactionalTestExecutionListener.java:202)
	at org.springframework.test.context.TestContextManager.beforeTestMethod(TestContextManager.java:269)
	at org.springframework.test.context.junit4.statements.RunBeforeTestMethodCallbacks.evaluate(RunBeforeTestMethodCallbacks.java:74)
	at org.springframework.test.context.junit4.statements.RunAfterTestMethodCallbacks.evaluate(RunAfterTestMethodCallbacks.java:86)
	at org.springframework.test.context.junit4.statements.SpringRepeat.evaluate(SpringRepeat.java:84)
	at org.junit.runners.ParentRunner.runLeaf(ParentRunner.java:325)
	at org.springframework.test.context.junit4.SpringJUnit4ClassRunner.runChild(SpringJUnit4ClassRunner.java:252)
	at org.springframework.test.context.junit4.SpringJUnit4ClassRunner.runChild(SpringJUnit4ClassRunner.java:94)
	at org.junit.runners.ParentRunner$3.run(ParentRunner.java:290)
	at org.junit.runners.ParentRunner$1.schedule(ParentRunner.java:71)
	at org.junit.runners.ParentRunner.runChildren(ParentRunner.java:288)
	at org.junit.runners.ParentRunner.access$000(ParentRunner.java:58)
	at org.junit.runners.ParentRunner$2.evaluate(ParentRunner.java:268)
	at org.springframework.test.context.junit4.statements.RunBeforeTestClassCallbacks.evaluate(RunBeforeTestClassCallbacks.java:61)
	at org.springframework.test.context.junit4.statements.RunAfterTestClassCallbacks.evaluate(RunAfterTestClassCallbacks.java:70)
	at org.junit.runners.ParentRunner.run(ParentRunner.java:363)
	at org.springframework.test.context.junit4.SpringJUnit4ClassRunner.run(SpringJUnit4ClassRunner.java:191)
	at org.junit.runners.Suite.runChild(Suite.java:128)
	at org.junit.runners.Suite.runChild(Suite.java:27)
	at org.junit.runners.ParentRunner$3.run(ParentRunner.java:290)
	at org.junit.runners.ParentRunner$1.schedule(ParentRunner.java:71)
	at org.junit.runners.ParentRunner.runChildren(ParentRunner.java:288)
	at org.junit.runners.ParentRunner.access$000(ParentRunner.java:58)
	at org.junit.runners.ParentRunner$2.evaluate(ParentRunner.java:268)
	at org.junit.runners.ParentRunner.run(ParentRunner.java:363)
	at org.apache.maven.surefire.junit4.JUnit4Provider.execute(JUnit4Provider.java:252)
	at org.apache.maven.surefire.junit4.JUnit4Provider.executeTestSet(JUnit4Provider.java:141)
	at org.apache.maven.surefire.junit4.JUnit4Provider.invoke(JUnit4Provider.java:112)
	at sun.reflect.NativeMethodAccessorImpl.invoke0(Native Method)
	at sun.reflect.NativeMethodAccessorImpl.invoke(NativeMethodAccessorImpl.java:62)
	at sun.reflect.DelegatingMethodAccessorImpl.invoke(DelegatingMethodAccessorImpl.java:43)
	at java.lang.reflect.Method.invoke(Method.java:497)
	at org.apache.maven.surefire.util.ReflectionUtils.invokeMethodWithArray(ReflectionUtils.java:189)
	at org.apache.maven.surefire.booter.ProviderFactory$ProviderProxy.invoke(ProviderFactory.java:165)
	at org.apache.maven.surefire.booter.ProviderFactory.invokeProvider(ProviderFactory.java:85)
	at org.apache.maven.surefire.booter.ForkedBooter.runSuitesInProcess(ForkedBooter.java:115)
	at org.apache.maven.surefire.booter.ForkedBooter.main(ForkedBooter.java:75)
Caused by: org.apache.ibatis.executor.ExecutorException: Error selecting key or setting result to parameter object. Cause: org.springframework.jdbc.CannotGetJdbcConnectionException: Could not get JDBC Connection; nested exception is java.sql.SQLRecoverableException: ���Ͽ��� ���� �����Ͱ� �����ϴ�
	at org.apache.ibatis.executor.keygen.SelectKeyGenerator.processGeneratedKeys(SelectKeyGenerator.java:92)
	at org.apache.ibatis.executor.keygen.SelectKeyGenerator.processBefore(SelectKeyGenerator.java:47)
	at org.apache.ibatis.executor.statement.BaseStatementHandler.generateKeys(BaseStatementHandler.java:141)
	at org.apache.ibatis.executor.statement.BaseStatementHandler.&lt;init&gt;(BaseStatementHandler.java:63)
	at org.apache.ibatis.executor.statement.PreparedStatementHandler.&lt;init&gt;(PreparedStatementHandler.java:40)
	at org.apache.ibatis.executor.statement.RoutingStatementHandler.&lt;init&gt;(RoutingStatementHandler.java:46)
	at org.apache.ibatis.session.Configuration.newStatementHandler(Configuration.java:545)
	at org.apache.ibatis.executor.SimpleExecutor.doUpdate(SimpleExecutor.java:48)
	at org.apache.ibatis.executor.BaseExecutor.update(BaseExecutor.java:117)
	at org.apache.ibatis.executor.CachingExecutor.update(CachingExecutor.java:76)
	at org.apache.ibatis.session.defaults.DefaultSqlSession.update(DefaultSqlSession.java:198)
	at org.apache.ibatis.session.defaults.DefaultSqlSession.insert(DefaultSqlSession.java:185)
	at sun.reflect.GeneratedMethodAccessor35.invoke(Unknown Source)
	at sun.reflect.DelegatingMethodAccessorImpl.invoke(DelegatingMethodAccessorImpl.java:43)
	at java.lang.reflect.Method.invoke(Method.java:497)
	at org.mybatis.spring.SqlSessionTemplate$SqlSessionInterceptor.invoke(SqlSessionTemplate.java:434)
	... 49 more
Caused by: org.springframework.jdbc.CannotGetJdbcConnectionException: Could not get JDBC Connection; nested exception is java.sql.SQLRecoverableException: ���Ͽ��� ���� �����Ͱ� �����ϴ�
	at org.springframework.jdbc.datasource.DataSourceUtils.getConnection(DataSourceUtils.java:80)
	at org.mybatis.spring.transaction.SpringManagedTransaction.openConnection(SpringManagedTransaction.java:84)
	at org.mybatis.spring.transaction.SpringManagedTransaction.getConnection(SpringManagedTransaction.java:70)
	at org.apache.ibatis.executor.BaseExecutor.getConnection(BaseExecutor.java:336)
	at org.apache.ibatis.executor.SimpleExecutor.prepareStatement(SimpleExecutor.java:84)
	at org.apache.ibatis.executor.SimpleExecutor.doQuery(SimpleExecutor.java:62)
	at org.apache.ibatis.executor.BaseExecutor.queryFromDatabase(BaseExecutor.java:324)
	at org.apache.ibatis.executor.BaseExecutor.query(BaseExecutor.java:156)
	at org.apache.ibatis.executor.CachingExecutor.query(CachingExecutor.java:109)
	at org.apache.ibatis.executor.CachingExecutor.query(CachingExecutor.java:83)
	at org.apache.ibatis.executor.keygen.SelectKeyGenerator.processGeneratedKeys(SelectKeyGenerator.java:68)
	... 64 more
Caused by: java.sql.SQLRecoverableException: ���Ͽ��� ���� �����Ͱ� �����ϴ�
	at oracle.jdbc.driver.T4CMAREngine.unmarshalUB1(T4CMAREngine.java:1157)
	at oracle.jdbc.driver.T4C8TTIpro.receive(T4C8TTIpro.java:129)
	at oracle.jdbc.driver.T4CConnection.connect(T4CConnection.java:1162)
	at oracle.jdbc.driver.T4CConnection.logon(T4CConnection.java:340)
	at oracle.jdbc.driver.PhysicalConnection.&lt;init&gt;(PhysicalConnection.java:553)
	at oracle.jdbc.driver.T4CConnection.&lt;init&gt;(T4CConnection.java:254)
	at oracle.jdbc.driver.T4CDriverExtension.getConnection(T4CDriverExtension.java:32)
	at oracle.jdbc.driver.OracleDriver.connect(OracleDriver.java:528)
	at net.sf.log4jdbc.sql.jdbcapi.DriverSpy.connect(DriverSpy.java:399)
	at java.sql.DriverManager.getConnection(DriverManager.java:664)
	at java.sql.DriverManager.getConnection(DriverManager.java:208)
	at org.springframework.jdbc.datasource.DriverManagerDataSource.getConnectionFromDriverManager(DriverManagerDataSource.java:153)
	at org.springframework.jdbc.datasource.DriverManagerDataSource.getConnectionFromDriver(DriverManagerDataSource.java:144)
	at org.springframework.jdbc.datasource.AbstractDriverBasedDataSource.getConnectionFromDriver(AbstractDriverBasedDataSource.java:196)
	at org.springframework.jdbc.datasource.AbstractDriverBasedDataSource.getConnection(AbstractDriverBasedDataSource.java:159)
	at org.springframework.jdbc.datasource.DataSourceUtils.doGetConnection(DataSourceUtils.java:111)
	at org.springframework.jdbc.datasource.DataSourceUtils.getConnection(DataSourceUtils.java:77)
	... 74 more
WARN : org.springframework.test.context.TestContextManager - Caught exception while allowing TestExecutionListener [org.springframework.test.context.transaction.TransactionalTestExecutionListener@faa93b] to process &apos;before&apos; execution of test method [public void com.pro.alarm.TestAlarmDao.test1001_srchDataChgYnN() throws java.lang.Exception] for test instance [com.pro.alarm.TestAlarmDao@b9fc7d]
org.mybatis.spring.MyBatisSystemException: nested exception is org.apache.ibatis.executor.ExecutorException: Error selecting key or setting result to parameter object. Cause: org.springframework.jdbc.CannotGetJdbcConnectionException: Could not get JDBC Connection; nested exception is java.sql.SQLRecoverableException: ���Ͽ��� ���� �����Ͱ� �����ϴ�
	at org.mybatis.spring.MyBatisExceptionTranslator.translateExceptionIfPossible(MyBatisExceptionTranslator.java:79)
	at org.mybatis.spring.SqlSessionTemplate$SqlSessionInterceptor.invoke(SqlSessionTemplate.java:447)
	at com.sun.proxy.$Proxy28.insert(Unknown Source)
	at org.mybatis.spring.SqlSessionTemplate.insert(SqlSessionTemplate.java:279)
	at org.apache.ibatis.binding.MapperMethod.execute(MapperMethod.java:57)
	at org.apache.ibatis.binding.MapperProxy.invoke(MapperProxy.java:59)
	at com.sun.proxy.$Proxy43.insJobSch(Unknown Source)
	at com.pro.alarm.dao.AlarmDaoImpl.insJobSch(AlarmDaoImpl.java:52)
	at com.pro.alarm.TestAlarmDao.beforeTransaction(TestAlarmDao.java:49)
	at sun.reflect.NativeMethodAccessorImpl.invoke0(Native Method)
	at sun.reflect.NativeMethodAccessorImpl.invoke(NativeMethodAccessorImpl.java:62)
	at sun.reflect.DelegatingMethodAccessorImpl.invoke(DelegatingMethodAccessorImpl.java:43)
	at java.lang.reflect.Method.invoke(Method.java:497)
	at org.springframework.test.context.transaction.TransactionalTestExecutionListener.runBeforeTransactionMethods(TransactionalTestExecutionListener.java:253)
	at org.springframework.test.context.transaction.TransactionalTestExecutionListener.beforeTestMethod(TransactionalTestExecutionListener.java:202)
	at org.springframework.test.context.TestContextManager.beforeTestMethod(TestContextManager.java:269)
	at org.springframework.test.context.junit4.statements.RunBeforeTestMethodCallbacks.evaluate(RunBeforeTestMethodCallbacks.java:74)
	at org.springframework.test.context.junit4.statements.RunAfterTestMethodCallbacks.evaluate(RunAfterTestMethodCallbacks.java:86)
	at org.springframework.test.context.junit4.statements.SpringRepeat.evaluate(SpringRepeat.java:84)
	at org.junit.runners.ParentRunner.runLeaf(ParentRunner.java:325)
	at org.springframework.test.context.junit4.SpringJUnit4ClassRunner.runChild(SpringJUnit4ClassRunner.java:252)
	at org.springframework.test.context.junit4.SpringJUnit4ClassRunner.runChild(SpringJUnit4ClassRunner.java:94)
	at org.junit.runners.ParentRunner$3.run(ParentRunner.java:290)
	at org.junit.runners.ParentRunner$1.schedule(ParentRunner.java:71)
	at org.junit.runners.ParentRunner.runChildren(ParentRunner.java:288)
	at org.junit.runners.ParentRunner.access$000(ParentRunner.java:58)
	at org.junit.runners.ParentRunner$2.evaluate(ParentRunner.java:268)
	at org.springframework.test.context.junit4.statements.RunBeforeTestClassCallbacks.evaluate(RunBeforeTestClassCallbacks.java:61)
	at org.springframework.test.context.junit4.statements.RunAfterTestClassCallbacks.evaluate(RunAfterTestClassCallbacks.java:70)
	at org.junit.runners.ParentRunner.run(ParentRunner.java:363)
	at org.springframework.test.context.junit4.SpringJUnit4ClassRunner.run(SpringJUnit4ClassRunner.java:191)
	at org.junit.runners.Suite.runChild(Suite.java:128)
	at org.junit.runners.Suite.runChild(Suite.java:27)
	at org.junit.runners.ParentRunner$3.run(ParentRunner.java:290)
	at org.junit.runners.ParentRunner$1.schedule(ParentRunner.java:71)
	at org.junit.runners.ParentRunner.runChildren(ParentRunner.java:288)
	at org.junit.runners.ParentRunner.access$000(ParentRunner.java:58)
	at org.junit.runners.ParentRunner$2.evaluate(ParentRunner.java:268)
	at org.junit.runners.ParentRunner.run(ParentRunner.java:363)
	at org.apache.maven.surefire.junit4.JUnit4Provider.execute(JUnit4Provider.java:252)
	at org.apache.maven.surefire.junit4.JUnit4Provider.executeTestSet(JUnit4Provider.java:141)
	at org.apache.maven.surefire.junit4.JUnit4Provider.invoke(JUnit4Provider.java:112)
	at sun.reflect.NativeMethodAccessorImpl.invoke0(Native Method)
	at sun.reflect.NativeMethodAccessorImpl.invoke(NativeMethodAccessorImpl.java:62)
	at sun.reflect.DelegatingMethodAccessorImpl.invoke(DelegatingMethodAccessorImpl.java:43)
	at java.lang.reflect.Method.invoke(Method.java:497)
	at org.apache.maven.surefire.util.ReflectionUtils.invokeMethodWithArray(ReflectionUtils.java:189)
	at org.apache.maven.surefire.booter.ProviderFactory$ProviderProxy.invoke(ProviderFactory.java:165)
	at org.apache.maven.surefire.booter.ProviderFactory.invokeProvider(ProviderFactory.java:85)
	at org.apache.maven.surefire.booter.ForkedBooter.runSuitesInProcess(ForkedBooter.java:115)
	at org.apache.maven.surefire.booter.ForkedBooter.main(ForkedBooter.java:75)
Caused by: org.apache.ibatis.executor.ExecutorException: Error selecting key or setting result to parameter object. Cause: org.springframework.jdbc.CannotGetJdbcConnectionException: Could not get JDBC Connection; nested exception is java.sql.SQLRecoverableException: ���Ͽ��� ���� �����Ͱ� �����ϴ�
	at org.apache.ibatis.executor.keygen.SelectKeyGenerator.processGeneratedKeys(SelectKeyGenerator.java:92)
	at org.apache.ibatis.executor.keygen.SelectKeyGenerator.processBefore(SelectKeyGenerator.java:47)
	at org.apache.ibatis.executor.statement.BaseStatementHandler.generateKeys(BaseStatementHandler.java:141)
	at org.apache.ibatis.executor.statement.BaseStatementHandler.&lt;init&gt;(BaseStatementHandler.java:63)
	at org.apache.ibatis.executor.statement.PreparedStatementHandler.&lt;init&gt;(PreparedStatementHandler.java:40)
	at org.apache.ibatis.executor.statement.RoutingStatementHandler.&lt;init&gt;(RoutingStatementHandler.java:46)
	at org.apache.ibatis.session.Configuration.newStatementHandler(Configuration.java:545)
	at org.apache.ibatis.executor.SimpleExecutor.doUpdate(SimpleExecutor.java:48)
	at org.apache.ibatis.executor.BaseExecutor.update(BaseExecutor.java:117)
	at org.apache.ibatis.executor.CachingExecutor.update(CachingExecutor.java:76)
	at org.apache.ibatis.session.defaults.DefaultSqlSession.update(DefaultSqlSession.java:198)
	at org.apache.ibatis.session.defaults.DefaultSqlSession.insert(DefaultSqlSession.java:185)
	at sun.reflect.GeneratedMethodAccessor35.invoke(Unknown Source)
	at sun.reflect.DelegatingMethodAccessorImpl.invoke(DelegatingMethodAccessorImpl.java:43)
	at java.lang.reflect.Method.invoke(Method.java:497)
	at org.mybatis.spring.SqlSessionTemplate$SqlSessionInterceptor.invoke(SqlSessionTemplate.java:434)
	... 49 more
Caused by: org.springframework.jdbc.CannotGetJdbcConnectionException: Could not get JDBC Connection; nested exception is java.sql.SQLRecoverableException: ���Ͽ��� ���� �����Ͱ� �����ϴ�
	at org.springframework.jdbc.datasource.DataSourceUtils.getConnection(DataSourceUtils.java:80)
	at org.mybatis.spring.transaction.SpringManagedTransaction.openConnection(SpringManagedTransaction.java:84)
	at org.mybatis.spring.transaction.SpringManagedTransaction.getConnection(SpringManagedTransaction.java:70)
	at org.apache.ibatis.executor.BaseExecutor.getConnection(BaseExecutor.java:336)
	at org.apache.ibatis.executor.SimpleExecutor.prepareStatement(SimpleExecutor.java:84)
	at org.apache.ibatis.executor.SimpleExecutor.doQuery(SimpleExecutor.java:62)
	at org.apache.ibatis.executor.BaseExecutor.queryFromDatabase(BaseExecutor.java:324)
	at org.apache.ibatis.executor.BaseExecutor.query(BaseExecutor.java:156)
	at org.apache.ibatis.executor.CachingExecutor.query(CachingExecutor.java:109)
	at org.apache.ibatis.executor.CachingExecutor.query(CachingExecutor.java:83)
	at org.apache.ibatis.executor.keygen.SelectKeyGenerator.processGeneratedKeys(SelectKeyGenerator.java:68)
	... 64 more
Caused by: java.sql.SQLRecoverableException: ���Ͽ��� ���� �����Ͱ� �����ϴ�
	at oracle.jdbc.driver.T4CMAREngine.unmarshalUB1(T4CMAREngine.java:1157)
	at oracle.jdbc.driver.T4C8TTIpro.receive(T4C8TTIpro.java:129)
	at oracle.jdbc.driver.T4CConnection.connect(T4CConnection.java:1162)
	at oracle.jdbc.driver.T4CConnection.logon(T4CConnection.java:340)
	at oracle.jdbc.driver.PhysicalConnection.&lt;init&gt;(PhysicalConnection.java:553)
	at oracle.jdbc.driver.T4CConnection.&lt;init&gt;(T4CConnection.java:254)
[...]
	at org.junit.runners.ParentRunner$1.schedule(ParentRunner.java:71)
	at org.junit.runners.ParentRunner.runChildren(ParentRunner.java:288)
	at org.junit.runners.ParentRunner.access$000(ParentRunner.java:58)
	at org.junit.runners.ParentRunner$2.evaluate(ParentRunner.java:268)
	at org.junit.runners.ParentRunner.run(ParentRunner.java:363)
	at org.apache.maven.surefire.junit4.JUnit4Provider.execute(JUnit4Provider.java:252)
	at org.apache.maven.surefire.junit4.JUnit4Provider.executeTestSet(JUnit4Provider.java:141)
	at org.apache.maven.surefire.junit4.JUnit4Provider.invoke(JUnit4Provider.java:112)
	at sun.reflect.NativeMethodAccessorImpl.invoke0(Native Method)
	at sun.reflect.NativeMethodAccessorImpl.invoke(NativeMethodAccessorImpl.java:62)
	at sun.reflect.DelegatingMethodAccessorImpl.invoke(DelegatingMethodAccessorImpl.java:43)
	at java.lang.reflect.Method.invoke(Method.java:497)
	at org.apache.maven.surefire.util.ReflectionUtils.invokeMethodWithArray(ReflectionUtils.java:189)
	at org.apache.maven.surefire.booter.ProviderFactory$ProviderProxy.invoke(ProviderFactory.java:165)
	at org.apache.maven.surefire.booter.ProviderFactory.invokeProvider(ProviderFactory.java:85)
	at org.apache.maven.surefire.booter.ForkedBooter.runSuitesInProcess(ForkedBooter.java:115)
	at org.apache.maven.surefire.booter.ForkedBooter.main(ForkedBooter.java:75)
</failure>
    <system-out>INFO : jdbc.connection - 187. Connection opened
INFO : jdbc.audit - 187. Connection.new Connection returned 
INFO : jdbc.audit - 187. Connection.getAutoCommit() returned true
INFO : jdbc.audit - 187. PreparedStatement.new PreparedStatement returned 
INFO : jdbc.audit - 187. Connection.prepareStatement(SELECT 	NVL(MAX(SQNO),0) + 1 AS SQNO 
		FROM 	TS001_JOB_SCH 
		WHERE 	DEVER_ID	= ?
		AND		CUST_ID		= ?) returned net.sf.log4jdbc.sql.jdbcapi.PreparedStatementSpy@89bb12
INFO : jdbc.audit - 187. PreparedStatement.setString(1, &quot;testDever&quot;) returned 
INFO : jdbc.audit - 187. PreparedStatement.setString(2, &quot;testCust&quot;) returned 
INFO : jdbc.sqlonly - SELECT NVL(MAX(SQNO),0) + 1 AS SQNO FROM TS001_JOB_SCH WHERE DEVER_ID = &apos;testDever&apos; AND CUST_ID 
= &apos;testCust&apos; 

INFO : jdbc.sqltiming - SELECT NVL(MAX(SQNO),0) + 1 AS SQNO FROM TS001_JOB_SCH WHERE DEVER_ID = &apos;testDever&apos; AND CUST_ID 
= &apos;testCust&apos; 
 {executed in 0 msec}
INFO : jdbc.audit - 187. PreparedStatement.execute() returned true
INFO : jdbc.resultset - 187. ResultSet.new ResultSet returned 
INFO : jdbc.audit - 187. PreparedStatement.getResultSet() returned net.sf.log4jdbc.sql.jdbcapi.ResultSetSpy@c4245d
INFO : jdbc.resultset - 187. ResultSet.getMetaData() returned oracle.jdbc.driver.OracleResultSetMetaData@1f978b9
INFO : jdbc.resultset - 187. ResultSet.getType() returned 1003
INFO : jdbc.resultset - 187. ResultSet.next() returned true
INFO : jdbc.resultset - 187. ResultSet.getInt(SQNO) returned 2
INFO : jdbc.resultset - 187. ResultSet.wasNull() returned false
INFO : jdbc.resultsettable - 
|-----|
|sqno |
|-----|
|2    |
|-----|

INFO : jdbc.resultset - 187. ResultSet.next() returned false
INFO : jdbc.resultset - 187. ResultSet.close() returned void
INFO : jdbc.audit - 187. PreparedStatement.getConnection() returned net.sf.log4jdbc.sql.jdbcapi.ConnectionSpy@106578e
INFO : jdbc.audit - 187. Connection.getMetaData() returned oracle.jdbc.driver.OracleDatabaseMetaData@a62297
INFO : jdbc.audit - 187. PreparedStatement.close() returned 
INFO : jdbc.audit - 187. PreparedStatement.new PreparedStatement returned 
INFO : jdbc.audit - 187. Connection.prepareStatement(INSERT INTO	TS001_JOB_SCH(
							  DEVER_ID 	   /*������ID	*/
							, CUST_ID	   /*��ID  */
							, SQNO		   /*�Ϸù�ȣ  */
							, SET_TM	   /*�����ð�  */
							, JOB_CD	   /*�۾��ڵ�  */
							, CHK_YN	   /*Ȯ�ο���  */
							, LST_CHK_TS   /*����Ȯ���Ͻ�*/
							 
							 
							 
							, DEL_YN	   /*��������  */
							, PC_TS		   /*ó���Ͻ�  */
							, FST_PC_TS	   /*����ó���Ͻ�*/
							, LUPD_CNT	   /*���������� */
							)
					VALUES(
							  ?
							, ?
							, ?
							, TO_TIMESTAMP(?,&apos;YYYYMMDD HH24MI&apos;)
							, ?
							, &apos;N&apos;
							, TO_TIMESTAMP(&apos;00010101 000000.000000&apos;,&apos;YYYYMMDD HH24MISS.FF6&apos;)
							 
							 
							 
							, &apos;N&apos;
							, SYSTIMESTAMP
							, SYSTIMESTAMP
							, 1
							)) returned net.sf.log4jdbc.sql.jdbcapi.PreparedStatementSpy@1a91912
INFO : jdbc.audit - 187. PreparedStatement.setString(1, &quot;testDever&quot;) returned 
INFO : jdbc.audit - 187. PreparedStatement.setString(2, &quot;testCust&quot;) returned 
INFO : jdbc.audit - 187. PreparedStatement.setInt(3, 2) returned 
INFO : jdbc.audit - 187. PreparedStatement.setString(4, &quot;00010101 0000&quot;) returned 
INFO : jdbc.audit - 187. PreparedStatement.setString(5, &quot;testJobCd&quot;) returned 
INFO : jdbc.sqlonly - INSERT INTO TS001_JOB_SCH( DEVER_ID /*������ID */ , CUST_ID /*��ID */ , SQNO /*�Ϸù�ȣ */ , SET_TM 
/*�����ð� */ , JOB_CD /*�۾��ڵ� */ , CHK_YN /*Ȯ�ο��� */ , LST_CHK_TS /*����Ȯ���Ͻ�*/ , DEL_YN /*�������� */ 
, PC_TS /*ó���Ͻ� */ , FST_PC_TS /*����ó���Ͻ�*/ , LUPD_CNT /*���������� */ ) VALUES( &apos;testDever&apos; , &apos;testCust&apos; 
, 2 , TO_TIMESTAMP(&apos;00010101 0000&apos;,&apos;YYYYMMDD HH24MI&apos;) , &apos;testJobCd&apos; , &apos;N&apos; , TO_TIMESTAMP(&apos;00010101 
000000.000000&apos;,&apos;YYYYMMDD HH24MISS.FF6&apos;) , &apos;N&apos; , SYSTIMESTAMP , SYSTIMESTAMP , 1 ) 

INFO : jdbc.sqltiming - INSERT INTO TS001_JOB_SCH( DEVER_ID /*������ID */ , CUST_ID /*��ID */ , SQNO /*�Ϸù�ȣ */ , SET_TM 
/*�����ð� */ , JOB_CD /*�۾��ڵ� */ , CHK_YN /*Ȯ�ο��� */ , LST_CHK_TS /*����Ȯ���Ͻ�*/ , DEL_YN /*�������� */ 
, PC_TS /*ó���Ͻ� */ , FST_PC_TS /*����ó���Ͻ�*/ , LUPD_CNT /*���������� */ ) VALUES( &apos;testDever&apos; , &apos;testCust&apos; 
, 2 , TO_TIMESTAMP(&apos;00010101 0000&apos;,&apos;YYYYMMDD HH24MI&apos;) , &apos;testJobCd&apos; , &apos;N&apos; , TO_TIMESTAMP(&apos;00010101 
000000.000000&apos;,&apos;YYYYMMDD HH24MISS.FF6&apos;) , &apos;N&apos; , SYSTIMESTAMP , SYSTIMESTAMP , 1 ) 
 {executed in 0 msec}
INFO : jdbc.audit - 187. PreparedStatement.execute() returned false
INFO : jdbc.audit - 187. PreparedStatement.getUpdateCount() returned 1
INFO : jdbc.audit - 187. PreparedStatement.close() returned 
INFO : jdbc.connection - 187. Connection closed
INFO : jdbc.audit - 187. Connection.close() returned 
INFO : jdbc.connection - 188. Connection opened
INFO : jdbc.audit - 188. Connection.new Connection returned 
INFO : jdbc.audit - 188. Connection.getAutoCommit() returned true
INFO : jdbc.audit - 188. Connection.setAutoCommit(false) returned 
INFO : org.springframework.test.context.transaction.TransactionContext - Began transaction (1) for test context [DefaultTestContext@1879bab testClass = TestSrchJobSch, testInstance = com.pro.alarm.service.TestSrchJobSch@92166b, testMethod = test1215_srchJobSch_srchFiler@TestSrchJobSch, testException = [null], mergedContextConfiguration = [MergedContextConfiguration@868ef5 testClass = TestSrchJobSch, locations = &apos;{classpath:test-context.xml}&apos;, classes = &apos;{}&apos;, contextInitializerClasses = &apos;[]&apos;, activeProfiles = &apos;{}&apos;, propertySourceLocations = &apos;{}&apos;, propertySourceProperties = &apos;{}&apos;, contextCustomizers = set[[empty]], contextLoader = &apos;org.springframework.test.context.support.DelegatingSmartContextLoader&apos;, parent = [null]]]; transaction manager [org.springframework.jdbc.datasource.DataSourceTransactionManager@f22995]; rollback [true]
INFO : jdbc.audit - 188. Connection.getAutoCommit() returned false
INFO : jdbc.audit - 188. PreparedStatement.new PreparedStatement returned 
INFO : jdbc.audit - 188. Connection.prepareStatement(SELECT 	  DEVER_ID 	   												/*������ID*/
				, CUST_ID	  							 					/*��ID  */
				, SQNO		   												/*�Ϸù�ȣ  */
				, TO_CHAR(SET_TM,&apos;HH24MISS&apos;) AS SET_TM	   					/*�����ð�  */
				, JOB_CD	   												/*�۾��ڵ�  */
				, CHK_YN	   												/*Ȯ�ο���  */
				, TO_CHAR(LST_CHK_TS,&apos;YYYYMMDD HH24MISS.FF6&apos;) AS LST_CHK_TS /*����Ȯ���Ͻ�*/
				, WK_ITV_RULE                                               /*�ְ���Ģ*/
				, ST_MTH                                                    /*���ۿ�*/
				, ED_MTH                                                    /*�����*/
				, DEL_YN	   												/*��������  */
				, TO_CHAR(FST_PC_TS,&apos;YYYYMMDD HH24MISS.FF6&apos;) AS FST_PC_TS	/*����ó���Ͻ�*/
				, TO_CHAR(PC_TS,&apos;YYYYMMDD HH24MISS.FF6&apos;) AS PC_TS			/*ó���Ͻ�*/
				, LUPD_CNT	   												/*���������� */
		FROM	TS001_JOB_SCH
		WHERE	DEVER_ID 	= ?
		 
		 
		AND		PC_TS BETWEEN TO_TIMESTAMP(?,&apos;YYYYMMDD&apos;) AND TO_TIMESTAMP(?,&apos;YYYYMMDD&apos;)) returned net.sf.log4jdbc.sql.jdbcapi.PreparedStatementSpy@d1c1dc
INFO : jdbc.audit - 188. PreparedStatement.setString(1, &quot;testDever&quot;) returned 
INFO : jdbc.audit - 188. PreparedStatement.setString(2, &quot;20180519&quot;) returned 
INFO : jdbc.audit - 188. PreparedStatement.setString(3, &quot;20180521&quot;) returned 
INFO : jdbc.sqlonly - SELECT DEVER_ID /*������ID*/ , CUST_ID /*��ID */ , SQNO /*�Ϸù�ȣ */ , TO_CHAR(SET_TM,&apos;HH24MISS&apos;) 
AS SET_TM /*�����ð� */ , JOB_CD /*�۾��ڵ� */ , CHK_YN /*Ȯ�ο��� */ , TO_CHAR(LST_CHK_TS,&apos;YYYYMMDD HH24MISS.FF6&apos;) 
AS LST_CHK_TS /*����Ȯ���Ͻ�*/ , WK_ITV_RULE /*�ְ���Ģ*/ , ST_MTH /*���ۿ�*/ , ED_MTH /*�����*/ , DEL_YN 
/*�������� */ , TO_CHAR(FST_PC_TS,&apos;YYYYMMDD HH24MISS.FF6&apos;) AS FST_PC_TS /*����ó���Ͻ�*/ , TO_CHAR(PC_TS,&apos;YYYYMMDD 
HH24MISS.FF6&apos;) AS PC_TS /*ó���Ͻ�*/ , LUPD_CNT /*���������� */ FROM TS001_JOB_SCH WHERE DEVER_ID = 
&apos;testDever&apos; AND PC_TS BETWEEN TO_TIMESTAMP(&apos;20180519&apos;,&apos;YYYYMMDD&apos;) AND TO_TIMESTAMP(&apos;20180521&apos;,&apos;YYYYMMDD&apos;) 

INFO : jdbc.sqltiming - SELECT DEVER_ID /*������ID*/ , CUST_ID /*��ID */ , SQNO /*�Ϸù�ȣ */ , TO_CHAR(SET_TM,&apos;HH24MISS&apos;) 
AS SET_TM /*�����ð� */ , JOB_CD /*�۾��ڵ� */ , CHK_YN /*Ȯ�ο��� */ , TO_CHAR(LST_CHK_TS,&apos;YYYYMMDD HH24MISS.FF6&apos;) 
AS LST_CHK_TS /*����Ȯ���Ͻ�*/ , WK_ITV_RULE /*�ְ���Ģ*/ , ST_MTH /*���ۿ�*/ , ED_MTH /*�����*/ , DEL_YN 
/*�������� */ , TO_CHAR(FST_PC_TS,&apos;YYYYMMDD HH24MISS.FF6&apos;) AS FST_PC_TS /*����ó���Ͻ�*/ , TO_CHAR(PC_TS,&apos;YYYYMMDD 
HH24MISS.FF6&apos;) AS PC_TS /*ó���Ͻ�*/ , LUPD_CNT /*���������� */ FROM TS001_JOB_SCH WHERE DEVER_ID = 
&apos;testDever&apos; AND PC_TS BETWEEN TO_TIMESTAMP(&apos;20180519&apos;,&apos;YYYYMMDD&apos;) AND TO_TIMESTAMP(&apos;20180521&apos;,&apos;YYYYMMDD&apos;) 
 {executed in 0 msec}
INFO : jdbc.audit - 188. PreparedStatement.execute() returned true
INFO : jdbc.resultset - 188. ResultSet.new ResultSet returned 
INFO : jdbc.audit - 188. PreparedStatement.getResultSet() returned net.sf.log4jdbc.sql.jdbcapi.ResultSetSpy@1f08b81
INFO : jdbc.resultset - 188. ResultSet.getMetaData() returned oracle.jdbc.driver.OracleResultSetMetaData@19dfc5a
INFO : jdbc.resultset - 188. ResultSet.getType() returned 1003
INFO : jdbc.resultset - 188. ResultSet.next() returned true
INFO : jdbc.resultset - 188. ResultSet.getString(DEVER_ID) returned testDever
INFO : jdbc.resultset - 188. ResultSet.wasNull() returned false
INFO : jdbc.resultset - 188. ResultSet.getString(CUST_ID) returned testCust
INFO : jdbc.resultset - 188. ResultSet.wasNull() returned false
INFO : jdbc.resultset - 188. ResultSet.getInt(SQNO) returned 1
INFO : jdbc.resultset - 188. ResultSet.wasNull() returned false
INFO : jdbc.resultset - 188. ResultSet.getString(SET_TM) returned 010100
INFO : jdbc.resultset - 188. ResultSet.wasNull() returned false
INFO : jdbc.resultset - 188. ResultSet.getString(JOB_CD) returned testJobCd
INFO : jdbc.resultset - 188. ResultSet.wasNull() returned false
INFO : jdbc.resultset - 188. ResultSet.getString(CHK_YN) returned N
INFO : jdbc.resultset - 188. ResultSet.wasNull() returned false
INFO : jdbc.resultset - 188. ResultSet.getString(LST_CHK_TS) returned 00010101 000000.000000
INFO : jdbc.resultset - 188. ResultSet.wasNull() returned false
INFO : jdbc.resultset - 188. ResultSet.getString(WK_ITV_RULE) returned 1111100
INFO : jdbc.resultset - 188. ResultSet.wasNull() returned false
INFO : jdbc.resultset - 188. ResultSet.getString(ST_MTH) returned 01
INFO : jdbc.resultset - 188. ResultSet.wasNull() returned false
INFO : jdbc.resultset - 188. ResultSet.getString(ED_MTH) returned 12
INFO : jdbc.resultset - 188. ResultSet.wasNull() returned false
INFO : jdbc.resultset - 188. ResultSet.getString(DEL_YN) returned N
INFO : jdbc.resultset - 188. ResultSet.wasNull() returned false
INFO : jdbc.resultset - 188. ResultSet.getString(FST_PC_TS) returned 20180520 031333.627000
INFO : jdbc.resultset - 188. ResultSet.wasNull() returned false
INFO : jdbc.resultset - 188. ResultSet.getString(PC_TS) returned 20180520 031333.627000
INFO : jdbc.resultset - 188. ResultSet.wasNull() returned false
INFO : jdbc.resultset - 188. ResultSet.getInt(LUPD_CNT) returned 1
INFO : jdbc.resultset - 188. ResultSet.wasNull() returned false
INFO : jdbc.resultset - 188. ResultSet.next() returned true
INFO : jdbc.resultset - 188. ResultSet.getString(DEVER_ID) returned testDever
INFO : jdbc.resultset - 188. ResultSet.wasNull() returned false
INFO : jdbc.resultset - 188. ResultSet.getString(CUST_ID) returned testCust
INFO : jdbc.resultset - 188. ResultSet.wasNull() returned false
INFO : jdbc.resultset - 188. ResultSet.getInt(SQNO) returned 2
INFO : jdbc.resultset - 188. ResultSet.wasNull() returned false
INFO : jdbc.resultset - 188. ResultSet.getString(SET_TM) returned 000000
INFO : jdbc.resultset - 188. ResultSet.wasNull() returned false
INFO : jdbc.resultset - 188. ResultSet.getString(JOB_CD) returned testJobCd
INFO : jdbc.resultset - 188. ResultSet.wasNull() returned false
INFO : jdbc.resultset - 188. ResultSet.getString(CHK_YN) returned N
INFO : jdbc.resultset - 188. ResultSet.wasNull() returned false
INFO : jdbc.resultset - 188. ResultSet.getString(LST_CHK_TS) returned 00010101 000000.000000
INFO : jdbc.resultset - 188. ResultSet.wasNull() returned false
INFO : jdbc.resultset - 188. ResultSet.getString(WK_ITV_RULE) returned 1111100
INFO : jdbc.resultset - 188. ResultSet.wasNull() returned false
INFO : jdbc.resultset - 188. ResultSet.getString(ST_MTH) returned 01
INFO : jdbc.resultset - 188. ResultSet.wasNull() returned false
INFO : jdbc.resultset - 188. ResultSet.getString(ED_MTH) returned 12
INFO : jdbc.resultset - 188. ResultSet.wasNull() returned false
INFO : jdbc.resultset - 188. ResultSet.getString(DEL_YN) returned N
INFO : jdbc.resultset - 188. ResultSet.wasNull() returned false
INFO : jdbc.resultset - 188. ResultSet.getString(FST_PC_TS) returned 20180520 031335.557000
INFO : jdbc.resultset - 188. ResultSet.wasNull() returned false
INFO : jdbc.resultset - 188. ResultSet.getString(PC_TS) returned 20180520 031335.557000
INFO : jdbc.resultset - 188. ResultSet.wasNull() returned false
INFO : jdbc.resultset - 188. ResultSet.getInt(LUPD_CNT) returned 1
INFO : jdbc.resultset - 188. ResultSet.wasNull() returned false
INFO : jdbc.resultsettable - 
|----------|---------|-----|-------|----------|-------|-----------------------|------------|-------|-------|-------|-----------------------|-----------------------|---------|
|dever_id  |cust_id  |sqno |set_tm |job_cd    |chk_yn |lst_chk_ts             |wk_itv_rule |st_mth |ed_mth |del_yn |fst_pc_ts              |pc_ts                  |lupd_cnt |
|----------|---------|-----|-------|----------|-------|-----------------------|------------|-------|-------|-------|-----------------------|-----------------------|---------|
|testDever |testCust |1    |010100 |testJobCd |N      |00010101 000000.000000 |1111100     |01     |12     |N      |20180520 031333.627000 |20180520 031333.627000 |1        |
|testDever |testCust |2    |000000 |testJobCd |N      |00010101 000000.000000 |1111100     |01     |12     |N      |20180520 031335.557000 |20180520 031335.557000 |1        |
|----------|---------|-----|-------|----------|-------|-----------------------|------------|-------|-------|-------|-----------------------|-----------------------|---------|

INFO : jdbc.resultset - 188. ResultSet.next() returned false
INFO : jdbc.resultset - 188. ResultSet.close() returned void
INFO : jdbc.audit - 188. PreparedStatement.getConnection() returned net.sf.log4jdbc.sql.jdbcapi.ConnectionSpy@187de58
INFO : jdbc.audit - 188. Connection.getMetaData() returned oracle.jdbc.driver.OracleDatabaseMetaData@19a2455
INFO : jdbc.audit - 188. PreparedStatement.close() returned 
INFO : jdbc.audit - 188. Connection.rollback() returned 
INFO : jdbc.audit - 188. Connection.setAutoCommit(true) returned 
INFO : jdbc.audit - 188. Connection.isReadOnly() returned false
INFO : jdbc.connection - 188. Connection closed
INFO : jdbc.audit - 188. Connection.close() returned 
INFO : org.springframework.test.context.transaction.TransactionContext - Rolled back transaction for test context [DefaultTestContext@1879bab testClass = TestSrchJobSch, testInstance = com.pro.alarm.service.TestSrchJobSch@92166b, testMethod = test1215_srchJobSch_srchFiler@TestSrchJobSch, testException = java.lang.AssertionError: ��ȸ�� �����Ͽ����ϴ�. expected:&lt;1&gt; but was:&lt;2&gt;, mergedContextConfiguration = [MergedContextConfiguration@868ef5 testClass = TestSrchJobSch, locations = &apos;{classpath:test-context.xml}&apos;, classes = &apos;{}&apos;, contextInitializerClasses = &apos;[]&apos;, activeProfiles = &apos;{}&apos;, propertySourceLocations = &apos;{}&apos;, propertySourceProperties = &apos;{}&apos;, contextCustomizers = set[[empty]], contextLoader = &apos;org.springframework.test.context.support.DelegatingSmartContextLoader&apos;, parent = [null]]].
INFO : jdbc.connection - 189. Connection opened
INFO : jdbc.audit - 189. Connection.new Connection returned 
INFO : jdbc.audit - 189. Connection.getAutoCommit() returned true
INFO : jdbc.audit - 189. PreparedStatement.new PreparedStatement returned 
INFO : jdbc.audit - 189. Connection.prepareStatement(DELETE 
		FROM    TS001_JOB_SCH 
		WHERE   DEVER_ID    = ?
		AND     CUST_ID     = ?
		AND     SQNO        = ?
		AND		LUPD_CNT	= ?) returned net.sf.log4jdbc.sql.jdbcapi.PreparedStatementSpy@6e505c
INFO : jdbc.audit - 189. PreparedStatement.setString(1, &quot;testDever&quot;) returned 
INFO : jdbc.audit - 189. PreparedStatement.setString(2, &quot;testCust&quot;) returned 
INFO : jdbc.audit - 189. PreparedStatement.setInt(3, 2) returned 
INFO : jdbc.audit - 189. PreparedStatement.setInt(4, 1) returned 
INFO : jdbc.sqlonly - DELETE FROM TS001_JOB_SCH WHERE DEVER_ID = &apos;testDever&apos; AND CUST_ID = &apos;testCust&apos; AND SQNO = 
2 AND LUPD_CNT = 1 

INFO : jdbc.sqltiming - DELETE FROM TS001_JOB_SCH WHERE DEVER_ID = &apos;testDever&apos; AND CUST_ID = &apos;testCust&apos; AND SQNO = 
2 AND LUPD_CNT = 1 
 {executed in 0 msec}
INFO : jdbc.audit - 189. PreparedStatement.execute() returned false
INFO : jdbc.audit - 189. PreparedStatement.getUpdateCount() returned 1
INFO : jdbc.audit - 189. PreparedStatement.close() returned 
INFO : jdbc.connection - 189. Connection closed
INFO : jdbc.audit - 189. Connection.close() returned 
</system-out>
  </testcase>
  <testcase classname="com.pro.alarm.service.TestSrchJobSch" name="test1216_srchJobSchStdtChk" time="0.047"/>
  <testcase classname="com.pro.alarm.service.TestSrchJobSch" name="test1217_srchJobSchEddtChk" time="0.063"/>
  <testcase classname="com.pro.alarm.service.TestInsJobSch" name="test1220_01deverIdChk" time="0.015"/>
  <testcase classname="com.pro.alarm.service.TestInsJobSch" name="test1220_02custIdChk" time="0.016"/>
  <testcase classname="com.pro.alarm.service.TestInsJobSch" name="test1220_03setTmChk" time="0.015"/>
  <testcase classname="com.pro.alarm.service.TestInsJobSch" name="test1220_04insJobSch" time="0.094"/>
</testsuite>