<?xml version="1.0" encoding="UTF-8" ?>
<testsuite tests="17" failures="13" name="com.pro.alarm.service.TestSrchJobSch" time="1.346" errors="0" skipped="0">
  <properties>
[...]
</properties>
  <testcase classname="com.pro.alarm.service.TestSrchJobSch" name="test1201_srchJobSch_deverIdChk" time="0.14"/>
  <testcase classname="com.pro.alarm.service.TestSrchJobSch" name="test1202_srchJobSch_diffDate" time="0.063"/>
  <testcase classname="com.pro.alarm.service.TestSrchJobSch" name="test1203_srchJobSch_success" time="0.094">
    <failure message="조회를 실패하였습니다. expected:&lt;1&gt; but was:&lt;2&gt;" type="java.lang.AssertionError">java.lang.AssertionError: 조회를 실패하였습니다. expected:&lt;1&gt; but was:&lt;2&gt;
	at org.junit.Assert.fail(Assert.java:88)
	at org.junit.Assert.failNotEquals(Assert.java:834)
	at org.junit.Assert.assertEquals(Assert.java:645)
	at com.pro.alarm.service.TestSrchJobSch.test1203_srchJobSch_success(TestSrchJobSch.java:103)
	at sun.reflect.NativeMethodAccessorImpl.invoke0(Native Method)
	at sun.reflect.NativeMethodAccessorImpl.invoke(NativeMethodAccessorImpl.java:62)
	at sun.reflect.DelegatingMethodAccessorImpl.invoke(DelegatingMethodAccessorImpl.java:43)
	at java.lang.reflect.Method.invoke(Method.java:497)
	at org.junit.runners.model.FrameworkMethod$1.runReflectiveCall(FrameworkMethod.java:50)
	at org.junit.internal.runners.model.ReflectiveCallable.run(ReflectiveCallable.java:12)
	at org.junit.runners.model.FrameworkMethod.invokeExplosively(FrameworkMethod.java:47)
	at org.junit.internal.runners.statements.InvokeMethod.evaluate(InvokeMethod.java:17)
	at org.springframework.test.context.junit4.statements.RunBeforeTestMethodCallbacks.evaluate(RunBeforeTestMethodCallbacks.java:75)
	at org.springframework.test.context.junit4.statements.RunAfterTestMethodCallbacks.evaluate(RunAfterTestMethodCallbacks.java:86)
	at org.junit.rules.ExpectedException$ExpectedExceptionStatement.evaluate(ExpectedException.java:239)
	at org.junit.rules.RunRules.evaluate(RunRules.java:20)
	at org.springframework.test.context.junit4.statements.SpringRepeat.evaluate(SpringRepeat.java:84)
	at org.junit.runners.ParentRunner.runLeaf(ParentRunner.java:325)
	at org.springframework.test.context.junit4.SpringJUnit4ClassRunner.runChild(SpringJUnit4ClassRunner.java:252)
	at org.springframework.test.context.junit4.SpringJUnit4ClassRunner.runChild(SpringJUnit4ClassRunner.java:94)
	at org.junit.runners.ParentRunner$3.run(ParentRunner.java:290)
	at org.junit.runners.ParentRunner$1.schedule(ParentRunner.java:71)
	at org.junit.runners.ParentRunner.runChildren(ParentRunner.java:288)
	at org.junit.runners.ParentRunner.access$000(ParentRunner.java:58)
	at org.junit.runners.ParentRunner$2.evaluate(ParentRunner.java:268)
	at org.springframework.test.context.junit4.statements.RunBeforeTestClassCallbacks.evaluate(RunBeforeTestClassCallbacks.java:61)
	at org.springframework.test.context.junit4.statements.RunAfterTestClassCallbacks.evaluate(RunAfterTestClassCallbacks.java:70)
	at org.junit.runners.ParentRunner.run(ParentRunner.java:363)
	at org.springframework.test.context.junit4.SpringJUnit4ClassRunner.run(SpringJUnit4ClassRunner.java:191)
	at org.apache.maven.surefire.junit4.JUnit4Provider.execute(JUnit4Provider.java:252)
	at org.apache.maven.surefire.junit4.JUnit4Provider.executeTestSet(JUnit4Provider.java:141)
	at org.apache.maven.surefire.junit4.JUnit4Provider.invoke(JUnit4Provider.java:112)
	at sun.reflect.NativeMethodAccessorImpl.invoke0(Native Method)
	at sun.reflect.NativeMethodAccessorImpl.invoke(NativeMethodAccessorImpl.java:62)
	at sun.reflect.DelegatingMethodAccessorImpl.invoke(DelegatingMethodAccessorImpl.java:43)
	at java.lang.reflect.Method.invoke(Method.java:497)
	at org.apache.maven.surefire.util.ReflectionUtils.invokeMethodWithArray(ReflectionUtils.java:189)
	at org.apache.maven.surefire.booter.ProviderFactory$ProviderProxy.invoke(ProviderFactory.java:165)
	at org.apache.maven.surefire.booter.ProviderFactory.invokeProvider(ProviderFactory.java:85)
	at org.apache.maven.surefire.booter.ForkedBooter.runSuitesInProcess(ForkedBooter.java:115)
	at org.apache.maven.surefire.booter.ForkedBooter.main(ForkedBooter.java:75)
</failure>
    <system-out>INFO : jdbc.connection - 12. Connection opened
INFO : jdbc.audit - 12. Connection.new Connection returned 
INFO : jdbc.audit - 12. Connection.getAutoCommit() returned true
INFO : jdbc.audit - 12. PreparedStatement.new PreparedStatement returned 
INFO : jdbc.audit - 12. Connection.prepareStatement(SELECT 	NVL(MAX(SQNO),0) + 1 AS SQNO 
		FROM 	TS001_JOB_SCH 
		WHERE 	DEVER_ID	= ?
		AND		CUST_ID		= ?) returned net.sf.log4jdbc.sql.jdbcapi.PreparedStatementSpy@1c715b8
INFO : jdbc.audit - 12. PreparedStatement.setString(1, &quot;testDever&quot;) returned 
INFO : jdbc.audit - 12. PreparedStatement.setString(2, &quot;testCust&quot;) returned 
INFO : jdbc.sqlonly - SELECT NVL(MAX(SQNO),0) + 1 AS SQNO FROM TS001_JOB_SCH WHERE DEVER_ID = &apos;testDever&apos; AND CUST_ID 
= &apos;testCust&apos; 

INFO : jdbc.sqltiming - SELECT NVL(MAX(SQNO),0) + 1 AS SQNO FROM TS001_JOB_SCH WHERE DEVER_ID = &apos;testDever&apos; AND CUST_ID 
= &apos;testCust&apos; 
 {executed in 0 msec}
INFO : jdbc.audit - 12. PreparedStatement.execute() returned true
INFO : jdbc.resultset - 12. ResultSet.new ResultSet returned 
INFO : jdbc.audit - 12. PreparedStatement.getResultSet() returned net.sf.log4jdbc.sql.jdbcapi.ResultSetSpy@12d1c71
INFO : jdbc.resultset - 12. ResultSet.getMetaData() returned oracle.jdbc.driver.OracleResultSetMetaData@1491fee
INFO : jdbc.resultset - 12. ResultSet.getType() returned 1003
INFO : jdbc.resultset - 12. ResultSet.next() returned true
INFO : jdbc.resultset - 12. ResultSet.getInt(SQNO) returned 2
INFO : jdbc.resultset - 12. ResultSet.wasNull() returned false
INFO : jdbc.resultsettable - 
|-----|
|sqno |
|-----|
|2    |
|-----|

INFO : jdbc.resultset - 12. ResultSet.next() returned false
INFO : jdbc.resultset - 12. ResultSet.close() returned void
INFO : jdbc.audit - 12. PreparedStatement.getConnection() returned net.sf.log4jdbc.sql.jdbcapi.ConnectionSpy@11c5af9
INFO : jdbc.audit - 12. Connection.getMetaData() returned oracle.jdbc.driver.OracleDatabaseMetaData@55f277
INFO : jdbc.audit - 12. PreparedStatement.close() returned 
INFO : jdbc.audit - 12. PreparedStatement.new PreparedStatement returned 
INFO : jdbc.audit - 12. Connection.prepareStatement(INSERT INTO	TS001_JOB_SCH(
							  DEVER_ID 	   /*������ID	*/
							, CUST_ID	   /*��ID  */
							, SQNO		   /*�Ϸù�ȣ  */
							, SET_TM	   /*�����ð�  */
							, JOB_CD	   /*�۾��ڵ�  */
							, CHK_YN	   /*Ȯ�ο���  */
							, LST_CHK_TS   /*����Ȯ���Ͻ�*/
							 
							 
							 
							, DEL_YN	   /*��������  */
							, PC_TS		   /*ó���Ͻ�  */
							, FST_PC_TS	   /*����ó���Ͻ�*/
							, LUPD_CNT	   /*���������� */
							)
					VALUES(
							  ?
							, ?
							, ?
							, TO_TIMESTAMP(?,&apos;YYYYMMDD HH24MI&apos;)
							, ?
							, &apos;N&apos;
							, TO_TIMESTAMP(&apos;00010101 000000.000000&apos;,&apos;YYYYMMDD HH24MISS.FF6&apos;)
							 
							 
							 
							, &apos;N&apos;
							, SYSTIMESTAMP
							, SYSTIMESTAMP
							, 1
							)) returned net.sf.log4jdbc.sql.jdbcapi.PreparedStatementSpy@1dabb18
INFO : jdbc.audit - 12. PreparedStatement.setString(1, &quot;testDever&quot;) returned 
INFO : jdbc.audit - 12. PreparedStatement.setString(2, &quot;testCust&quot;) returned 
INFO : jdbc.audit - 12. PreparedStatement.setInt(3, 2) returned 
INFO : jdbc.audit - 12. PreparedStatement.setString(4, &quot;00010101 0000&quot;) returned 
INFO : jdbc.audit - 12. PreparedStatement.setString(5, &quot;testJobCd&quot;) returned 
INFO : jdbc.sqlonly - INSERT INTO TS001_JOB_SCH( DEVER_ID /*������ID */ , CUST_ID /*��ID */ , SQNO /*�Ϸù�ȣ */ , SET_TM 
/*�����ð� */ , JOB_CD /*�۾��ڵ� */ , CHK_YN /*Ȯ�ο��� */ , LST_CHK_TS /*����Ȯ���Ͻ�*/ , DEL_YN /*�������� */ 
, PC_TS /*ó���Ͻ� */ , FST_PC_TS /*����ó���Ͻ�*/ , LUPD_CNT /*���������� */ ) VALUES( &apos;testDever&apos; , &apos;testCust&apos; 
, 2 , TO_TIMESTAMP(&apos;00010101 0000&apos;,&apos;YYYYMMDD HH24MI&apos;) , &apos;testJobCd&apos; , &apos;N&apos; , TO_TIMESTAMP(&apos;00010101 
000000.000000&apos;,&apos;YYYYMMDD HH24MISS.FF6&apos;) , &apos;N&apos; , SYSTIMESTAMP , SYSTIMESTAMP , 1 ) 

INFO : jdbc.sqltiming - INSERT INTO TS001_JOB_SCH( DEVER_ID /*������ID */ , CUST_ID /*��ID */ , SQNO /*�Ϸù�ȣ */ , SET_TM 
/*�����ð� */ , JOB_CD /*�۾��ڵ� */ , CHK_YN /*Ȯ�ο��� */ , LST_CHK_TS /*����Ȯ���Ͻ�*/ , DEL_YN /*�������� */ 
, PC_TS /*ó���Ͻ� */ , FST_PC_TS /*����ó���Ͻ�*/ , LUPD_CNT /*���������� */ ) VALUES( &apos;testDever&apos; , &apos;testCust&apos; 
, 2 , TO_TIMESTAMP(&apos;00010101 0000&apos;,&apos;YYYYMMDD HH24MI&apos;) , &apos;testJobCd&apos; , &apos;N&apos; , TO_TIMESTAMP(&apos;00010101 
000000.000000&apos;,&apos;YYYYMMDD HH24MISS.FF6&apos;) , &apos;N&apos; , SYSTIMESTAMP , SYSTIMESTAMP , 1 ) 
 {executed in 0 msec}
INFO : jdbc.audit - 12. PreparedStatement.execute() returned false
INFO : jdbc.audit - 12. PreparedStatement.getUpdateCount() returned 1
INFO : jdbc.audit - 12. PreparedStatement.close() returned 
INFO : jdbc.connection - 12. Connection closed
INFO : jdbc.audit - 12. Connection.close() returned 
INFO : jdbc.connection - 13. Connection opened
INFO : jdbc.audit - 13. Connection.new Connection returned 
INFO : jdbc.audit - 13. Connection.getAutoCommit() returned true
INFO : jdbc.audit - 13. Connection.setAutoCommit(false) returned 
INFO : org.springframework.test.context.transaction.TransactionContext - Began transaction (1) for test context [DefaultTestContext@78452d testClass = TestSrchJobSch, testInstance = com.pro.alarm.service.TestSrchJobSch@eca7c6, testMethod = test1203_srchJobSch_success@TestSrchJobSch, testException = [null], mergedContextConfiguration = [MergedContextConfiguration@1c25153 testClass = TestSrchJobSch, locations = &apos;{classpath:test-context.xml}&apos;, classes = &apos;{}&apos;, contextInitializerClasses = &apos;[]&apos;, activeProfiles = &apos;{}&apos;, propertySourceLocations = &apos;{}&apos;, propertySourceProperties = &apos;{}&apos;, contextCustomizers = set[[empty]], contextLoader = &apos;org.springframework.test.context.support.DelegatingSmartContextLoader&apos;, parent = [null]]]; transaction manager [org.springframework.jdbc.datasource.DataSourceTransactionManager@1bcd567]; rollback [true]
INFO : jdbc.audit - 13. Connection.getAutoCommit() returned false
INFO : jdbc.audit - 13. PreparedStatement.new PreparedStatement returned 
INFO : jdbc.audit - 13. Connection.prepareStatement(SELECT 	  DEVER_ID 	   												/*������ID*/
				, CUST_ID	  							 					/*��ID  */
				, SQNO		   												/*�Ϸù�ȣ  */
				, TO_CHAR(SET_TM,&apos;HH24MISS&apos;) AS SET_TM	   					/*�����ð�  */
				, JOB_CD	   												/*�۾��ڵ�  */
				, CHK_YN	   												/*Ȯ�ο���  */
				, TO_CHAR(LST_CHK_TS,&apos;YYYYMMDD HH24MISS.FF6&apos;) AS LST_CHK_TS /*����Ȯ���Ͻ�*/
				, WK_ITV_RULE                                               /*�ְ���Ģ*/
				, ST_MTH                                                    /*���ۿ�*/
				, ED_MTH                                                    /*�����*/
				, DEL_YN	   												/*��������  */
				, TO_CHAR(FST_PC_TS,&apos;YYYYMMDD HH24MISS.FF6&apos;) AS FST_PC_TS	/*����ó���Ͻ�*/
				, TO_CHAR(PC_TS,&apos;YYYYMMDD HH24MISS.FF6&apos;) AS PC_TS			/*ó���Ͻ�*/
				, LUPD_CNT	   												/*���������� */
		FROM	TS001_JOB_SCH
		WHERE	DEVER_ID 	= ?
		 
		 
		AND		PC_TS BETWEEN TO_TIMESTAMP(?,&apos;YYYYMMDD&apos;) AND TO_TIMESTAMP(?,&apos;YYYYMMDD&apos;)) returned net.sf.log4jdbc.sql.jdbcapi.PreparedStatementSpy@e3db41
INFO : jdbc.audit - 13. PreparedStatement.setString(1, &quot;testDever&quot;) returned 
INFO : jdbc.audit - 13. PreparedStatement.setString(2, &quot;20180519&quot;) returned 
INFO : jdbc.audit - 13. PreparedStatement.setString(3, &quot;20180521&quot;) returned 
INFO : jdbc.sqlonly - SELECT DEVER_ID /*������ID*/ , CUST_ID /*��ID */ , SQNO /*�Ϸù�ȣ */ , TO_CHAR(SET_TM,&apos;HH24MISS&apos;) 
AS SET_TM /*�����ð� */ , JOB_CD /*�۾��ڵ� */ , CHK_YN /*Ȯ�ο��� */ , TO_CHAR(LST_CHK_TS,&apos;YYYYMMDD HH24MISS.FF6&apos;) 
AS LST_CHK_TS /*����Ȯ���Ͻ�*/ , WK_ITV_RULE /*�ְ���Ģ*/ , ST_MTH /*���ۿ�*/ , ED_MTH /*�����*/ , DEL_YN 
/*�������� */ , TO_CHAR(FST_PC_TS,&apos;YYYYMMDD HH24MISS.FF6&apos;) AS FST_PC_TS /*����ó���Ͻ�*/ , TO_CHAR(PC_TS,&apos;YYYYMMDD 
HH24MISS.FF6&apos;) AS PC_TS /*ó���Ͻ�*/ , LUPD_CNT /*���������� */ FROM TS001_JOB_SCH WHERE DEVER_ID = 
&apos;testDever&apos; AND PC_TS BETWEEN TO_TIMESTAMP(&apos;20180519&apos;,&apos;YYYYMMDD&apos;) AND TO_TIMESTAMP(&apos;20180521&apos;,&apos;YYYYMMDD&apos;) 

INFO : jdbc.sqltiming - SELECT DEVER_ID /*������ID*/ , CUST_ID /*��ID */ , SQNO /*�Ϸù�ȣ */ , TO_CHAR(SET_TM,&apos;HH24MISS&apos;) 
AS SET_TM /*�����ð� */ , JOB_CD /*�۾��ڵ� */ , CHK_YN /*Ȯ�ο��� */ , TO_CHAR(LST_CHK_TS,&apos;YYYYMMDD HH24MISS.FF6&apos;) 
AS LST_CHK_TS /*����Ȯ���Ͻ�*/ , WK_ITV_RULE /*�ְ���Ģ*/ , ST_MTH /*���ۿ�*/ , ED_MTH /*�����*/ , DEL_YN 
/*�������� */ , TO_CHAR(FST_PC_TS,&apos;YYYYMMDD HH24MISS.FF6&apos;) AS FST_PC_TS /*����ó���Ͻ�*/ , TO_CHAR(PC_TS,&apos;YYYYMMDD 
HH24MISS.FF6&apos;) AS PC_TS /*ó���Ͻ�*/ , LUPD_CNT /*���������� */ FROM TS001_JOB_SCH WHERE DEVER_ID = 
&apos;testDever&apos; AND PC_TS BETWEEN TO_TIMESTAMP(&apos;20180519&apos;,&apos;YYYYMMDD&apos;) AND TO_TIMESTAMP(&apos;20180521&apos;,&apos;YYYYMMDD&apos;) 
 {executed in 15 msec}
INFO : jdbc.audit - 13. PreparedStatement.execute() returned true
INFO : jdbc.resultset - 13. ResultSet.new ResultSet returned 
INFO : jdbc.audit - 13. PreparedStatement.getResultSet() returned net.sf.log4jdbc.sql.jdbcapi.ResultSetSpy@bf8650
INFO : jdbc.resultset - 13. ResultSet.getMetaData() returned oracle.jdbc.driver.OracleResultSetMetaData@1c60324
INFO : jdbc.resultset - 13. ResultSet.getType() returned 1003
INFO : jdbc.resultset - 13. ResultSet.next() returned true
INFO : jdbc.resultset - 13. ResultSet.getString(DEVER_ID) returned testDever
INFO : jdbc.resultset - 13. ResultSet.wasNull() returned false
INFO : jdbc.resultset - 13. ResultSet.getString(CUST_ID) returned testCust
INFO : jdbc.resultset - 13. ResultSet.wasNull() returned false
INFO : jdbc.resultset - 13. ResultSet.getInt(SQNO) returned 1
INFO : jdbc.resultset - 13. ResultSet.wasNull() returned false
INFO : jdbc.resultset - 13. ResultSet.getString(SET_TM) returned 000000
INFO : jdbc.resultset - 13. ResultSet.wasNull() returned false
INFO : jdbc.resultset - 13. ResultSet.getString(JOB_CD) returned testJobCd
INFO : jdbc.resultset - 13. ResultSet.wasNull() returned false
INFO : jdbc.resultset - 13. ResultSet.getString(CHK_YN) returned N
INFO : jdbc.resultset - 13. ResultSet.wasNull() returned false
INFO : jdbc.resultset - 13. ResultSet.getString(LST_CHK_TS) returned 00010101 000000.000000
INFO : jdbc.resultset - 13. ResultSet.wasNull() returned false
INFO : jdbc.resultset - 13. ResultSet.getString(WK_ITV_RULE) returned 1111100
INFO : jdbc.resultset - 13. ResultSet.wasNull() returned false
INFO : jdbc.resultset - 13. ResultSet.getString(ST_MTH) returned 01
INFO : jdbc.resultset - 13. ResultSet.wasNull() returned false
INFO : jdbc.resultset - 13. ResultSet.getString(ED_MTH) returned 12
INFO : jdbc.resultset - 13. ResultSet.wasNull() returned false
INFO : jdbc.resultset - 13. ResultSet.getString(DEL_YN) returned N
INFO : jdbc.resultset - 13. ResultSet.wasNull() returned false
INFO : jdbc.resultset - 13. ResultSet.getString(FST_PC_TS) returned 20180520 051429.333000
INFO : jdbc.resultset - 13. ResultSet.wasNull() returned false
INFO : jdbc.resultset - 13. ResultSet.getString(PC_TS) returned 20180520 051429.333000
INFO : jdbc.resultset - 13. ResultSet.wasNull() returned false
INFO : jdbc.resultset - 13. ResultSet.getInt(LUPD_CNT) returned 1
INFO : jdbc.resultset - 13. ResultSet.wasNull() returned false
INFO : jdbc.resultset - 13. ResultSet.next() returned true
INFO : jdbc.resultset - 13. ResultSet.getString(DEVER_ID) returned testDever
INFO : jdbc.resultset - 13. ResultSet.wasNull() returned false
INFO : jdbc.resultset - 13. ResultSet.getString(CUST_ID) returned testCust
INFO : jdbc.resultset - 13. ResultSet.wasNull() returned false
INFO : jdbc.resultset - 13. ResultSet.getInt(SQNO) returned 2
INFO : jdbc.resultset - 13. ResultSet.wasNull() returned false
INFO : jdbc.resultset - 13. ResultSet.getString(SET_TM) returned 000000
INFO : jdbc.resultset - 13. ResultSet.wasNull() returned false
INFO : jdbc.resultset - 13. ResultSet.getString(JOB_CD) returned testJobCd
INFO : jdbc.resultset - 13. ResultSet.wasNull() returned false
INFO : jdbc.resultset - 13. ResultSet.getString(CHK_YN) returned N
INFO : jdbc.resultset - 13. ResultSet.wasNull() returned false
INFO : jdbc.resultset - 13. ResultSet.getString(LST_CHK_TS) returned 00010101 000000.000000
INFO : jdbc.resultset - 13. ResultSet.wasNull() returned false
INFO : jdbc.resultset - 13. ResultSet.getString(WK_ITV_RULE) returned 1111100
INFO : jdbc.resultset - 13. ResultSet.wasNull() returned false
INFO : jdbc.resultset - 13. ResultSet.getString(ST_MTH) returned 01
INFO : jdbc.resultset - 13. ResultSet.wasNull() returned false
INFO : jdbc.resultset - 13. ResultSet.getString(ED_MTH) returned 12
INFO : jdbc.resultset - 13. ResultSet.wasNull() returned false
INFO : jdbc.resultset - 13. ResultSet.getString(DEL_YN) returned N
INFO : jdbc.resultset - 13. ResultSet.wasNull() returned false
INFO : jdbc.resultset - 13. ResultSet.getString(FST_PC_TS) returned 20180520 051820.749000
INFO : jdbc.resultset - 13. ResultSet.wasNull() returned false
INFO : jdbc.resultset - 13. ResultSet.getString(PC_TS) returned 20180520 051820.749000
INFO : jdbc.resultset - 13. ResultSet.wasNull() returned false
INFO : jdbc.resultset - 13. ResultSet.getInt(LUPD_CNT) returned 1
INFO : jdbc.resultset - 13. ResultSet.wasNull() returned false
INFO : jdbc.resultsettable - 
|----------|---------|-----|-------|----------|-------|-----------------------|------------|-------|-------|-------|-----------------------|-----------------------|---------|
|dever_id  |cust_id  |sqno |set_tm |job_cd    |chk_yn |lst_chk_ts             |wk_itv_rule |st_mth |ed_mth |del_yn |fst_pc_ts              |pc_ts                  |lupd_cnt |
|----------|---------|-----|-------|----------|-------|-----------------------|------------|-------|-------|-------|-----------------------|-----------------------|---------|
|testDever |testCust |1    |000000 |testJobCd |N      |00010101 000000.000000 |1111100     |01     |12     |N      |20180520 051429.333000 |20180520 051429.333000 |1        |
|testDever |testCust |2    |000000 |testJobCd |N      |00010101 000000.000000 |1111100     |01     |12     |N      |20180520 051820.749000 |20180520 051820.749000 |1        |
|----------|---------|-----|-------|----------|-------|-----------------------|------------|-------|-------|-------|-----------------------|-----------------------|---------|

INFO : jdbc.resultset - 13. ResultSet.next() returned false
INFO : jdbc.resultset - 13. ResultSet.close() returned void
INFO : jdbc.audit - 13. PreparedStatement.getConnection() returned net.sf.log4jdbc.sql.jdbcapi.ConnectionSpy@10ca692
INFO : jdbc.audit - 13. Connection.getMetaData() returned oracle.jdbc.driver.OracleDatabaseMetaData@104774
INFO : jdbc.audit - 13. PreparedStatement.close() returned 
INFO : jdbc.audit - 13. Connection.rollback() returned 
INFO : jdbc.audit - 13. Connection.setAutoCommit(true) returned 
INFO : jdbc.audit - 13. Connection.isReadOnly() returned false
INFO : jdbc.connection - 13. Connection closed
INFO : jdbc.audit - 13. Connection.close() returned 
INFO : org.springframework.test.context.transaction.TransactionContext - Rolled back transaction for test context [DefaultTestContext@78452d testClass = TestSrchJobSch, testInstance = com.pro.alarm.service.TestSrchJobSch@eca7c6, testMethod = test1203_srchJobSch_success@TestSrchJobSch, testException = java.lang.AssertionError: ��ȸ�� �����Ͽ����ϴ�. expected:&lt;1&gt; but was:&lt;2&gt;, mergedContextConfiguration = [MergedContextConfiguration@1c25153 testClass = TestSrchJobSch, locations = &apos;{classpath:test-context.xml}&apos;, classes = &apos;{}&apos;, contextInitializerClasses = &apos;[]&apos;, activeProfiles = &apos;{}&apos;, propertySourceLocations = &apos;{}&apos;, propertySourceProperties = &apos;{}&apos;, contextCustomizers = set[[empty]], contextLoader = &apos;org.springframework.test.context.support.DelegatingSmartContextLoader&apos;, parent = [null]]].
INFO : jdbc.connection - 14. Connection opened
INFO : jdbc.audit - 14. Connection.new Connection returned 
INFO : jdbc.audit - 14. Connection.getAutoCommit() returned true
INFO : jdbc.audit - 14. PreparedStatement.new PreparedStatement returned 
INFO : jdbc.audit - 14. Connection.prepareStatement(DELETE 
		FROM    TS001_JOB_SCH 
		WHERE   DEVER_ID    = ?
		AND     CUST_ID     = ?
		AND     SQNO        = ?
		AND		LUPD_CNT	= ?) returned net.sf.log4jdbc.sql.jdbcapi.PreparedStatementSpy@517165
INFO : jdbc.audit - 14. PreparedStatement.setString(1, &quot;testDever&quot;) returned 
INFO : jdbc.audit - 14. PreparedStatement.setString(2, &quot;testCust&quot;) returned 
INFO : jdbc.audit - 14. PreparedStatement.setInt(3, 2) returned 
INFO : jdbc.audit - 14. PreparedStatement.setInt(4, 1) returned 
INFO : jdbc.sqlonly - DELETE FROM TS001_JOB_SCH WHERE DEVER_ID = &apos;testDever&apos; AND CUST_ID = &apos;testCust&apos; AND SQNO = 
2 AND LUPD_CNT = 1 

INFO : jdbc.sqltiming - DELETE FROM TS001_JOB_SCH WHERE DEVER_ID = &apos;testDever&apos; AND CUST_ID = &apos;testCust&apos; AND SQNO = 
2 AND LUPD_CNT = 1 
 {executed in 16 msec}
INFO : jdbc.audit - 14. PreparedStatement.execute() returned false
INFO : jdbc.audit - 14. PreparedStatement.getUpdateCount() returned 1
INFO : jdbc.audit - 14. PreparedStatement.close() returned 
INFO : jdbc.connection - 14. Connection closed
INFO : jdbc.audit - 14. Connection.close() returned 
</system-out>
  </testcase>
  <testcase classname="com.pro.alarm.service.TestSrchJobSch" name="test1204_srchJobSch_delayChk" time="0.062">
    <failure message="조회를 실패하였습니다. expected:&lt;1&gt; but was:&lt;2&gt;" type="java.lang.AssertionError">java.lang.AssertionError: 조회를 실패하였습니다. expected:&lt;1&gt; but was:&lt;2&gt;
	at org.junit.Assert.fail(Assert.java:88)
	at org.junit.Assert.failNotEquals(Assert.java:834)
	at org.junit.Assert.assertEquals(Assert.java:645)
	at com.pro.alarm.service.TestSrchJobSch.test1204_srchJobSch_delayChk(TestSrchJobSch.java:114)
	at sun.reflect.NativeMethodAccessorImpl.invoke0(Native Method)
	at sun.reflect.NativeMethodAccessorImpl.invoke(NativeMethodAccessorImpl.java:62)
	at sun.reflect.DelegatingMethodAccessorImpl.invoke(DelegatingMethodAccessorImpl.java:43)
	at java.lang.reflect.Method.invoke(Method.java:497)
	at org.junit.runners.model.FrameworkMethod$1.runReflectiveCall(FrameworkMethod.java:50)
	at org.junit.internal.runners.model.ReflectiveCallable.run(ReflectiveCallable.java:12)
	at org.junit.runners.model.FrameworkMethod.invokeExplosively(FrameworkMethod.java:47)
	at org.junit.internal.runners.statements.InvokeMethod.evaluate(InvokeMethod.java:17)
	at org.springframework.test.context.junit4.statements.RunBeforeTestMethodCallbacks.evaluate(RunBeforeTestMethodCallbacks.java:75)
	at org.springframework.test.context.junit4.statements.RunAfterTestMethodCallbacks.evaluate(RunAfterTestMethodCallbacks.java:86)
	at org.junit.rules.ExpectedException$ExpectedExceptionStatement.evaluate(ExpectedException.java:239)
	at org.junit.rules.RunRules.evaluate(RunRules.java:20)
	at org.springframework.test.context.junit4.statements.SpringRepeat.evaluate(SpringRepeat.java:84)
	at org.junit.runners.ParentRunner.runLeaf(ParentRunner.java:325)
	at org.springframework.test.context.junit4.SpringJUnit4ClassRunner.runChild(SpringJUnit4ClassRunner.java:252)
	at org.springframework.test.context.junit4.SpringJUnit4ClassRunner.runChild(SpringJUnit4ClassRunner.java:94)
	at org.junit.runners.ParentRunner$3.run(ParentRunner.java:290)
	at org.junit.runners.ParentRunner$1.schedule(ParentRunner.java:71)
	at org.junit.runners.ParentRunner.runChildren(ParentRunner.java:288)
	at org.junit.runners.ParentRunner.access$000(ParentRunner.java:58)
	at org.junit.runners.ParentRunner$2.evaluate(ParentRunner.java:268)
	at org.springframework.test.context.junit4.statements.RunBeforeTestClassCallbacks.evaluate(RunBeforeTestClassCallbacks.java:61)
	at org.springframework.test.context.junit4.statements.RunAfterTestClassCallbacks.evaluate(RunAfterTestClassCallbacks.java:70)
	at org.junit.runners.ParentRunner.run(ParentRunner.java:363)
	at org.springframework.test.context.junit4.SpringJUnit4ClassRunner.run(SpringJUnit4ClassRunner.java:191)
	at org.apache.maven.surefire.junit4.JUnit4Provider.execute(JUnit4Provider.java:252)
	at org.apache.maven.surefire.junit4.JUnit4Provider.executeTestSet(JUnit4Provider.java:141)
	at org.apache.maven.surefire.junit4.JUnit4Provider.invoke(JUnit4Provider.java:112)
	at sun.reflect.NativeMethodAccessorImpl.invoke0(Native Method)
	at sun.reflect.NativeMethodAccessorImpl.invoke(NativeMethodAccessorImpl.java:62)
	at sun.reflect.DelegatingMethodAccessorImpl.invoke(DelegatingMethodAccessorImpl.java:43)
	at java.lang.reflect.Method.invoke(Method.java:497)
	at org.apache.maven.surefire.util.ReflectionUtils.invokeMethodWithArray(ReflectionUtils.java:189)
	at org.apache.maven.surefire.booter.ProviderFactory$ProviderProxy.invoke(ProviderFactory.java:165)
	at org.apache.maven.surefire.booter.ProviderFactory.invokeProvider(ProviderFactory.java:85)
	at org.apache.maven.surefire.booter.ForkedBooter.runSuitesInProcess(ForkedBooter.java:115)
	at org.apache.maven.surefire.booter.ForkedBooter.main(ForkedBooter.java:75)
</failure>
    <system-out>INFO : jdbc.connection - 15. Connection opened
INFO : jdbc.audit - 15. Connection.new Connection returned 
INFO : jdbc.audit - 15. Connection.getAutoCommit() returned true
INFO : jdbc.audit - 15. PreparedStatement.new PreparedStatement returned 
INFO : jdbc.audit - 15. Connection.prepareStatement(SELECT 	NVL(MAX(SQNO),0) + 1 AS SQNO 
		FROM 	TS001_JOB_SCH 
		WHERE 	DEVER_ID	= ?
		AND		CUST_ID		= ?) returned net.sf.log4jdbc.sql.jdbcapi.PreparedStatementSpy@1389cb8
INFO : jdbc.audit - 15. PreparedStatement.setString(1, &quot;testDever&quot;) returned 
INFO : jdbc.audit - 15. PreparedStatement.setString(2, &quot;testCust&quot;) returned 
INFO : jdbc.sqlonly - SELECT NVL(MAX(SQNO),0) + 1 AS SQNO FROM TS001_JOB_SCH WHERE DEVER_ID = &apos;testDever&apos; AND CUST_ID 
= &apos;testCust&apos; 

INFO : jdbc.sqltiming - SELECT NVL(MAX(SQNO),0) + 1 AS SQNO FROM TS001_JOB_SCH WHERE DEVER_ID = &apos;testDever&apos; AND CUST_ID 
= &apos;testCust&apos; 
 {executed in 0 msec}
INFO : jdbc.audit - 15. PreparedStatement.execute() returned true
INFO : jdbc.resultset - 15. ResultSet.new ResultSet returned 
INFO : jdbc.audit - 15. PreparedStatement.getResultSet() returned net.sf.log4jdbc.sql.jdbcapi.ResultSetSpy@19a20a6
INFO : jdbc.resultset - 15. ResultSet.getMetaData() returned oracle.jdbc.driver.OracleResultSetMetaData@133377b
INFO : jdbc.resultset - 15. ResultSet.getType() returned 1003
INFO : jdbc.resultset - 15. ResultSet.next() returned true
INFO : jdbc.resultset - 15. ResultSet.getInt(SQNO) returned 2
INFO : jdbc.resultset - 15. ResultSet.wasNull() returned false
INFO : jdbc.resultsettable - 
|-----|
|sqno |
|-----|
|2    |
|-----|

INFO : jdbc.resultset - 15. ResultSet.next() returned false
INFO : jdbc.resultset - 15. ResultSet.close() returned void
INFO : jdbc.audit - 15. PreparedStatement.getConnection() returned net.sf.log4jdbc.sql.jdbcapi.ConnectionSpy@183649e
INFO : jdbc.audit - 15. Connection.getMetaData() returned oracle.jdbc.driver.OracleDatabaseMetaData@fde30a
INFO : jdbc.audit - 15. PreparedStatement.close() returned 
INFO : jdbc.audit - 15. PreparedStatement.new PreparedStatement returned 
INFO : jdbc.audit - 15. Connection.prepareStatement(INSERT INTO	TS001_JOB_SCH(
							  DEVER_ID 	   /*������ID	*/
							, CUST_ID	   /*��ID  */
							, SQNO		   /*�Ϸù�ȣ  */
							, SET_TM	   /*�����ð�  */
							, JOB_CD	   /*�۾��ڵ�  */
							, CHK_YN	   /*Ȯ�ο���  */
							, LST_CHK_TS   /*����Ȯ���Ͻ�*/
							 
							 
							 
							, DEL_YN	   /*��������  */
							, PC_TS		   /*ó���Ͻ�  */
							, FST_PC_TS	   /*����ó���Ͻ�*/
							, LUPD_CNT	   /*���������� */
							)
					VALUES(
							  ?
							, ?
							, ?
							, TO_TIMESTAMP(?,&apos;YYYYMMDD HH24MI&apos;)
							, ?
							, &apos;N&apos;
							, TO_TIMESTAMP(&apos;00010101 000000.000000&apos;,&apos;YYYYMMDD HH24MISS.FF6&apos;)
							 
							 
							 
							, &apos;N&apos;
							, SYSTIMESTAMP
							, SYSTIMESTAMP
							, 1
							)) returned net.sf.log4jdbc.sql.jdbcapi.PreparedStatementSpy@f27ea3
INFO : jdbc.audit - 15. PreparedStatement.setString(1, &quot;testDever&quot;) returned 
INFO : jdbc.audit - 15. PreparedStatement.setString(2, &quot;testCust&quot;) returned 
INFO : jdbc.audit - 15. PreparedStatement.setInt(3, 2) returned 
INFO : jdbc.audit - 15. PreparedStatement.setString(4, &quot;00010101 0000&quot;) returned 
INFO : jdbc.audit - 15. PreparedStatement.setString(5, &quot;testJobCd&quot;) returned 
INFO : jdbc.sqlonly - INSERT INTO TS001_JOB_SCH( DEVER_ID /*������ID */ , CUST_ID /*��ID */ , SQNO /*�Ϸù�ȣ */ , SET_TM 
/*�����ð� */ , JOB_CD /*�۾��ڵ� */ , CHK_YN /*Ȯ�ο��� */ , LST_CHK_TS /*����Ȯ���Ͻ�*/ , DEL_YN /*�������� */ 
, PC_TS /*ó���Ͻ� */ , FST_PC_TS /*����ó���Ͻ�*/ , LUPD_CNT /*���������� */ ) VALUES( &apos;testDever&apos; , &apos;testCust&apos; 
, 2 , TO_TIMESTAMP(&apos;00010101 0000&apos;,&apos;YYYYMMDD HH24MI&apos;) , &apos;testJobCd&apos; , &apos;N&apos; , TO_TIMESTAMP(&apos;00010101 
000000.000000&apos;,&apos;YYYYMMDD HH24MISS.FF6&apos;) , &apos;N&apos; , SYSTIMESTAMP , SYSTIMESTAMP , 1 ) 

INFO : jdbc.sqltiming - INSERT INTO TS001_JOB_SCH( DEVER_ID /*������ID */ , CUST_ID /*��ID */ , SQNO /*�Ϸù�ȣ */ , SET_TM 
/*�����ð� */ , JOB_CD /*�۾��ڵ� */ , CHK_YN /*Ȯ�ο��� */ , LST_CHK_TS /*����Ȯ���Ͻ�*/ , DEL_YN /*�������� */ 
, PC_TS /*ó���Ͻ� */ , FST_PC_TS /*����ó���Ͻ�*/ , LUPD_CNT /*���������� */ ) VALUES( &apos;testDever&apos; , &apos;testCust&apos; 
, 2 , TO_TIMESTAMP(&apos;00010101 0000&apos;,&apos;YYYYMMDD HH24MI&apos;) , &apos;testJobCd&apos; , &apos;N&apos; , TO_TIMESTAMP(&apos;00010101 
000000.000000&apos;,&apos;YYYYMMDD HH24MISS.FF6&apos;) , &apos;N&apos; , SYSTIMESTAMP , SYSTIMESTAMP , 1 ) 
 {executed in 0 msec}
INFO : jdbc.audit - 15. PreparedStatement.execute() returned false
INFO : jdbc.audit - 15. PreparedStatement.getUpdateCount() returned 1
INFO : jdbc.audit - 15. PreparedStatement.close() returned 
INFO : jdbc.connection - 15. Connection closed
INFO : jdbc.audit - 15. Connection.close() returned 
INFO : jdbc.connection - 16. Connection opened
INFO : jdbc.audit - 16. Connection.new Connection returned 
INFO : jdbc.audit - 16. Connection.getAutoCommit() returned true
INFO : jdbc.audit - 16. Connection.setAutoCommit(false) returned 
INFO : org.springframework.test.context.transaction.TransactionContext - Began transaction (1) for test context [DefaultTestContext@78452d testClass = TestSrchJobSch, testInstance = com.pro.alarm.service.TestSrchJobSch@1dcf4b0, testMethod = test1204_srchJobSch_delayChk@TestSrchJobSch, testException = [null], mergedContextConfiguration = [MergedContextConfiguration@1c25153 testClass = TestSrchJobSch, locations = &apos;{classpath:test-context.xml}&apos;, classes = &apos;{}&apos;, contextInitializerClasses = &apos;[]&apos;, activeProfiles = &apos;{}&apos;, propertySourceLocations = &apos;{}&apos;, propertySourceProperties = &apos;{}&apos;, contextCustomizers = set[[empty]], contextLoader = &apos;org.springframework.test.context.support.DelegatingSmartContextLoader&apos;, parent = [null]]]; transaction manager [org.springframework.jdbc.datasource.DataSourceTransactionManager@1bcd567]; rollback [true]
INFO : jdbc.audit - 16. Connection.getAutoCommit() returned false
INFO : jdbc.audit - 16. PreparedStatement.new PreparedStatement returned 
INFO : jdbc.audit - 16. Connection.prepareStatement(SELECT 	  DEVER_ID 	   												/*������ID*/
				, CUST_ID	  							 					/*��ID  */
				, SQNO		   												/*�Ϸù�ȣ  */
				, TO_CHAR(SET_TM,&apos;HH24MISS&apos;) AS SET_TM	   					/*�����ð�  */
				, JOB_CD	   												/*�۾��ڵ�  */
				, CHK_YN	   												/*Ȯ�ο���  */
				, TO_CHAR(LST_CHK_TS,&apos;YYYYMMDD HH24MISS.FF6&apos;) AS LST_CHK_TS /*����Ȯ���Ͻ�*/
				, WK_ITV_RULE                                               /*�ְ���Ģ*/
				, ST_MTH                                                    /*���ۿ�*/
				, ED_MTH                                                    /*�����*/
				, DEL_YN	   												/*��������  */
				, TO_CHAR(FST_PC_TS,&apos;YYYYMMDD HH24MISS.FF6&apos;) AS FST_PC_TS	/*����ó���Ͻ�*/
				, TO_CHAR(PC_TS,&apos;YYYYMMDD HH24MISS.FF6&apos;) AS PC_TS			/*ó���Ͻ�*/
				, LUPD_CNT	   												/*���������� */
		FROM	TS001_JOB_SCH
		WHERE	DEVER_ID 	= ?
		 
		 
		 
		AND		CHK_YN		= &apos;N&apos;
		AND		TO_CHAR(SET_TM,&apos;HH24MISS&apos;) &lt; TO_CHAR(SYSTIMESTAMP,&apos;HH24MISS&apos;)
		AND		DEL_YN 		= &apos;N&apos;) returned net.sf.log4jdbc.sql.jdbcapi.PreparedStatementSpy@16c03cb
INFO : jdbc.audit - 16. PreparedStatement.setString(1, &quot;testDever&quot;) returned 
INFO : jdbc.sqlonly - SELECT DEVER_ID /*������ID*/ , CUST_ID /*��ID */ , SQNO /*�Ϸù�ȣ */ , TO_CHAR(SET_TM,&apos;HH24MISS&apos;) 
AS SET_TM /*�����ð� */ , JOB_CD /*�۾��ڵ� */ , CHK_YN /*Ȯ�ο��� */ , TO_CHAR(LST_CHK_TS,&apos;YYYYMMDD HH24MISS.FF6&apos;) 
AS LST_CHK_TS /*����Ȯ���Ͻ�*/ , WK_ITV_RULE /*�ְ���Ģ*/ , ST_MTH /*���ۿ�*/ , ED_MTH /*�����*/ , DEL_YN 
/*�������� */ , TO_CHAR(FST_PC_TS,&apos;YYYYMMDD HH24MISS.FF6&apos;) AS FST_PC_TS /*����ó���Ͻ�*/ , TO_CHAR(PC_TS,&apos;YYYYMMDD 
HH24MISS.FF6&apos;) AS PC_TS /*ó���Ͻ�*/ , LUPD_CNT /*���������� */ FROM TS001_JOB_SCH WHERE DEVER_ID = 
&apos;testDever&apos; AND CHK_YN = &apos;N&apos; AND TO_CHAR(SET_TM,&apos;HH24MISS&apos;) &lt; TO_CHAR(SYSTIMESTAMP,&apos;HH24MISS&apos;) 
AND DEL_YN = &apos;N&apos; 

INFO : jdbc.sqltiming - SELECT DEVER_ID /*������ID*/ , CUST_ID /*��ID */ , SQNO /*�Ϸù�ȣ */ , TO_CHAR(SET_TM,&apos;HH24MISS&apos;) 
AS SET_TM /*�����ð� */ , JOB_CD /*�۾��ڵ� */ , CHK_YN /*Ȯ�ο��� */ , TO_CHAR(LST_CHK_TS,&apos;YYYYMMDD HH24MISS.FF6&apos;) 
AS LST_CHK_TS /*����Ȯ���Ͻ�*/ , WK_ITV_RULE /*�ְ���Ģ*/ , ST_MTH /*���ۿ�*/ , ED_MTH /*�����*/ , DEL_YN 
/*�������� */ , TO_CHAR(FST_PC_TS,&apos;YYYYMMDD HH24MISS.FF6&apos;) AS FST_PC_TS /*����ó���Ͻ�*/ , TO_CHAR(PC_TS,&apos;YYYYMMDD 
HH24MISS.FF6&apos;) AS PC_TS /*ó���Ͻ�*/ , LUPD_CNT /*���������� */ FROM TS001_JOB_SCH WHERE DEVER_ID = 
&apos;testDever&apos; AND CHK_YN = &apos;N&apos; AND TO_CHAR(SET_TM,&apos;HH24MISS&apos;) &lt; TO_CHAR(SYSTIMESTAMP,&apos;HH24MISS&apos;) 
AND DEL_YN = &apos;N&apos; 
 {executed in 0 msec}
INFO : jdbc.audit - 16. PreparedStatement.execute() returned true
INFO : jdbc.resultset - 16. ResultSet.new ResultSet returned 
INFO : jdbc.audit - 16. PreparedStatement.getResultSet() returned net.sf.log4jdbc.sql.jdbcapi.ResultSetSpy@f699d5
INFO : jdbc.resultset - 16. ResultSet.getMetaData() returned oracle.jdbc.driver.OracleResultSetMetaData@518ccf
INFO : jdbc.resultset - 16. ResultSet.getType() returned 1003
INFO : jdbc.resultset - 16. ResultSet.next() returned true
INFO : jdbc.resultset - 16. ResultSet.getString(DEVER_ID) returned testDever
INFO : jdbc.resultset - 16. ResultSet.wasNull() returned false
INFO : jdbc.resultset - 16. ResultSet.getString(CUST_ID) returned testCust
INFO : jdbc.resultset - 16. ResultSet.wasNull() returned false
INFO : jdbc.resultset - 16. ResultSet.getInt(SQNO) returned 1
INFO : jdbc.resultset - 16. ResultSet.wasNull() returned false
INFO : jdbc.resultset - 16. ResultSet.getString(SET_TM) returned 000000
INFO : jdbc.resultset - 16. ResultSet.wasNull() returned false
INFO : jdbc.resultset - 16. ResultSet.getString(JOB_CD) returned testJobCd
INFO : jdbc.resultset - 16. ResultSet.wasNull() returned false
INFO : jdbc.resultset - 16. ResultSet.getString(CHK_YN) returned N
INFO : jdbc.resultset - 16. ResultSet.wasNull() returned false
INFO : jdbc.resultset - 16. ResultSet.getString(LST_CHK_TS) returned 00010101 000000.000000
INFO : jdbc.resultset - 16. ResultSet.wasNull() returned false
INFO : jdbc.resultset - 16. ResultSet.getString(WK_ITV_RULE) returned 1111100
INFO : jdbc.resultset - 16. ResultSet.wasNull() returned false
INFO : jdbc.resultset - 16. ResultSet.getString(ST_MTH) returned 01
INFO : jdbc.resultset - 16. ResultSet.wasNull() returned false
INFO : jdbc.resultset - 16. ResultSet.getString(ED_MTH) returned 12
INFO : jdbc.resultset - 16. ResultSet.wasNull() returned false
INFO : jdbc.resultset - 16. ResultSet.getString(DEL_YN) returned N
INFO : jdbc.resultset - 16. ResultSet.wasNull() returned false
INFO : jdbc.resultset - 16. ResultSet.getString(FST_PC_TS) returned 20180520 051429.333000
INFO : jdbc.resultset - 16. ResultSet.wasNull() returned false
INFO : jdbc.resultset - 16. ResultSet.getString(PC_TS) returned 20180520 051429.333000
INFO : jdbc.resultset - 16. ResultSet.wasNull() returned false
INFO : jdbc.resultset - 16. ResultSet.getInt(LUPD_CNT) returned 1
INFO : jdbc.resultset - 16. ResultSet.wasNull() returned false
INFO : jdbc.resultset - 16. ResultSet.next() returned true
INFO : jdbc.resultset - 16. ResultSet.getString(DEVER_ID) returned testDever
INFO : jdbc.resultset - 16. ResultSet.wasNull() returned false
INFO : jdbc.resultset - 16. ResultSet.getString(CUST_ID) returned testCust
INFO : jdbc.resultset - 16. ResultSet.wasNull() returned false
INFO : jdbc.resultset - 16. ResultSet.getInt(SQNO) returned 2
INFO : jdbc.resultset - 16. ResultSet.wasNull() returned false
INFO : jdbc.resultset - 16. ResultSet.getString(SET_TM) returned 000000
INFO : jdbc.resultset - 16. ResultSet.wasNull() returned false
INFO : jdbc.resultset - 16. ResultSet.getString(JOB_CD) returned testJobCd
INFO : jdbc.resultset - 16. ResultSet.wasNull() returned false
INFO : jdbc.resultset - 16. ResultSet.getString(CHK_YN) returned N
INFO : jdbc.resultset - 16. ResultSet.wasNull() returned false
INFO : jdbc.resultset - 16. ResultSet.getString(LST_CHK_TS) returned 00010101 000000.000000
INFO : jdbc.resultset - 16. ResultSet.wasNull() returned false
INFO : jdbc.resultset - 16. ResultSet.getString(WK_ITV_RULE) returned 1111100
INFO : jdbc.resultset - 16. ResultSet.wasNull() returned false
INFO : jdbc.resultset - 16. ResultSet.getString(ST_MTH) returned 01
INFO : jdbc.resultset - 16. ResultSet.wasNull() returned false
INFO : jdbc.resultset - 16. ResultSet.getString(ED_MTH) returned 12
INFO : jdbc.resultset - 16. ResultSet.wasNull() returned false
INFO : jdbc.resultset - 16. ResultSet.getString(DEL_YN) returned N
INFO : jdbc.resultset - 16. ResultSet.wasNull() returned false
INFO : jdbc.resultset - 16. ResultSet.getString(FST_PC_TS) returned 20180520 051820.827000
INFO : jdbc.resultset - 16. ResultSet.wasNull() returned false
INFO : jdbc.resultset - 16. ResultSet.getString(PC_TS) returned 20180520 051820.827000
INFO : jdbc.resultset - 16. ResultSet.wasNull() returned false
INFO : jdbc.resultset - 16. ResultSet.getInt(LUPD_CNT) returned 1
INFO : jdbc.resultset - 16. ResultSet.wasNull() returned false
INFO : jdbc.resultsettable - 
|----------|---------|-----|-------|----------|-------|-----------------------|------------|-------|-------|-------|-----------------------|-----------------------|---------|
|dever_id  |cust_id  |sqno |set_tm |job_cd    |chk_yn |lst_chk_ts             |wk_itv_rule |st_mth |ed_mth |del_yn |fst_pc_ts              |pc_ts                  |lupd_cnt |
|----------|---------|-----|-------|----------|-------|-----------------------|------------|-------|-------|-------|-----------------------|-----------------------|---------|
|testDever |testCust |1    |000000 |testJobCd |N      |00010101 000000.000000 |1111100     |01     |12     |N      |20180520 051429.333000 |20180520 051429.333000 |1        |
|testDever |testCust |2    |000000 |testJobCd |N      |00010101 000000.000000 |1111100     |01     |12     |N      |20180520 051820.827000 |20180520 051820.827000 |1        |
|----------|---------|-----|-------|----------|-------|-----------------------|------------|-------|-------|-------|-----------------------|-----------------------|---------|

INFO : jdbc.resultset - 16. ResultSet.next() returned false
INFO : jdbc.resultset - 16. ResultSet.close() returned void
INFO : jdbc.audit - 16. PreparedStatement.getConnection() returned net.sf.log4jdbc.sql.jdbcapi.ConnectionSpy@191f767
INFO : jdbc.audit - 16. Connection.getMetaData() returned oracle.jdbc.driver.OracleDatabaseMetaData@8ccdc5
INFO : jdbc.audit - 16. PreparedStatement.close() returned 
INFO : jdbc.audit - 16. Connection.rollback() returned 
INFO : jdbc.audit - 16. Connection.setAutoCommit(true) returned 
INFO : jdbc.audit - 16. Connection.isReadOnly() returned false
INFO : jdbc.connection - 16. Connection closed
INFO : jdbc.audit - 16. Connection.close() returned 
INFO : org.springframework.test.context.transaction.TransactionContext - Rolled back transaction for test context [DefaultTestContext@78452d testClass = TestSrchJobSch, testInstance = com.pro.alarm.service.TestSrchJobSch@1dcf4b0, testMethod = test1204_srchJobSch_delayChk@TestSrchJobSch, testException = java.lang.AssertionError: ��ȸ�� �����Ͽ����ϴ�. expected:&lt;1&gt; but was:&lt;2&gt;, mergedContextConfiguration = [MergedContextConfiguration@1c25153 testClass = TestSrchJobSch, locations = &apos;{classpath:test-context.xml}&apos;, classes = &apos;{}&apos;, contextInitializerClasses = &apos;[]&apos;, activeProfiles = &apos;{}&apos;, propertySourceLocations = &apos;{}&apos;, propertySourceProperties = &apos;{}&apos;, contextCustomizers = set[[empty]], contextLoader = &apos;org.springframework.test.context.support.DelegatingSmartContextLoader&apos;, parent = [null]]].
INFO : jdbc.connection - 17. Connection opened
INFO : jdbc.audit - 17. Connection.new Connection returned 
INFO : jdbc.audit - 17. Connection.getAutoCommit() returned true
INFO : jdbc.audit - 17. PreparedStatement.new PreparedStatement returned 
INFO : jdbc.audit - 17. Connection.prepareStatement(DELETE 
		FROM    TS001_JOB_SCH 
		WHERE   DEVER_ID    = ?
		AND     CUST_ID     = ?
		AND     SQNO        = ?
		AND		LUPD_CNT	= ?) returned net.sf.log4jdbc.sql.jdbcapi.PreparedStatementSpy@650953
INFO : jdbc.audit - 17. PreparedStatement.setString(1, &quot;testDever&quot;) returned 
INFO : jdbc.audit - 17. PreparedStatement.setString(2, &quot;testCust&quot;) returned 
INFO : jdbc.audit - 17. PreparedStatement.setInt(3, 2) returned 
INFO : jdbc.audit - 17. PreparedStatement.setInt(4, 1) returned 
INFO : jdbc.sqlonly - DELETE FROM TS001_JOB_SCH WHERE DEVER_ID = &apos;testDever&apos; AND CUST_ID = &apos;testCust&apos; AND SQNO = 
2 AND LUPD_CNT = 1 

INFO : jdbc.sqltiming - DELETE FROM TS001_JOB_SCH WHERE DEVER_ID = &apos;testDever&apos; AND CUST_ID = &apos;testCust&apos; AND SQNO = 
2 AND LUPD_CNT = 1 
 {executed in 0 msec}
INFO : jdbc.audit - 17. PreparedStatement.execute() returned false
INFO : jdbc.audit - 17. PreparedStatement.getUpdateCount() returned 1
INFO : jdbc.audit - 17. PreparedStatement.close() returned 
INFO : jdbc.connection - 17. Connection closed
INFO : jdbc.audit - 17. Connection.close() returned 
</system-out>
  </testcase>
  <testcase classname="com.pro.alarm.service.TestSrchJobSch" name="test1205_srchJobSch_orderByCustId" time="0.063">
    <failure message="조회를 실패하였습니다. expected:&lt;1&gt; but was:&lt;2&gt;" type="java.lang.AssertionError">java.lang.AssertionError: 조회를 실패하였습니다. expected:&lt;1&gt; but was:&lt;2&gt;
	at org.junit.Assert.fail(Assert.java:88)
	at org.junit.Assert.failNotEquals(Assert.java:834)
	at org.junit.Assert.assertEquals(Assert.java:645)
	at com.pro.alarm.service.TestSrchJobSch.test1205_srchJobSch_orderByCustId(TestSrchJobSch.java:126)
	at sun.reflect.NativeMethodAccessorImpl.invoke0(Native Method)
	at sun.reflect.NativeMethodAccessorImpl.invoke(NativeMethodAccessorImpl.java:62)
	at sun.reflect.DelegatingMethodAccessorImpl.invoke(DelegatingMethodAccessorImpl.java:43)
	at java.lang.reflect.Method.invoke(Method.java:497)
	at org.junit.runners.model.FrameworkMethod$1.runReflectiveCall(FrameworkMethod.java:50)
	at org.junit.internal.runners.model.ReflectiveCallable.run(ReflectiveCallable.java:12)
	at org.junit.runners.model.FrameworkMethod.invokeExplosively(FrameworkMethod.java:47)
	at org.junit.internal.runners.statements.InvokeMethod.evaluate(InvokeMethod.java:17)
	at org.springframework.test.context.junit4.statements.RunBeforeTestMethodCallbacks.evaluate(RunBeforeTestMethodCallbacks.java:75)
	at org.springframework.test.context.junit4.statements.RunAfterTestMethodCallbacks.evaluate(RunAfterTestMethodCallbacks.java:86)
	at org.junit.rules.ExpectedException$ExpectedExceptionStatement.evaluate(ExpectedException.java:239)
	at org.junit.rules.RunRules.evaluate(RunRules.java:20)
	at org.springframework.test.context.junit4.statements.SpringRepeat.evaluate(SpringRepeat.java:84)
	at org.junit.runners.ParentRunner.runLeaf(ParentRunner.java:325)
	at org.springframework.test.context.junit4.SpringJUnit4ClassRunner.runChild(SpringJUnit4ClassRunner.java:252)
	at org.springframework.test.context.junit4.SpringJUnit4ClassRunner.runChild(SpringJUnit4ClassRunner.java:94)
	at org.junit.runners.ParentRunner$3.run(ParentRunner.java:290)
	at org.junit.runners.ParentRunner$1.schedule(ParentRunner.java:71)
	at org.junit.runners.ParentRunner.runChildren(ParentRunner.java:288)
	at org.junit.runners.ParentRunner.access$000(ParentRunner.java:58)
	at org.junit.runners.ParentRunner$2.evaluate(ParentRunner.java:268)
	at org.springframework.test.context.junit4.statements.RunBeforeTestClassCallbacks.evaluate(RunBeforeTestClassCallbacks.java:61)
	at org.springframework.test.context.junit4.statements.RunAfterTestClassCallbacks.evaluate(RunAfterTestClassCallbacks.java:70)
	at org.junit.runners.ParentRunner.run(ParentRunner.java:363)
	at org.springframework.test.context.junit4.SpringJUnit4ClassRunner.run(SpringJUnit4ClassRunner.java:191)
	at org.apache.maven.surefire.junit4.JUnit4Provider.execute(JUnit4Provider.java:252)
	at org.apache.maven.surefire.junit4.JUnit4Provider.executeTestSet(JUnit4Provider.java:141)
	at org.apache.maven.surefire.junit4.JUnit4Provider.invoke(JUnit4Provider.java:112)
	at sun.reflect.NativeMethodAccessorImpl.invoke0(Native Method)
	at sun.reflect.NativeMethodAccessorImpl.invoke(NativeMethodAccessorImpl.java:62)
	at sun.reflect.DelegatingMethodAccessorImpl.invoke(DelegatingMethodAccessorImpl.java:43)
	at java.lang.reflect.Method.invoke(Method.java:497)
	at org.apache.maven.surefire.util.ReflectionUtils.invokeMethodWithArray(ReflectionUtils.java:189)
	at org.apache.maven.surefire.booter.ProviderFactory$ProviderProxy.invoke(ProviderFactory.java:165)
	at org.apache.maven.surefire.booter.ProviderFactory.invokeProvider(ProviderFactory.java:85)
	at org.apache.maven.surefire.booter.ForkedBooter.runSuitesInProcess(ForkedBooter.java:115)
	at org.apache.maven.surefire.booter.ForkedBooter.main(ForkedBooter.java:75)
</failure>
    <system-out>INFO : jdbc.connection - 18. Connection opened
INFO : jdbc.audit - 18. Connection.new Connection returned 
INFO : jdbc.audit - 18. Connection.getAutoCommit() returned true
INFO : jdbc.audit - 18. PreparedStatement.new PreparedStatement returned 
INFO : jdbc.audit - 18. Connection.prepareStatement(SELECT 	NVL(MAX(SQNO),0) + 1 AS SQNO 
		FROM 	TS001_JOB_SCH 
		WHERE 	DEVER_ID	= ?
		AND		CUST_ID		= ?) returned net.sf.log4jdbc.sql.jdbcapi.PreparedStatementSpy@88b073
INFO : jdbc.audit - 18. PreparedStatement.setString(1, &quot;testDever&quot;) returned 
INFO : jdbc.audit - 18. PreparedStatement.setString(2, &quot;testCust&quot;) returned 
INFO : jdbc.sqlonly - SELECT NVL(MAX(SQNO),0) + 1 AS SQNO FROM TS001_JOB_SCH WHERE DEVER_ID = &apos;testDever&apos; AND CUST_ID 
= &apos;testCust&apos; 

INFO : jdbc.sqltiming - SELECT NVL(MAX(SQNO),0) + 1 AS SQNO FROM TS001_JOB_SCH WHERE DEVER_ID = &apos;testDever&apos; AND CUST_ID 
= &apos;testCust&apos; 
 {executed in 0 msec}
INFO : jdbc.audit - 18. PreparedStatement.execute() returned true
INFO : jdbc.resultset - 18. ResultSet.new ResultSet returned 
INFO : jdbc.audit - 18. PreparedStatement.getResultSet() returned net.sf.log4jdbc.sql.jdbcapi.ResultSetSpy@9f0a20
INFO : jdbc.resultset - 18. ResultSet.getMetaData() returned oracle.jdbc.driver.OracleResultSetMetaData@1787112
INFO : jdbc.resultset - 18. ResultSet.getType() returned 1003
INFO : jdbc.resultset - 18. ResultSet.next() returned true
INFO : jdbc.resultset - 18. ResultSet.getInt(SQNO) returned 2
INFO : jdbc.resultset - 18. ResultSet.wasNull() returned false
INFO : jdbc.resultsettable - 
|-----|
|sqno |
|-----|
|2    |
|-----|

INFO : jdbc.resultset - 18. ResultSet.next() returned false
INFO : jdbc.resultset - 18. ResultSet.close() returned void
INFO : jdbc.audit - 18. PreparedStatement.getConnection() returned net.sf.log4jdbc.sql.jdbcapi.ConnectionSpy@d201a8
INFO : jdbc.audit - 18. Connection.getMetaData() returned oracle.jdbc.driver.OracleDatabaseMetaData@1b82169
INFO : jdbc.audit - 18. PreparedStatement.close() returned 
INFO : jdbc.audit - 18. PreparedStatement.new PreparedStatement returned 
INFO : jdbc.audit - 18. Connection.prepareStatement(INSERT INTO	TS001_JOB_SCH(
							  DEVER_ID 	   /*������ID	*/
							, CUST_ID	   /*��ID  */
							, SQNO		   /*�Ϸù�ȣ  */
							, SET_TM	   /*�����ð�  */
							, JOB_CD	   /*�۾��ڵ�  */
							, CHK_YN	   /*Ȯ�ο���  */
							, LST_CHK_TS   /*����Ȯ���Ͻ�*/
							 
							 
							 
							, DEL_YN	   /*��������  */
							, PC_TS		   /*ó���Ͻ�  */
							, FST_PC_TS	   /*����ó���Ͻ�*/
							, LUPD_CNT	   /*���������� */
							)
					VALUES(
							  ?
							, ?
							, ?
							, TO_TIMESTAMP(?,&apos;YYYYMMDD HH24MI&apos;)
							, ?
							, &apos;N&apos;
							, TO_TIMESTAMP(&apos;00010101 000000.000000&apos;,&apos;YYYYMMDD HH24MISS.FF6&apos;)
							 
							 
							 
							, &apos;N&apos;
							, SYSTIMESTAMP
							, SYSTIMESTAMP
							, 1
							)) returned net.sf.log4jdbc.sql.jdbcapi.PreparedStatementSpy@192eaf4
INFO : jdbc.audit - 18. PreparedStatement.setString(1, &quot;testDever&quot;) returned 
INFO : jdbc.audit - 18. PreparedStatement.setString(2, &quot;testCust&quot;) returned 
INFO : jdbc.audit - 18. PreparedStatement.setInt(3, 2) returned 
INFO : jdbc.audit - 18. PreparedStatement.setString(4, &quot;00010101 0000&quot;) returned 
INFO : jdbc.audit - 18. PreparedStatement.setString(5, &quot;testJobCd&quot;) returned 
INFO : jdbc.sqlonly - INSERT INTO TS001_JOB_SCH( DEVER_ID /*������ID */ , CUST_ID /*��ID */ , SQNO /*�Ϸù�ȣ */ , SET_TM 
/*�����ð� */ , JOB_CD /*�۾��ڵ� */ , CHK_YN /*Ȯ�ο��� */ , LST_CHK_TS /*����Ȯ���Ͻ�*/ , DEL_YN /*�������� */ 
, PC_TS /*ó���Ͻ� */ , FST_PC_TS /*����ó���Ͻ�*/ , LUPD_CNT /*���������� */ ) VALUES( &apos;testDever&apos; , &apos;testCust&apos; 
, 2 , TO_TIMESTAMP(&apos;00010101 0000&apos;,&apos;YYYYMMDD HH24MI&apos;) , &apos;testJobCd&apos; , &apos;N&apos; , TO_TIMESTAMP(&apos;00010101 
000000.000000&apos;,&apos;YYYYMMDD HH24MISS.FF6&apos;) , &apos;N&apos; , SYSTIMESTAMP , SYSTIMESTAMP , 1 ) 

INFO : jdbc.sqltiming - INSERT INTO TS001_JOB_SCH( DEVER_ID /*������ID */ , CUST_ID /*��ID */ , SQNO /*�Ϸù�ȣ */ , SET_TM 
/*�����ð� */ , JOB_CD /*�۾��ڵ� */ , CHK_YN /*Ȯ�ο��� */ , LST_CHK_TS /*����Ȯ���Ͻ�*/ , DEL_YN /*�������� */ 
, PC_TS /*ó���Ͻ� */ , FST_PC_TS /*����ó���Ͻ�*/ , LUPD_CNT /*���������� */ ) VALUES( &apos;testDever&apos; , &apos;testCust&apos; 
, 2 , TO_TIMESTAMP(&apos;00010101 0000&apos;,&apos;YYYYMMDD HH24MI&apos;) , &apos;testJobCd&apos; , &apos;N&apos; , TO_TIMESTAMP(&apos;00010101 
000000.000000&apos;,&apos;YYYYMMDD HH24MISS.FF6&apos;) , &apos;N&apos; , SYSTIMESTAMP , SYSTIMESTAMP , 1 ) 
 {executed in 0 msec}
INFO : jdbc.audit - 18. PreparedStatement.execute() returned false
INFO : jdbc.audit - 18. PreparedStatement.getUpdateCount() returned 1
INFO : jdbc.audit - 18. PreparedStatement.close() returned 
INFO : jdbc.connection - 18. Connection closed
INFO : jdbc.audit - 18. Connection.close() returned 
INFO : jdbc.connection - 19. Connection opened
INFO : jdbc.audit - 19. Connection.new Connection returned 
INFO : jdbc.audit - 19. Connection.getAutoCommit() returned true
INFO : jdbc.audit - 19. Connection.setAutoCommit(false) returned 
INFO : org.springframework.test.context.transaction.TransactionContext - Began transaction (1) for test context [DefaultTestContext@78452d testClass = TestSrchJobSch, testInstance = com.pro.alarm.service.TestSrchJobSch@1276732, testMethod = test1205_srchJobSch_orderByCustId@TestSrchJobSch, testException = [null], mergedContextConfiguration = [MergedContextConfiguration@1c25153 testClass = TestSrchJobSch, locations = &apos;{classpath:test-context.xml}&apos;, classes = &apos;{}&apos;, contextInitializerClasses = &apos;[]&apos;, activeProfiles = &apos;{}&apos;, propertySourceLocations = &apos;{}&apos;, propertySourceProperties = &apos;{}&apos;, contextCustomizers = set[[empty]], contextLoader = &apos;org.springframework.test.context.support.DelegatingSmartContextLoader&apos;, parent = [null]]]; transaction manager [org.springframework.jdbc.datasource.DataSourceTransactionManager@1bcd567]; rollback [true]
INFO : jdbc.audit - 19. Connection.getAutoCommit() returned false
INFO : jdbc.audit - 19. PreparedStatement.new PreparedStatement returned 
INFO : jdbc.audit - 19. Connection.prepareStatement(SELECT 	  DEVER_ID 	   												/*������ID*/
				, CUST_ID	  							 					/*��ID  */
				, SQNO		   												/*�Ϸù�ȣ  */
				, TO_CHAR(SET_TM,&apos;HH24MISS&apos;) AS SET_TM	   					/*�����ð�  */
				, JOB_CD	   												/*�۾��ڵ�  */
				, CHK_YN	   												/*Ȯ�ο���  */
				, TO_CHAR(LST_CHK_TS,&apos;YYYYMMDD HH24MISS.FF6&apos;) AS LST_CHK_TS /*����Ȯ���Ͻ�*/
				, WK_ITV_RULE                                               /*�ְ���Ģ*/
				, ST_MTH                                                    /*���ۿ�*/
				, ED_MTH                                                    /*�����*/
				, DEL_YN	   												/*��������  */
				, TO_CHAR(FST_PC_TS,&apos;YYYYMMDD HH24MISS.FF6&apos;) AS FST_PC_TS	/*����ó���Ͻ�*/
				, TO_CHAR(PC_TS,&apos;YYYYMMDD HH24MISS.FF6&apos;) AS PC_TS			/*ó���Ͻ�*/
				, LUPD_CNT	   												/*���������� */
		FROM	TS001_JOB_SCH
		WHERE	DEVER_ID 	= ?
		 
		 
		AND		PC_TS BETWEEN TO_TIMESTAMP(?,&apos;YYYYMMDD&apos;) AND TO_TIMESTAMP(?,&apos;YYYYMMDD&apos;)
		 
		 
		 
		ORDER BY
		 CUST_ID 
		  ASC) returned net.sf.log4jdbc.sql.jdbcapi.PreparedStatementSpy@1e3250d
INFO : jdbc.audit - 19. PreparedStatement.setString(1, &quot;testDever&quot;) returned 
INFO : jdbc.audit - 19. PreparedStatement.setString(2, &quot;20180519&quot;) returned 
INFO : jdbc.audit - 19. PreparedStatement.setString(3, &quot;20180521&quot;) returned 
INFO : jdbc.sqlonly - SELECT DEVER_ID /*������ID*/ , CUST_ID /*��ID */ , SQNO /*�Ϸù�ȣ */ , TO_CHAR(SET_TM,&apos;HH24MISS&apos;) 
AS SET_TM /*�����ð� */ , JOB_CD /*�۾��ڵ� */ , CHK_YN /*Ȯ�ο��� */ , TO_CHAR(LST_CHK_TS,&apos;YYYYMMDD HH24MISS.FF6&apos;) 
AS LST_CHK_TS /*����Ȯ���Ͻ�*/ , WK_ITV_RULE /*�ְ���Ģ*/ , ST_MTH /*���ۿ�*/ , ED_MTH /*�����*/ , DEL_YN 
/*�������� */ , TO_CHAR(FST_PC_TS,&apos;YYYYMMDD HH24MISS.FF6&apos;) AS FST_PC_TS /*����ó���Ͻ�*/ , TO_CHAR(PC_TS,&apos;YYYYMMDD 
HH24MISS.FF6&apos;) AS PC_TS /*ó���Ͻ�*/ , LUPD_CNT /*���������� */ FROM TS001_JOB_SCH WHERE DEVER_ID = 
&apos;testDever&apos; AND PC_TS BETWEEN TO_TIMESTAMP(&apos;20180519&apos;,&apos;YYYYMMDD&apos;) AND TO_TIMESTAMP(&apos;20180521&apos;,&apos;YYYYMMDD&apos;) 
ORDER BY CUST_ID ASC 

INFO : jdbc.sqltiming - SELECT DEVER_ID /*������ID*/ , CUST_ID /*��ID */ , SQNO /*�Ϸù�ȣ */ , TO_CHAR(SET_TM,&apos;HH24MISS&apos;) 
AS SET_TM /*�����ð� */ , JOB_CD /*�۾��ڵ� */ , CHK_YN /*Ȯ�ο��� */ , TO_CHAR(LST_CHK_TS,&apos;YYYYMMDD HH24MISS.FF6&apos;) 
AS LST_CHK_TS /*����Ȯ���Ͻ�*/ , WK_ITV_RULE /*�ְ���Ģ*/ , ST_MTH /*���ۿ�*/ , ED_MTH /*�����*/ , DEL_YN 
/*�������� */ , TO_CHAR(FST_PC_TS,&apos;YYYYMMDD HH24MISS.FF6&apos;) AS FST_PC_TS /*����ó���Ͻ�*/ , TO_CHAR(PC_TS,&apos;YYYYMMDD 
HH24MISS.FF6&apos;) AS PC_TS /*ó���Ͻ�*/ , LUPD_CNT /*���������� */ FROM TS001_JOB_SCH WHERE DEVER_ID = 
&apos;testDever&apos; AND PC_TS BETWEEN TO_TIMESTAMP(&apos;20180519&apos;,&apos;YYYYMMDD&apos;) AND TO_TIMESTAMP(&apos;20180521&apos;,&apos;YYYYMMDD&apos;) 
ORDER BY CUST_ID ASC 
 {executed in 0 msec}
INFO : jdbc.audit - 19. PreparedStatement.execute() returned true
INFO : jdbc.resultset - 19. ResultSet.new ResultSet returned 
INFO : jdbc.audit - 19. PreparedStatement.getResultSet() returned net.sf.log4jdbc.sql.jdbcapi.ResultSetSpy@1fe4644
INFO : jdbc.resultset - 19. ResultSet.getMetaData() returned oracle.jdbc.driver.OracleResultSetMetaData@1d8bcbe
INFO : jdbc.resultset - 19. ResultSet.getType() returned 1003
INFO : jdbc.resultset - 19. ResultSet.next() returned true
INFO : jdbc.resultset - 19. ResultSet.getString(DEVER_ID) returned testDever
INFO : jdbc.resultset - 19. ResultSet.wasNull() returned false
INFO : jdbc.resultset - 19. ResultSet.getString(CUST_ID) returned testCust
INFO : jdbc.resultset - 19. ResultSet.wasNull() returned false
INFO : jdbc.resultset - 19. ResultSet.getInt(SQNO) returned 1
INFO : jdbc.resultset - 19. ResultSet.wasNull() returned false
INFO : jdbc.resultset - 19. ResultSet.getString(SET_TM) returned 000000
INFO : jdbc.resultset - 19. ResultSet.wasNull() returned false
INFO : jdbc.resultset - 19. ResultSet.getString(JOB_CD) returned testJobCd
INFO : jdbc.resultset - 19. ResultSet.wasNull() returned false
INFO : jdbc.resultset - 19. ResultSet.getString(CHK_YN) returned N
INFO : jdbc.resultset - 19. ResultSet.wasNull() returned false
INFO : jdbc.resultset - 19. ResultSet.getString(LST_CHK_TS) returned 00010101 000000.000000
INFO : jdbc.resultset - 19. ResultSet.wasNull() returned false
INFO : jdbc.resultset - 19. ResultSet.getString(WK_ITV_RULE) returned 1111100
INFO : jdbc.resultset - 19. ResultSet.wasNull() returned false
INFO : jdbc.resultset - 19. ResultSet.getString(ST_MTH) returned 01
INFO : jdbc.resultset - 19. ResultSet.wasNull() returned false
INFO : jdbc.resultset - 19. ResultSet.getString(ED_MTH) returned 12
INFO : jdbc.resultset - 19. ResultSet.wasNull() returned false
INFO : jdbc.resultset - 19. ResultSet.getString(DEL_YN) returned N
INFO : jdbc.resultset - 19. ResultSet.wasNull() returned false
INFO : jdbc.resultset - 19. ResultSet.getString(FST_PC_TS) returned 20180520 051429.333000
INFO : jdbc.resultset - 19. ResultSet.wasNull() returned false
INFO : jdbc.resultset - 19. ResultSet.getString(PC_TS) returned 20180520 051429.333000
INFO : jdbc.resultset - 19. ResultSet.wasNull() returned false
INFO : jdbc.resultset - 19. ResultSet.getInt(LUPD_CNT) returned 1
INFO : jdbc.resultset - 19. ResultSet.wasNull() returned false
INFO : jdbc.resultset - 19. ResultSet.next() returned true
INFO : jdbc.resultset - 19. ResultSet.getString(DEVER_ID) returned testDever
INFO : jdbc.resultset - 19. ResultSet.wasNull() returned false
INFO : jdbc.resultset - 19. ResultSet.getString(CUST_ID) returned testCust
INFO : jdbc.resultset - 19. ResultSet.wasNull() returned false
INFO : jdbc.resultset - 19. ResultSet.getInt(SQNO) returned 2
INFO : jdbc.resultset - 19. ResultSet.wasNull() returned false
INFO : jdbc.resultset - 19. ResultSet.getString(SET_TM) returned 000000
INFO : jdbc.resultset - 19. ResultSet.wasNull() returned false
INFO : jdbc.resultset - 19. ResultSet.getString(JOB_CD) returned testJobCd
INFO : jdbc.resultset - 19. ResultSet.wasNull() returned false
INFO : jdbc.resultset - 19. ResultSet.getString(CHK_YN) returned N
INFO : jdbc.resultset - 19. ResultSet.wasNull() returned false
INFO : jdbc.resultset - 19. ResultSet.getString(LST_CHK_TS) returned 00010101 000000.000000
INFO : jdbc.resultset - 19. ResultSet.wasNull() returned false
INFO : jdbc.resultset - 19. ResultSet.getString(WK_ITV_RULE) returned 1111100
INFO : jdbc.resultset - 19. ResultSet.wasNull() returned false
INFO : jdbc.resultset - 19. ResultSet.getString(ST_MTH) returned 01
INFO : jdbc.resultset - 19. ResultSet.wasNull() returned false
INFO : jdbc.resultset - 19. ResultSet.getString(ED_MTH) returned 12
INFO : jdbc.resultset - 19. ResultSet.wasNull() returned false
INFO : jdbc.resultset - 19. ResultSet.getString(DEL_YN) returned N
INFO : jdbc.resultset - 19. ResultSet.wasNull() returned false
INFO : jdbc.resultset - 19. ResultSet.getString(FST_PC_TS) returned 20180520 051820.890000
INFO : jdbc.resultset - 19. ResultSet.wasNull() returned false
INFO : jdbc.resultset - 19. ResultSet.getString(PC_TS) returned 20180520 051820.890000
INFO : jdbc.resultset - 19. ResultSet.wasNull() returned false
INFO : jdbc.resultset - 19. ResultSet.getInt(LUPD_CNT) returned 1
INFO : jdbc.resultset - 19. ResultSet.wasNull() returned false
INFO : jdbc.resultsettable - 
|----------|---------|-----|-------|----------|-------|-----------------------|------------|-------|-------|-------|-----------------------|-----------------------|---------|
|dever_id  |cust_id  |sqno |set_tm |job_cd    |chk_yn |lst_chk_ts             |wk_itv_rule |st_mth |ed_mth |del_yn |fst_pc_ts              |pc_ts                  |lupd_cnt |
|----------|---------|-----|-------|----------|-------|-----------------------|------------|-------|-------|-------|-----------------------|-----------------------|---------|
|testDever |testCust |1    |000000 |testJobCd |N      |00010101 000000.000000 |1111100     |01     |12     |N      |20180520 051429.333000 |20180520 051429.333000 |1        |
|testDever |testCust |2    |000000 |testJobCd |N      |00010101 000000.000000 |1111100     |01     |12     |N      |20180520 051820.890000 |20180520 051820.890000 |1        |
|----------|---------|-----|-------|----------|-------|-----------------------|------------|-------|-------|-------|-----------------------|-----------------------|---------|

INFO : jdbc.resultset - 19. ResultSet.next() returned false
INFO : jdbc.resultset - 19. ResultSet.close() returned void
INFO : jdbc.audit - 19. PreparedStatement.getConnection() returned net.sf.log4jdbc.sql.jdbcapi.ConnectionSpy@1e067de
INFO : jdbc.audit - 19. Connection.getMetaData() returned oracle.jdbc.driver.OracleDatabaseMetaData@183eae2
INFO : jdbc.audit - 19. PreparedStatement.close() returned 
INFO : jdbc.audit - 19. Connection.rollback() returned 
INFO : jdbc.audit - 19. Connection.setAutoCommit(true) returned 
INFO : jdbc.audit - 19. Connection.isReadOnly() returned false
INFO : jdbc.connection - 19. Connection closed
INFO : jdbc.audit - 19. Connection.close() returned 
INFO : org.springframework.test.context.transaction.TransactionContext - Rolled back transaction for test context [DefaultTestContext@78452d testClass = TestSrchJobSch, testInstance = com.pro.alarm.service.TestSrchJobSch@1276732, testMethod = test1205_srchJobSch_orderByCustId@TestSrchJobSch, testException = java.lang.AssertionError: ��ȸ�� �����Ͽ����ϴ�. expected:&lt;1&gt; but was:&lt;2&gt;, mergedContextConfiguration = [MergedContextConfiguration@1c25153 testClass = TestSrchJobSch, locations = &apos;{classpath:test-context.xml}&apos;, classes = &apos;{}&apos;, contextInitializerClasses = &apos;[]&apos;, activeProfiles = &apos;{}&apos;, propertySourceLocations = &apos;{}&apos;, propertySourceProperties = &apos;{}&apos;, contextCustomizers = set[[empty]], contextLoader = &apos;org.springframework.test.context.support.DelegatingSmartContextLoader&apos;, parent = [null]]].
INFO : jdbc.connection - 20. Connection opened
INFO : jdbc.audit - 20. Connection.new Connection returned 
INFO : jdbc.audit - 20. Connection.getAutoCommit() returned true
INFO : jdbc.audit - 20. PreparedStatement.new PreparedStatement returned 
INFO : jdbc.audit - 20. Connection.prepareStatement(DELETE 
		FROM    TS001_JOB_SCH 
		WHERE   DEVER_ID    = ?
		AND     CUST_ID     = ?
		AND     SQNO        = ?
		AND		LUPD_CNT	= ?) returned net.sf.log4jdbc.sql.jdbcapi.PreparedStatementSpy@7d3c46
INFO : jdbc.audit - 20. PreparedStatement.setString(1, &quot;testDever&quot;) returned 
INFO : jdbc.audit - 20. PreparedStatement.setString(2, &quot;testCust&quot;) returned 
INFO : jdbc.audit - 20. PreparedStatement.setInt(3, 2) returned 
INFO : jdbc.audit - 20. PreparedStatement.setInt(4, 1) returned 
INFO : jdbc.sqlonly - DELETE FROM TS001_JOB_SCH WHERE DEVER_ID = &apos;testDever&apos; AND CUST_ID = &apos;testCust&apos; AND SQNO = 
2 AND LUPD_CNT = 1 

INFO : jdbc.sqltiming - DELETE FROM TS001_JOB_SCH WHERE DEVER_ID = &apos;testDever&apos; AND CUST_ID = &apos;testCust&apos; AND SQNO = 
2 AND LUPD_CNT = 1 
 {executed in 0 msec}
INFO : jdbc.audit - 20. PreparedStatement.execute() returned false
INFO : jdbc.audit - 20. PreparedStatement.getUpdateCount() returned 1
INFO : jdbc.audit - 20. PreparedStatement.close() returned 
INFO : jdbc.connection - 20. Connection closed
INFO : jdbc.audit - 20. Connection.close() returned 
</system-out>
  </testcase>
  <testcase classname="com.pro.alarm.service.TestSrchJobSch" name="test1206_srchJobSch_orderBySetTm" time="0.062">
    <failure message="조회를 실패하였습니다. expected:&lt;1&gt; but was:&lt;2&gt;" type="java.lang.AssertionError">java.lang.AssertionError: 조회를 실패하였습니다. expected:&lt;1&gt; but was:&lt;2&gt;
	at org.junit.Assert.fail(Assert.java:88)
	at org.junit.Assert.failNotEquals(Assert.java:834)
	at org.junit.Assert.assertEquals(Assert.java:645)
	at com.pro.alarm.service.TestSrchJobSch.test1206_srchJobSch_orderBySetTm(TestSrchJobSch.java:138)
	at sun.reflect.NativeMethodAccessorImpl.invoke0(Native Method)
	at sun.reflect.NativeMethodAccessorImpl.invoke(NativeMethodAccessorImpl.java:62)
	at sun.reflect.DelegatingMethodAccessorImpl.invoke(DelegatingMethodAccessorImpl.java:43)
	at java.lang.reflect.Method.invoke(Method.java:497)
	at org.junit.runners.model.FrameworkMethod$1.runReflectiveCall(FrameworkMethod.java:50)
	at org.junit.internal.runners.model.ReflectiveCallable.run(ReflectiveCallable.java:12)
	at org.junit.runners.model.FrameworkMethod.invokeExplosively(FrameworkMethod.java:47)
	at org.junit.internal.runners.statements.InvokeMethod.evaluate(InvokeMethod.java:17)
	at org.springframework.test.context.junit4.statements.RunBeforeTestMethodCallbacks.evaluate(RunBeforeTestMethodCallbacks.java:75)
	at org.springframework.test.context.junit4.statements.RunAfterTestMethodCallbacks.evaluate(RunAfterTestMethodCallbacks.java:86)
	at org.junit.rules.ExpectedException$ExpectedExceptionStatement.evaluate(ExpectedException.java:239)
	at org.junit.rules.RunRules.evaluate(RunRules.java:20)
	at org.springframework.test.context.junit4.statements.SpringRepeat.evaluate(SpringRepeat.java:84)
	at org.junit.runners.ParentRunner.runLeaf(ParentRunner.java:325)
	at org.springframework.test.context.junit4.SpringJUnit4ClassRunner.runChild(SpringJUnit4ClassRunner.java:252)
	at org.springframework.test.context.junit4.SpringJUnit4ClassRunner.runChild(SpringJUnit4ClassRunner.java:94)
	at org.junit.runners.ParentRunner$3.run(ParentRunner.java:290)
	at org.junit.runners.ParentRunner$1.schedule(ParentRunner.java:71)
	at org.junit.runners.ParentRunner.runChildren(ParentRunner.java:288)
	at org.junit.runners.ParentRunner.access$000(ParentRunner.java:58)
	at org.junit.runners.ParentRunner$2.evaluate(ParentRunner.java:268)
	at org.springframework.test.context.junit4.statements.RunBeforeTestClassCallbacks.evaluate(RunBeforeTestClassCallbacks.java:61)
	at org.springframework.test.context.junit4.statements.RunAfterTestClassCallbacks.evaluate(RunAfterTestClassCallbacks.java:70)
	at org.junit.runners.ParentRunner.run(ParentRunner.java:363)
	at org.springframework.test.context.junit4.SpringJUnit4ClassRunner.run(SpringJUnit4ClassRunner.java:191)
	at org.apache.maven.surefire.junit4.JUnit4Provider.execute(JUnit4Provider.java:252)
	at org.apache.maven.surefire.junit4.JUnit4Provider.executeTestSet(JUnit4Provider.java:141)
	at org.apache.maven.surefire.junit4.JUnit4Provider.invoke(JUnit4Provider.java:112)
	at sun.reflect.NativeMethodAccessorImpl.invoke0(Native Method)
	at sun.reflect.NativeMethodAccessorImpl.invoke(NativeMethodAccessorImpl.java:62)
	at sun.reflect.DelegatingMethodAccessorImpl.invoke(DelegatingMethodAccessorImpl.java:43)
	at java.lang.reflect.Method.invoke(Method.java:497)
	at org.apache.maven.surefire.util.ReflectionUtils.invokeMethodWithArray(ReflectionUtils.java:189)
	at org.apache.maven.surefire.booter.ProviderFactory$ProviderProxy.invoke(ProviderFactory.java:165)
	at org.apache.maven.surefire.booter.ProviderFactory.invokeProvider(ProviderFactory.java:85)
	at org.apache.maven.surefire.booter.ForkedBooter.runSuitesInProcess(ForkedBooter.java:115)
	at org.apache.maven.surefire.booter.ForkedBooter.main(ForkedBooter.java:75)
</failure>
    <system-out>INFO : jdbc.connection - 21. Connection opened
INFO : jdbc.audit - 21. Connection.new Connection returned 
INFO : jdbc.audit - 21. Connection.getAutoCommit() returned true
INFO : jdbc.audit - 21. PreparedStatement.new PreparedStatement returned 
INFO : jdbc.audit - 21. Connection.prepareStatement(SELECT 	NVL(MAX(SQNO),0) + 1 AS SQNO 
		FROM 	TS001_JOB_SCH 
		WHERE 	DEVER_ID	= ?
		AND		CUST_ID		= ?) returned net.sf.log4jdbc.sql.jdbcapi.PreparedStatementSpy@a85671
INFO : jdbc.audit - 21. PreparedStatement.setString(1, &quot;testDever&quot;) returned 
INFO : jdbc.audit - 21. PreparedStatement.setString(2, &quot;testCust&quot;) returned 
INFO : jdbc.sqlonly - SELECT NVL(MAX(SQNO),0) + 1 AS SQNO FROM TS001_JOB_SCH WHERE DEVER_ID = &apos;testDever&apos; AND CUST_ID 
= &apos;testCust&apos; 

INFO : jdbc.sqltiming - SELECT NVL(MAX(SQNO),0) + 1 AS SQNO FROM TS001_JOB_SCH WHERE DEVER_ID = &apos;testDever&apos; AND CUST_ID 
= &apos;testCust&apos; 
 {executed in 0 msec}
INFO : jdbc.audit - 21. PreparedStatement.execute() returned true
INFO : jdbc.resultset - 21. ResultSet.new ResultSet returned 
INFO : jdbc.audit - 21. PreparedStatement.getResultSet() returned net.sf.log4jdbc.sql.jdbcapi.ResultSetSpy@122db6e
INFO : jdbc.resultset - 21. ResultSet.getMetaData() returned oracle.jdbc.driver.OracleResultSetMetaData@f20260
INFO : jdbc.resultset - 21. ResultSet.getType() returned 1003
INFO : jdbc.resultset - 21. ResultSet.next() returned true
INFO : jdbc.resultset - 21. ResultSet.getInt(SQNO) returned 2
INFO : jdbc.resultset - 21. ResultSet.wasNull() returned false
INFO : jdbc.resultsettable - 
|-----|
|sqno |
|-----|
|2    |
|-----|

INFO : jdbc.resultset - 21. ResultSet.next() returned false
INFO : jdbc.resultset - 21. ResultSet.close() returned void
INFO : jdbc.audit - 21. PreparedStatement.getConnection() returned net.sf.log4jdbc.sql.jdbcapi.ConnectionSpy@e33a11
INFO : jdbc.audit - 21. Connection.getMetaData() returned oracle.jdbc.driver.OracleDatabaseMetaData@48e6e2
INFO : jdbc.audit - 21. PreparedStatement.close() returned 
INFO : jdbc.audit - 21. PreparedStatement.new PreparedStatement returned 
INFO : jdbc.audit - 21. Connection.prepareStatement(INSERT INTO	TS001_JOB_SCH(
							  DEVER_ID 	   /*������ID	*/
							, CUST_ID	   /*��ID  */
							, SQNO		   /*�Ϸù�ȣ  */
							, SET_TM	   /*�����ð�  */
							, JOB_CD	   /*�۾��ڵ�  */
							, CHK_YN	   /*Ȯ�ο���  */
							, LST_CHK_TS   /*����Ȯ���Ͻ�*/
							 
							 
							 
							, DEL_YN	   /*��������  */
							, PC_TS		   /*ó���Ͻ�  */
							, FST_PC_TS	   /*����ó���Ͻ�*/
							, LUPD_CNT	   /*���������� */
							)
					VALUES(
							  ?
							, ?
							, ?
							, TO_TIMESTAMP(?,&apos;YYYYMMDD HH24MI&apos;)
							, ?
							, &apos;N&apos;
							, TO_TIMESTAMP(&apos;00010101 000000.000000&apos;,&apos;YYYYMMDD HH24MISS.FF6&apos;)
							 
							 
							 
							, &apos;N&apos;
							, SYSTIMESTAMP
							, SYSTIMESTAMP
							, 1
							)) returned net.sf.log4jdbc.sql.jdbcapi.PreparedStatementSpy@140bb6e
INFO : jdbc.audit - 21. PreparedStatement.setString(1, &quot;testDever&quot;) returned 
INFO : jdbc.audit - 21. PreparedStatement.setString(2, &quot;testCust&quot;) returned 
INFO : jdbc.audit - 21. PreparedStatement.setInt(3, 2) returned 
INFO : jdbc.audit - 21. PreparedStatement.setString(4, &quot;00010101 0000&quot;) returned 
INFO : jdbc.audit - 21. PreparedStatement.setString(5, &quot;testJobCd&quot;) returned 
INFO : jdbc.sqlonly - INSERT INTO TS001_JOB_SCH( DEVER_ID /*������ID */ , CUST_ID /*��ID */ , SQNO /*�Ϸù�ȣ */ , SET_TM 
/*�����ð� */ , JOB_CD /*�۾��ڵ� */ , CHK_YN /*Ȯ�ο��� */ , LST_CHK_TS /*����Ȯ���Ͻ�*/ , DEL_YN /*�������� */ 
, PC_TS /*ó���Ͻ� */ , FST_PC_TS /*����ó���Ͻ�*/ , LUPD_CNT /*���������� */ ) VALUES( &apos;testDever&apos; , &apos;testCust&apos; 
, 2 , TO_TIMESTAMP(&apos;00010101 0000&apos;,&apos;YYYYMMDD HH24MI&apos;) , &apos;testJobCd&apos; , &apos;N&apos; , TO_TIMESTAMP(&apos;00010101 
000000.000000&apos;,&apos;YYYYMMDD HH24MISS.FF6&apos;) , &apos;N&apos; , SYSTIMESTAMP , SYSTIMESTAMP , 1 ) 

INFO : jdbc.sqltiming - INSERT INTO TS001_JOB_SCH( DEVER_ID /*������ID */ , CUST_ID /*��ID */ , SQNO /*�Ϸù�ȣ */ , SET_TM 
/*�����ð� */ , JOB_CD /*�۾��ڵ� */ , CHK_YN /*Ȯ�ο��� */ , LST_CHK_TS /*����Ȯ���Ͻ�*/ , DEL_YN /*�������� */ 
, PC_TS /*ó���Ͻ� */ , FST_PC_TS /*����ó���Ͻ�*/ , LUPD_CNT /*���������� */ ) VALUES( &apos;testDever&apos; , &apos;testCust&apos; 
, 2 , TO_TIMESTAMP(&apos;00010101 0000&apos;,&apos;YYYYMMDD HH24MI&apos;) , &apos;testJobCd&apos; , &apos;N&apos; , TO_TIMESTAMP(&apos;00010101 
000000.000000&apos;,&apos;YYYYMMDD HH24MISS.FF6&apos;) , &apos;N&apos; , SYSTIMESTAMP , SYSTIMESTAMP , 1 ) 
 {executed in 16 msec}
INFO : jdbc.audit - 21. PreparedStatement.execute() returned false
INFO : jdbc.audit - 21. PreparedStatement.getUpdateCount() returned 1
INFO : jdbc.audit - 21. PreparedStatement.close() returned 
INFO : jdbc.connection - 21. Connection closed
INFO : jdbc.audit - 21. Connection.close() returned 
INFO : jdbc.connection - 22. Connection opened
INFO : jdbc.audit - 22. Connection.new Connection returned 
INFO : jdbc.audit - 22. Connection.getAutoCommit() returned true
INFO : jdbc.audit - 22. Connection.setAutoCommit(false) returned 
INFO : org.springframework.test.context.transaction.TransactionContext - Began transaction (1) for test context [DefaultTestContext@78452d testClass = TestSrchJobSch, testInstance = com.pro.alarm.service.TestSrchJobSch@49d8b2, testMethod = test1206_srchJobSch_orderBySetTm@TestSrchJobSch, testException = [null], mergedContextConfiguration = [MergedContextConfiguration@1c25153 testClass = TestSrchJobSch, locations = &apos;{classpath:test-context.xml}&apos;, classes = &apos;{}&apos;, contextInitializerClasses = &apos;[]&apos;, activeProfiles = &apos;{}&apos;, propertySourceLocations = &apos;{}&apos;, propertySourceProperties = &apos;{}&apos;, contextCustomizers = set[[empty]], contextLoader = &apos;org.springframework.test.context.support.DelegatingSmartContextLoader&apos;, parent = [null]]]; transaction manager [org.springframework.jdbc.datasource.DataSourceTransactionManager@1bcd567]; rollback [true]
INFO : jdbc.audit - 22. Connection.getAutoCommit() returned false
INFO : jdbc.audit - 22. PreparedStatement.new PreparedStatement returned 
INFO : jdbc.audit - 22. Connection.prepareStatement(SELECT 	  DEVER_ID 	   												/*������ID*/
				, CUST_ID	  							 					/*��ID  */
				, SQNO		   												/*�Ϸù�ȣ  */
				, TO_CHAR(SET_TM,&apos;HH24MISS&apos;) AS SET_TM	   					/*�����ð�  */
				, JOB_CD	   												/*�۾��ڵ�  */
				, CHK_YN	   												/*Ȯ�ο���  */
				, TO_CHAR(LST_CHK_TS,&apos;YYYYMMDD HH24MISS.FF6&apos;) AS LST_CHK_TS /*����Ȯ���Ͻ�*/
				, WK_ITV_RULE                                               /*�ְ���Ģ*/
				, ST_MTH                                                    /*���ۿ�*/
				, ED_MTH                                                    /*�����*/
				, DEL_YN	   												/*��������  */
				, TO_CHAR(FST_PC_TS,&apos;YYYYMMDD HH24MISS.FF6&apos;) AS FST_PC_TS	/*����ó���Ͻ�*/
				, TO_CHAR(PC_TS,&apos;YYYYMMDD HH24MISS.FF6&apos;) AS PC_TS			/*ó���Ͻ�*/
				, LUPD_CNT	   												/*���������� */
		FROM	TS001_JOB_SCH
		WHERE	DEVER_ID 	= ?
		 
		 
		AND		PC_TS BETWEEN TO_TIMESTAMP(?,&apos;YYYYMMDD&apos;) AND TO_TIMESTAMP(?,&apos;YYYYMMDD&apos;)
		 
		 
		 
		ORDER BY
		 SET_TM 
		  ASC) returned net.sf.log4jdbc.sql.jdbcapi.PreparedStatementSpy@3591c5
INFO : jdbc.audit - 22. PreparedStatement.setString(1, &quot;testDever&quot;) returned 
INFO : jdbc.audit - 22. PreparedStatement.setString(2, &quot;20180519&quot;) returned 
INFO : jdbc.audit - 22. PreparedStatement.setString(3, &quot;20180521&quot;) returned 
INFO : jdbc.sqlonly - SELECT DEVER_ID /*������ID*/ , CUST_ID /*��ID */ , SQNO /*�Ϸù�ȣ */ , TO_CHAR(SET_TM,&apos;HH24MISS&apos;) 
AS SET_TM /*�����ð� */ , JOB_CD /*�۾��ڵ� */ , CHK_YN /*Ȯ�ο��� */ , TO_CHAR(LST_CHK_TS,&apos;YYYYMMDD HH24MISS.FF6&apos;) 
AS LST_CHK_TS /*����Ȯ���Ͻ�*/ , WK_ITV_RULE /*�ְ���Ģ*/ , ST_MTH /*���ۿ�*/ , ED_MTH /*�����*/ , DEL_YN 
/*�������� */ , TO_CHAR(FST_PC_TS,&apos;YYYYMMDD HH24MISS.FF6&apos;) AS FST_PC_TS /*����ó���Ͻ�*/ , TO_CHAR(PC_TS,&apos;YYYYMMDD 
HH24MISS.FF6&apos;) AS PC_TS /*ó���Ͻ�*/ , LUPD_CNT /*���������� */ FROM TS001_JOB_SCH WHERE DEVER_ID = 
&apos;testDever&apos; AND PC_TS BETWEEN TO_TIMESTAMP(&apos;20180519&apos;,&apos;YYYYMMDD&apos;) AND TO_TIMESTAMP(&apos;20180521&apos;,&apos;YYYYMMDD&apos;) 
ORDER BY SET_TM ASC 

INFO : jdbc.sqltiming - SELECT DEVER_ID /*������ID*/ , CUST_ID /*��ID */ , SQNO /*�Ϸù�ȣ */ , TO_CHAR(SET_TM,&apos;HH24MISS&apos;) 
AS SET_TM /*�����ð� */ , JOB_CD /*�۾��ڵ� */ , CHK_YN /*Ȯ�ο��� */ , TO_CHAR(LST_CHK_TS,&apos;YYYYMMDD HH24MISS.FF6&apos;) 
AS LST_CHK_TS /*����Ȯ���Ͻ�*/ , WK_ITV_RULE /*�ְ���Ģ*/ , ST_MTH /*���ۿ�*/ , ED_MTH /*�����*/ , DEL_YN 
/*�������� */ , TO_CHAR(FST_PC_TS,&apos;YYYYMMDD HH24MISS.FF6&apos;) AS FST_PC_TS /*����ó���Ͻ�*/ , TO_CHAR(PC_TS,&apos;YYYYMMDD 
HH24MISS.FF6&apos;) AS PC_TS /*ó���Ͻ�*/ , LUPD_CNT /*���������� */ FROM TS001_JOB_SCH WHERE DEVER_ID = 
&apos;testDever&apos; AND PC_TS BETWEEN TO_TIMESTAMP(&apos;20180519&apos;,&apos;YYYYMMDD&apos;) AND TO_TIMESTAMP(&apos;20180521&apos;,&apos;YYYYMMDD&apos;) 
ORDER BY SET_TM ASC 
 {executed in 0 msec}
INFO : jdbc.audit - 22. PreparedStatement.execute() returned true
INFO : jdbc.resultset - 22. ResultSet.new ResultSet returned 
INFO : jdbc.audit - 22. PreparedStatement.getResultSet() returned net.sf.log4jdbc.sql.jdbcapi.ResultSetSpy@a75079
INFO : jdbc.resultset - 22. ResultSet.getMetaData() returned oracle.jdbc.driver.OracleResultSetMetaData@146a361
INFO : jdbc.resultset - 22. ResultSet.getType() returned 1003
INFO : jdbc.resultset - 22. ResultSet.next() returned true
INFO : jdbc.resultset - 22. ResultSet.getString(DEVER_ID) returned testDever
INFO : jdbc.resultset - 22. ResultSet.wasNull() returned false
INFO : jdbc.resultset - 22. ResultSet.getString(CUST_ID) returned testCust
INFO : jdbc.resultset - 22. ResultSet.wasNull() returned false
INFO : jdbc.resultset - 22. ResultSet.getInt(SQNO) returned 2
INFO : jdbc.resultset - 22. ResultSet.wasNull() returned false
INFO : jdbc.resultset - 22. ResultSet.getString(SET_TM) returned 000000
INFO : jdbc.resultset - 22. ResultSet.wasNull() returned false
INFO : jdbc.resultset - 22. ResultSet.getString(JOB_CD) returned testJobCd
INFO : jdbc.resultset - 22. ResultSet.wasNull() returned false
INFO : jdbc.resultset - 22. ResultSet.getString(CHK_YN) returned N
INFO : jdbc.resultset - 22. ResultSet.wasNull() returned false
INFO : jdbc.resultset - 22. ResultSet.getString(LST_CHK_TS) returned 00010101 000000.000000
INFO : jdbc.resultset - 22. ResultSet.wasNull() returned false
[...]
	at org.springframework.test.context.junit4.SpringJUnit4ClassRunner.runChild(SpringJUnit4ClassRunner.java:94)
	at org.junit.runners.ParentRunner$3.run(ParentRunner.java:290)
	at org.junit.runners.ParentRunner$1.schedule(ParentRunner.java:71)
	at org.junit.runners.ParentRunner.runChildren(ParentRunner.java:288)
	at org.junit.runners.ParentRunner.access$000(ParentRunner.java:58)
	at org.junit.runners.ParentRunner$2.evaluate(ParentRunner.java:268)
	at org.springframework.test.context.junit4.statements.RunBeforeTestClassCallbacks.evaluate(RunBeforeTestClassCallbacks.java:61)
	at org.springframework.test.context.junit4.statements.RunAfterTestClassCallbacks.evaluate(RunAfterTestClassCallbacks.java:70)
	at org.junit.runners.ParentRunner.run(ParentRunner.java:363)
	at org.springframework.test.context.junit4.SpringJUnit4ClassRunner.run(SpringJUnit4ClassRunner.java:191)
	at org.apache.maven.surefire.junit4.JUnit4Provider.execute(JUnit4Provider.java:252)
	at org.apache.maven.surefire.junit4.JUnit4Provider.executeTestSet(JUnit4Provider.java:141)
	at org.apache.maven.surefire.junit4.JUnit4Provider.invoke(JUnit4Provider.java:112)
	at sun.reflect.NativeMethodAccessorImpl.invoke0(Native Method)
	at sun.reflect.NativeMethodAccessorImpl.invoke(NativeMethodAccessorImpl.java:62)
	at sun.reflect.DelegatingMethodAccessorImpl.invoke(DelegatingMethodAccessorImpl.java:43)
	at java.lang.reflect.Method.invoke(Method.java:497)
	at org.apache.maven.surefire.util.ReflectionUtils.invokeMethodWithArray(ReflectionUtils.java:189)
	at org.apache.maven.surefire.booter.ProviderFactory$ProviderProxy.invoke(ProviderFactory.java:165)
	at org.apache.maven.surefire.booter.ProviderFactory.invokeProvider(ProviderFactory.java:85)
	at org.apache.maven.surefire.booter.ForkedBooter.runSuitesInProcess(ForkedBooter.java:115)
	at org.apache.maven.surefire.booter.ForkedBooter.main(ForkedBooter.java:75)
</failure>
    <system-out>INFO : jdbc.connection - 48. Connection opened
INFO : jdbc.audit - 48. Connection.new Connection returned 
INFO : jdbc.audit - 48. Connection.getAutoCommit() returned true
INFO : jdbc.audit - 48. PreparedStatement.new PreparedStatement returned 
INFO : jdbc.audit - 48. Connection.prepareStatement(SELECT 	NVL(MAX(SQNO),0) + 1 AS SQNO 
		FROM 	TS001_JOB_SCH 
		WHERE 	DEVER_ID	= ?
		AND		CUST_ID		= ?) returned net.sf.log4jdbc.sql.jdbcapi.PreparedStatementSpy@1f2606b
INFO : jdbc.audit - 48. PreparedStatement.setString(1, &quot;testDever&quot;) returned 
INFO : jdbc.audit - 48. PreparedStatement.setString(2, &quot;testCust&quot;) returned 
INFO : jdbc.sqlonly - SELECT NVL(MAX(SQNO),0) + 1 AS SQNO FROM TS001_JOB_SCH WHERE DEVER_ID = &apos;testDever&apos; AND CUST_ID 
= &apos;testCust&apos; 

INFO : jdbc.sqltiming - SELECT NVL(MAX(SQNO),0) + 1 AS SQNO FROM TS001_JOB_SCH WHERE DEVER_ID = &apos;testDever&apos; AND CUST_ID 
= &apos;testCust&apos; 
 {executed in 0 msec}
INFO : jdbc.audit - 48. PreparedStatement.execute() returned true
INFO : jdbc.resultset - 48. ResultSet.new ResultSet returned 
INFO : jdbc.audit - 48. PreparedStatement.getResultSet() returned net.sf.log4jdbc.sql.jdbcapi.ResultSetSpy@158f754
INFO : jdbc.resultset - 48. ResultSet.getMetaData() returned oracle.jdbc.driver.OracleResultSetMetaData@bff828
INFO : jdbc.resultset - 48. ResultSet.getType() returned 1003
INFO : jdbc.resultset - 48. ResultSet.next() returned true
INFO : jdbc.resultset - 48. ResultSet.getInt(SQNO) returned 2
INFO : jdbc.resultset - 48. ResultSet.wasNull() returned false
INFO : jdbc.resultsettable - 
|-----|
|sqno |
|-----|
|2    |
|-----|

INFO : jdbc.resultset - 48. ResultSet.next() returned false
INFO : jdbc.resultset - 48. ResultSet.close() returned void
INFO : jdbc.audit - 48. PreparedStatement.getConnection() returned net.sf.log4jdbc.sql.jdbcapi.ConnectionSpy@152f2cb
INFO : jdbc.audit - 48. Connection.getMetaData() returned oracle.jdbc.driver.OracleDatabaseMetaData@1352f32
INFO : jdbc.audit - 48. PreparedStatement.close() returned 
INFO : jdbc.audit - 48. PreparedStatement.new PreparedStatement returned 
INFO : jdbc.audit - 48. Connection.prepareStatement(INSERT INTO	TS001_JOB_SCH(
							  DEVER_ID 	   /*������ID	*/
							, CUST_ID	   /*��ID  */
							, SQNO		   /*�Ϸù�ȣ  */
							, SET_TM	   /*�����ð�  */
							, JOB_CD	   /*�۾��ڵ�  */
							, CHK_YN	   /*Ȯ�ο���  */
							, LST_CHK_TS   /*����Ȯ���Ͻ�*/
							 
							 
							 
							, DEL_YN	   /*��������  */
							, PC_TS		   /*ó���Ͻ�  */
							, FST_PC_TS	   /*����ó���Ͻ�*/
							, LUPD_CNT	   /*���������� */
							)
					VALUES(
							  ?
							, ?
							, ?
							, TO_TIMESTAMP(?,&apos;YYYYMMDD HH24MI&apos;)
							, ?
							, &apos;N&apos;
							, TO_TIMESTAMP(&apos;00010101 000000.000000&apos;,&apos;YYYYMMDD HH24MISS.FF6&apos;)
							 
							 
							 
							, &apos;N&apos;
							, SYSTIMESTAMP
							, SYSTIMESTAMP
							, 1
							)) returned net.sf.log4jdbc.sql.jdbcapi.PreparedStatementSpy@13b9c57
INFO : jdbc.audit - 48. PreparedStatement.setString(1, &quot;testDever&quot;) returned 
INFO : jdbc.audit - 48. PreparedStatement.setString(2, &quot;testCust&quot;) returned 
INFO : jdbc.audit - 48. PreparedStatement.setInt(3, 2) returned 
INFO : jdbc.audit - 48. PreparedStatement.setString(4, &quot;00010101 0000&quot;) returned 
INFO : jdbc.audit - 48. PreparedStatement.setString(5, &quot;testJobCd&quot;) returned 
INFO : jdbc.sqlonly - INSERT INTO TS001_JOB_SCH( DEVER_ID /*������ID */ , CUST_ID /*��ID */ , SQNO /*�Ϸù�ȣ */ , SET_TM 
/*�����ð� */ , JOB_CD /*�۾��ڵ� */ , CHK_YN /*Ȯ�ο��� */ , LST_CHK_TS /*����Ȯ���Ͻ�*/ , DEL_YN /*�������� */ 
, PC_TS /*ó���Ͻ� */ , FST_PC_TS /*����ó���Ͻ�*/ , LUPD_CNT /*���������� */ ) VALUES( &apos;testDever&apos; , &apos;testCust&apos; 
, 2 , TO_TIMESTAMP(&apos;00010101 0000&apos;,&apos;YYYYMMDD HH24MI&apos;) , &apos;testJobCd&apos; , &apos;N&apos; , TO_TIMESTAMP(&apos;00010101 
000000.000000&apos;,&apos;YYYYMMDD HH24MISS.FF6&apos;) , &apos;N&apos; , SYSTIMESTAMP , SYSTIMESTAMP , 1 ) 

INFO : jdbc.sqltiming - INSERT INTO TS001_JOB_SCH( DEVER_ID /*������ID */ , CUST_ID /*��ID */ , SQNO /*�Ϸù�ȣ */ , SET_TM 
/*�����ð� */ , JOB_CD /*�۾��ڵ� */ , CHK_YN /*Ȯ�ο��� */ , LST_CHK_TS /*����Ȯ���Ͻ�*/ , DEL_YN /*�������� */ 
, PC_TS /*ó���Ͻ� */ , FST_PC_TS /*����ó���Ͻ�*/ , LUPD_CNT /*���������� */ ) VALUES( &apos;testDever&apos; , &apos;testCust&apos; 
, 2 , TO_TIMESTAMP(&apos;00010101 0000&apos;,&apos;YYYYMMDD HH24MI&apos;) , &apos;testJobCd&apos; , &apos;N&apos; , TO_TIMESTAMP(&apos;00010101 
000000.000000&apos;,&apos;YYYYMMDD HH24MISS.FF6&apos;) , &apos;N&apos; , SYSTIMESTAMP , SYSTIMESTAMP , 1 ) 
 {executed in 0 msec}
INFO : jdbc.audit - 48. PreparedStatement.execute() returned false
INFO : jdbc.audit - 48. PreparedStatement.getUpdateCount() returned 1
INFO : jdbc.audit - 48. PreparedStatement.close() returned 
INFO : jdbc.connection - 48. Connection closed
INFO : jdbc.audit - 48. Connection.close() returned 
INFO : jdbc.connection - 49. Connection opened
INFO : jdbc.audit - 49. Connection.new Connection returned 
INFO : jdbc.audit - 49. Connection.getAutoCommit() returned true
INFO : jdbc.audit - 49. Connection.setAutoCommit(false) returned 
INFO : org.springframework.test.context.transaction.TransactionContext - Began transaction (1) for test context [DefaultTestContext@78452d testClass = TestSrchJobSch, testInstance = com.pro.alarm.service.TestSrchJobSch@1fe2125, testMethod = test1215_srchJobSch_srchFiler@TestSrchJobSch, testException = [null], mergedContextConfiguration = [MergedContextConfiguration@1c25153 testClass = TestSrchJobSch, locations = &apos;{classpath:test-context.xml}&apos;, classes = &apos;{}&apos;, contextInitializerClasses = &apos;[]&apos;, activeProfiles = &apos;{}&apos;, propertySourceLocations = &apos;{}&apos;, propertySourceProperties = &apos;{}&apos;, contextCustomizers = set[[empty]], contextLoader = &apos;org.springframework.test.context.support.DelegatingSmartContextLoader&apos;, parent = [null]]]; transaction manager [org.springframework.jdbc.datasource.DataSourceTransactionManager@1bcd567]; rollback [true]
INFO : jdbc.audit - 49. Connection.getAutoCommit() returned false
INFO : jdbc.audit - 49. PreparedStatement.new PreparedStatement returned 
INFO : jdbc.audit - 49. Connection.prepareStatement(SELECT 	  DEVER_ID 	   												/*������ID*/
				, CUST_ID	  							 					/*��ID  */
				, SQNO		   												/*�Ϸù�ȣ  */
				, TO_CHAR(SET_TM,&apos;HH24MISS&apos;) AS SET_TM	   					/*�����ð�  */
				, JOB_CD	   												/*�۾��ڵ�  */
				, CHK_YN	   												/*Ȯ�ο���  */
				, TO_CHAR(LST_CHK_TS,&apos;YYYYMMDD HH24MISS.FF6&apos;) AS LST_CHK_TS /*����Ȯ���Ͻ�*/
				, WK_ITV_RULE                                               /*�ְ���Ģ*/
				, ST_MTH                                                    /*���ۿ�*/
				, ED_MTH                                                    /*�����*/
				, DEL_YN	   												/*��������  */
				, TO_CHAR(FST_PC_TS,&apos;YYYYMMDD HH24MISS.FF6&apos;) AS FST_PC_TS	/*����ó���Ͻ�*/
				, TO_CHAR(PC_TS,&apos;YYYYMMDD HH24MISS.FF6&apos;) AS PC_TS			/*ó���Ͻ�*/
				, LUPD_CNT	   												/*���������� */
		FROM	TS001_JOB_SCH
		WHERE	DEVER_ID 	= ?
		 
		 
		AND		PC_TS BETWEEN TO_TIMESTAMP(?,&apos;YYYYMMDD&apos;) AND TO_TIMESTAMP(?,&apos;YYYYMMDD&apos;)) returned net.sf.log4jdbc.sql.jdbcapi.PreparedStatementSpy@645867
INFO : jdbc.audit - 49. PreparedStatement.setString(1, &quot;testDever&quot;) returned 
INFO : jdbc.audit - 49. PreparedStatement.setString(2, &quot;20180519&quot;) returned 
INFO : jdbc.audit - 49. PreparedStatement.setString(3, &quot;20180521&quot;) returned 
INFO : jdbc.sqlonly - SELECT DEVER_ID /*������ID*/ , CUST_ID /*��ID */ , SQNO /*�Ϸù�ȣ */ , TO_CHAR(SET_TM,&apos;HH24MISS&apos;) 
AS SET_TM /*�����ð� */ , JOB_CD /*�۾��ڵ� */ , CHK_YN /*Ȯ�ο��� */ , TO_CHAR(LST_CHK_TS,&apos;YYYYMMDD HH24MISS.FF6&apos;) 
AS LST_CHK_TS /*����Ȯ���Ͻ�*/ , WK_ITV_RULE /*�ְ���Ģ*/ , ST_MTH /*���ۿ�*/ , ED_MTH /*�����*/ , DEL_YN 
/*�������� */ , TO_CHAR(FST_PC_TS,&apos;YYYYMMDD HH24MISS.FF6&apos;) AS FST_PC_TS /*����ó���Ͻ�*/ , TO_CHAR(PC_TS,&apos;YYYYMMDD 
HH24MISS.FF6&apos;) AS PC_TS /*ó���Ͻ�*/ , LUPD_CNT /*���������� */ FROM TS001_JOB_SCH WHERE DEVER_ID = 
&apos;testDever&apos; AND PC_TS BETWEEN TO_TIMESTAMP(&apos;20180519&apos;,&apos;YYYYMMDD&apos;) AND TO_TIMESTAMP(&apos;20180521&apos;,&apos;YYYYMMDD&apos;) 

INFO : jdbc.sqltiming - SELECT DEVER_ID /*������ID*/ , CUST_ID /*��ID */ , SQNO /*�Ϸù�ȣ */ , TO_CHAR(SET_TM,&apos;HH24MISS&apos;) 
AS SET_TM /*�����ð� */ , JOB_CD /*�۾��ڵ� */ , CHK_YN /*Ȯ�ο��� */ , TO_CHAR(LST_CHK_TS,&apos;YYYYMMDD HH24MISS.FF6&apos;) 
AS LST_CHK_TS /*����Ȯ���Ͻ�*/ , WK_ITV_RULE /*�ְ���Ģ*/ , ST_MTH /*���ۿ�*/ , ED_MTH /*�����*/ , DEL_YN 
/*�������� */ , TO_CHAR(FST_PC_TS,&apos;YYYYMMDD HH24MISS.FF6&apos;) AS FST_PC_TS /*����ó���Ͻ�*/ , TO_CHAR(PC_TS,&apos;YYYYMMDD 
HH24MISS.FF6&apos;) AS PC_TS /*ó���Ͻ�*/ , LUPD_CNT /*���������� */ FROM TS001_JOB_SCH WHERE DEVER_ID = 
&apos;testDever&apos; AND PC_TS BETWEEN TO_TIMESTAMP(&apos;20180519&apos;,&apos;YYYYMMDD&apos;) AND TO_TIMESTAMP(&apos;20180521&apos;,&apos;YYYYMMDD&apos;) 
 {executed in 0 msec}
INFO : jdbc.audit - 49. PreparedStatement.execute() returned true
INFO : jdbc.resultset - 49. ResultSet.new ResultSet returned 
INFO : jdbc.audit - 49. PreparedStatement.getResultSet() returned net.sf.log4jdbc.sql.jdbcapi.ResultSetSpy@84f433
INFO : jdbc.resultset - 49. ResultSet.getMetaData() returned oracle.jdbc.driver.OracleResultSetMetaData@b71e8f
INFO : jdbc.resultset - 49. ResultSet.getType() returned 1003
INFO : jdbc.resultset - 49. ResultSet.next() returned true
INFO : jdbc.resultset - 49. ResultSet.getString(DEVER_ID) returned testDever
INFO : jdbc.resultset - 49. ResultSet.wasNull() returned false
INFO : jdbc.resultset - 49. ResultSet.getString(CUST_ID) returned testCust
INFO : jdbc.resultset - 49. ResultSet.wasNull() returned false
INFO : jdbc.resultset - 49. ResultSet.getInt(SQNO) returned 1
INFO : jdbc.resultset - 49. ResultSet.wasNull() returned false
INFO : jdbc.resultset - 49. ResultSet.getString(SET_TM) returned 000000
INFO : jdbc.resultset - 49. ResultSet.wasNull() returned false
INFO : jdbc.resultset - 49. ResultSet.getString(JOB_CD) returned testJobCd
INFO : jdbc.resultset - 49. ResultSet.wasNull() returned false
INFO : jdbc.resultset - 49. ResultSet.getString(CHK_YN) returned N
INFO : jdbc.resultset - 49. ResultSet.wasNull() returned false
INFO : jdbc.resultset - 49. ResultSet.getString(LST_CHK_TS) returned 00010101 000000.000000
INFO : jdbc.resultset - 49. ResultSet.wasNull() returned false
INFO : jdbc.resultset - 49. ResultSet.getString(WK_ITV_RULE) returned 1111100
INFO : jdbc.resultset - 49. ResultSet.wasNull() returned false
INFO : jdbc.resultset - 49. ResultSet.getString(ST_MTH) returned 01
INFO : jdbc.resultset - 49. ResultSet.wasNull() returned false
INFO : jdbc.resultset - 49. ResultSet.getString(ED_MTH) returned 12
INFO : jdbc.resultset - 49. ResultSet.wasNull() returned false
INFO : jdbc.resultset - 49. ResultSet.getString(DEL_YN) returned N
INFO : jdbc.resultset - 49. ResultSet.wasNull() returned false
INFO : jdbc.resultset - 49. ResultSet.getString(FST_PC_TS) returned 20180520 051429.333000
INFO : jdbc.resultset - 49. ResultSet.wasNull() returned false
INFO : jdbc.resultset - 49. ResultSet.getString(PC_TS) returned 20180520 051429.333000
INFO : jdbc.resultset - 49. ResultSet.wasNull() returned false
INFO : jdbc.resultset - 49. ResultSet.getInt(LUPD_CNT) returned 1
INFO : jdbc.resultset - 49. ResultSet.wasNull() returned false
INFO : jdbc.resultset - 49. ResultSet.next() returned true
INFO : jdbc.resultset - 49. ResultSet.getString(DEVER_ID) returned testDever
INFO : jdbc.resultset - 49. ResultSet.wasNull() returned false
INFO : jdbc.resultset - 49. ResultSet.getString(CUST_ID) returned testCust
INFO : jdbc.resultset - 49. ResultSet.wasNull() returned false
INFO : jdbc.resultset - 49. ResultSet.getInt(SQNO) returned 2
INFO : jdbc.resultset - 49. ResultSet.wasNull() returned false
INFO : jdbc.resultset - 49. ResultSet.getString(SET_TM) returned 000000
INFO : jdbc.resultset - 49. ResultSet.wasNull() returned false
INFO : jdbc.resultset - 49. ResultSet.getString(JOB_CD) returned testJobCd
INFO : jdbc.resultset - 49. ResultSet.wasNull() returned false
INFO : jdbc.resultset - 49. ResultSet.getString(CHK_YN) returned N
INFO : jdbc.resultset - 49. ResultSet.wasNull() returned false
INFO : jdbc.resultset - 49. ResultSet.getString(LST_CHK_TS) returned 00010101 000000.000000
INFO : jdbc.resultset - 49. ResultSet.wasNull() returned false
INFO : jdbc.resultset - 49. ResultSet.getString(WK_ITV_RULE) returned 1111100
INFO : jdbc.resultset - 49. ResultSet.wasNull() returned false
INFO : jdbc.resultset - 49. ResultSet.getString(ST_MTH) returned 01
INFO : jdbc.resultset - 49. ResultSet.wasNull() returned false
INFO : jdbc.resultset - 49. ResultSet.getString(ED_MTH) returned 12
INFO : jdbc.resultset - 49. ResultSet.wasNull() returned false
INFO : jdbc.resultset - 49. ResultSet.getString(DEL_YN) returned N
INFO : jdbc.resultset - 49. ResultSet.wasNull() returned false
INFO : jdbc.resultset - 49. ResultSet.getString(FST_PC_TS) returned 20180520 051821.735000
INFO : jdbc.resultset - 49. ResultSet.wasNull() returned false
INFO : jdbc.resultset - 49. ResultSet.getString(PC_TS) returned 20180520 051821.735000
INFO : jdbc.resultset - 49. ResultSet.wasNull() returned false
INFO : jdbc.resultset - 49. ResultSet.getInt(LUPD_CNT) returned 1
INFO : jdbc.resultset - 49. ResultSet.wasNull() returned false
INFO : jdbc.resultsettable - 
|----------|---------|-----|-------|----------|-------|-----------------------|------------|-------|-------|-------|-----------------------|-----------------------|---------|
|dever_id  |cust_id  |sqno |set_tm |job_cd    |chk_yn |lst_chk_ts             |wk_itv_rule |st_mth |ed_mth |del_yn |fst_pc_ts              |pc_ts                  |lupd_cnt |
|----------|---------|-----|-------|----------|-------|-----------------------|------------|-------|-------|-------|-----------------------|-----------------------|---------|
|testDever |testCust |1    |000000 |testJobCd |N      |00010101 000000.000000 |1111100     |01     |12     |N      |20180520 051429.333000 |20180520 051429.333000 |1        |
|testDever |testCust |2    |000000 |testJobCd |N      |00010101 000000.000000 |1111100     |01     |12     |N      |20180520 051821.735000 |20180520 051821.735000 |1        |
|----------|---------|-----|-------|----------|-------|-----------------------|------------|-------|-------|-------|-----------------------|-----------------------|---------|

INFO : jdbc.resultset - 49. ResultSet.next() returned false
INFO : jdbc.resultset - 49. ResultSet.close() returned void
INFO : jdbc.audit - 49. PreparedStatement.getConnection() returned net.sf.log4jdbc.sql.jdbcapi.ConnectionSpy@55b1d1
INFO : jdbc.audit - 49. Connection.getMetaData() returned oracle.jdbc.driver.OracleDatabaseMetaData@64649c
INFO : jdbc.audit - 49. PreparedStatement.close() returned 
INFO : jdbc.audit - 49. Connection.rollback() returned 
INFO : jdbc.audit - 49. Connection.setAutoCommit(true) returned 
INFO : jdbc.audit - 49. Connection.isReadOnly() returned false
INFO : jdbc.connection - 49. Connection closed
INFO : jdbc.audit - 49. Connection.close() returned 
INFO : org.springframework.test.context.transaction.TransactionContext - Rolled back transaction for test context [DefaultTestContext@78452d testClass = TestSrchJobSch, testInstance = com.pro.alarm.service.TestSrchJobSch@1fe2125, testMethod = test1215_srchJobSch_srchFiler@TestSrchJobSch, testException = java.lang.AssertionError: ��ȸ�� �����Ͽ����ϴ�. expected:&lt;1&gt; but was:&lt;2&gt;, mergedContextConfiguration = [MergedContextConfiguration@1c25153 testClass = TestSrchJobSch, locations = &apos;{classpath:test-context.xml}&apos;, classes = &apos;{}&apos;, contextInitializerClasses = &apos;[]&apos;, activeProfiles = &apos;{}&apos;, propertySourceLocations = &apos;{}&apos;, propertySourceProperties = &apos;{}&apos;, contextCustomizers = set[[empty]], contextLoader = &apos;org.springframework.test.context.support.DelegatingSmartContextLoader&apos;, parent = [null]]].
INFO : jdbc.connection - 50. Connection opened
INFO : jdbc.audit - 50. Connection.new Connection returned 
INFO : jdbc.audit - 50. Connection.getAutoCommit() returned true
INFO : jdbc.audit - 50. PreparedStatement.new PreparedStatement returned 
INFO : jdbc.audit - 50. Connection.prepareStatement(DELETE 
		FROM    TS001_JOB_SCH 
		WHERE   DEVER_ID    = ?
		AND     CUST_ID     = ?
		AND     SQNO        = ?
		AND		LUPD_CNT	= ?) returned net.sf.log4jdbc.sql.jdbcapi.PreparedStatementSpy@159185e
INFO : jdbc.audit - 50. PreparedStatement.setString(1, &quot;testDever&quot;) returned 
INFO : jdbc.audit - 50. PreparedStatement.setString(2, &quot;testCust&quot;) returned 
INFO : jdbc.audit - 50. PreparedStatement.setInt(3, 2) returned 
INFO : jdbc.audit - 50. PreparedStatement.setInt(4, 1) returned 
INFO : jdbc.sqlonly - DELETE FROM TS001_JOB_SCH WHERE DEVER_ID = &apos;testDever&apos; AND CUST_ID = &apos;testCust&apos; AND SQNO = 
2 AND LUPD_CNT = 1 

INFO : jdbc.sqltiming - DELETE FROM TS001_JOB_SCH WHERE DEVER_ID = &apos;testDever&apos; AND CUST_ID = &apos;testCust&apos; AND SQNO = 
2 AND LUPD_CNT = 1 
 {executed in 0 msec}
INFO : jdbc.audit - 50. PreparedStatement.execute() returned false
INFO : jdbc.audit - 50. PreparedStatement.getUpdateCount() returned 1
INFO : jdbc.audit - 50. PreparedStatement.close() returned 
INFO : jdbc.connection - 50. Connection closed
INFO : jdbc.audit - 50. Connection.close() returned 
</system-out>
  </testcase>
  <testcase classname="com.pro.alarm.service.TestSrchJobSch" name="test1216_srchJobSchStdtChk" time="0.063"/>
  <testcase classname="com.pro.alarm.service.TestSrchJobSch" name="test1217_srchJobSchEddtChk" time="0.047"/>
</testsuite>