<?xml version="1.0" encoding="UTF-8" ?>
<testsuite tests="22" failures="8" name="com.pro.alarm.TestAlarmService" time="2.152" errors="6" skipped="0">
  <properties>
[...]
</properties>
  <testcase classname="com.pro.alarm.service.TestSrchJobSch" name="test1201_srchJobSch_deverIdChk" time="0.062"/>
  <testcase classname="com.pro.alarm.service.TestSrchJobSch" name="test1202_srchJobSch_diffDate" time="0.063"/>
  <testcase classname="com.pro.alarm.service.TestSrchJobSch" name="test1203_srchJobSch_success" time="0.062">
    <failure message="조회를 실패하였습니다. expected:&lt;1&gt; but was:&lt;2&gt;" type="java.lang.AssertionError">java.lang.AssertionError: 조회를 실패하였습니다. expected:&lt;1&gt; but was:&lt;2&gt;
	at org.junit.Assert.fail(Assert.java:88)
	at org.junit.Assert.failNotEquals(Assert.java:834)
	at org.junit.Assert.assertEquals(Assert.java:645)
	at com.pro.alarm.service.TestSrchJobSch.test1203_srchJobSch_success(TestSrchJobSch.java:103)
	at sun.reflect.NativeMethodAccessorImpl.invoke0(Native Method)
	at sun.reflect.NativeMethodAccessorImpl.invoke(NativeMethodAccessorImpl.java:62)
	at sun.reflect.DelegatingMethodAccessorImpl.invoke(DelegatingMethodAccessorImpl.java:43)
	at java.lang.reflect.Method.invoke(Method.java:497)
	at org.junit.runners.model.FrameworkMethod$1.runReflectiveCall(FrameworkMethod.java:50)
	at org.junit.internal.runners.model.ReflectiveCallable.run(ReflectiveCallable.java:12)
	at org.junit.runners.model.FrameworkMethod.invokeExplosively(FrameworkMethod.java:47)
	at org.junit.internal.runners.statements.InvokeMethod.evaluate(InvokeMethod.java:17)
	at org.springframework.test.context.junit4.statements.RunBeforeTestMethodCallbacks.evaluate(RunBeforeTestMethodCallbacks.java:75)
	at org.springframework.test.context.junit4.statements.RunAfterTestMethodCallbacks.evaluate(RunAfterTestMethodCallbacks.java:86)
	at org.junit.rules.ExpectedException$ExpectedExceptionStatement.evaluate(ExpectedException.java:239)
	at org.junit.rules.RunRules.evaluate(RunRules.java:20)
	at org.springframework.test.context.junit4.statements.SpringRepeat.evaluate(SpringRepeat.java:84)
	at org.junit.runners.ParentRunner.runLeaf(ParentRunner.java:325)
	at org.springframework.test.context.junit4.SpringJUnit4ClassRunner.runChild(SpringJUnit4ClassRunner.java:252)
	at org.springframework.test.context.junit4.SpringJUnit4ClassRunner.runChild(SpringJUnit4ClassRunner.java:94)
	at org.junit.runners.ParentRunner$3.run(ParentRunner.java:290)
	at org.junit.runners.ParentRunner$1.schedule(ParentRunner.java:71)
	at org.junit.runners.ParentRunner.runChildren(ParentRunner.java:288)
	at org.junit.runners.ParentRunner.access$000(ParentRunner.java:58)
	at org.junit.runners.ParentRunner$2.evaluate(ParentRunner.java:268)
	at org.springframework.test.context.junit4.statements.RunBeforeTestClassCallbacks.evaluate(RunBeforeTestClassCallbacks.java:61)
	at org.springframework.test.context.junit4.statements.RunAfterTestClassCallbacks.evaluate(RunAfterTestClassCallbacks.java:70)
	at org.junit.runners.ParentRunner.run(ParentRunner.java:363)
	at org.springframework.test.context.junit4.SpringJUnit4ClassRunner.run(SpringJUnit4ClassRunner.java:191)
	at org.junit.runners.Suite.runChild(Suite.java:128)
	at org.junit.runners.Suite.runChild(Suite.java:27)
	at org.junit.runners.ParentRunner$3.run(ParentRunner.java:290)
	at org.junit.runners.ParentRunner$1.schedule(ParentRunner.java:71)
	at org.junit.runners.ParentRunner.runChildren(ParentRunner.java:288)
	at org.junit.runners.ParentRunner.access$000(ParentRunner.java:58)
	at org.junit.runners.ParentRunner$2.evaluate(ParentRunner.java:268)
	at org.junit.runners.ParentRunner.run(ParentRunner.java:363)
	at org.apache.maven.surefire.junit4.JUnit4Provider.execute(JUnit4Provider.java:252)
	at org.apache.maven.surefire.junit4.JUnit4Provider.executeTestSet(JUnit4Provider.java:141)
	at org.apache.maven.surefire.junit4.JUnit4Provider.invoke(JUnit4Provider.java:112)
	at sun.reflect.NativeMethodAccessorImpl.invoke0(Native Method)
	at sun.reflect.NativeMethodAccessorImpl.invoke(NativeMethodAccessorImpl.java:62)
	at sun.reflect.DelegatingMethodAccessorImpl.invoke(DelegatingMethodAccessorImpl.java:43)
	at java.lang.reflect.Method.invoke(Method.java:497)
	at org.apache.maven.surefire.util.ReflectionUtils.invokeMethodWithArray(ReflectionUtils.java:189)
	at org.apache.maven.surefire.booter.ProviderFactory$ProviderProxy.invoke(ProviderFactory.java:165)
	at org.apache.maven.surefire.booter.ProviderFactory.invokeProvider(ProviderFactory.java:85)
	at org.apache.maven.surefire.booter.ForkedBooter.runSuitesInProcess(ForkedBooter.java:115)
	at org.apache.maven.surefire.booter.ForkedBooter.main(ForkedBooter.java:75)
</failure>
    <system-out>INFO : jdbc.connection - 99. Connection opened
INFO : jdbc.audit - 99. Connection.new Connection returned 
INFO : jdbc.audit - 99. Connection.getAutoCommit() returned true
INFO : jdbc.audit - 99. PreparedStatement.new PreparedStatement returned 
INFO : jdbc.audit - 99. Connection.prepareStatement(SELECT 	NVL(MAX(SQNO),0) + 1 AS SQNO 
		FROM 	TS001_JOB_SCH 
		WHERE 	DEVER_ID	= ?
		AND		CUST_ID		= ?) returned net.sf.log4jdbc.sql.jdbcapi.PreparedStatementSpy@1fc6b2c
INFO : jdbc.audit - 99. PreparedStatement.setString(1, &quot;testDever&quot;) returned 
INFO : jdbc.audit - 99. PreparedStatement.setString(2, &quot;testCust&quot;) returned 
INFO : jdbc.sqlonly - SELECT NVL(MAX(SQNO),0) + 1 AS SQNO FROM TS001_JOB_SCH WHERE DEVER_ID = &apos;testDever&apos; AND CUST_ID 
= &apos;testCust&apos; 

INFO : jdbc.sqltiming - SELECT NVL(MAX(SQNO),0) + 1 AS SQNO FROM TS001_JOB_SCH WHERE DEVER_ID = &apos;testDever&apos; AND CUST_ID 
= &apos;testCust&apos; 
 {executed in 0 msec}
INFO : jdbc.audit - 99. PreparedStatement.execute() returned true
INFO : jdbc.resultset - 99. ResultSet.new ResultSet returned 
INFO : jdbc.audit - 99. PreparedStatement.getResultSet() returned net.sf.log4jdbc.sql.jdbcapi.ResultSetSpy@4b2127
INFO : jdbc.resultset - 99. ResultSet.getMetaData() returned oracle.jdbc.driver.OracleResultSetMetaData@e39da0
INFO : jdbc.resultset - 99. ResultSet.getType() returned 1003
INFO : jdbc.resultset - 99. ResultSet.next() returned true
INFO : jdbc.resultset - 99. ResultSet.getInt(SQNO) returned 2
INFO : jdbc.resultset - 99. ResultSet.wasNull() returned false
INFO : jdbc.resultsettable - 
|-----|
|sqno |
|-----|
|2    |
|-----|

INFO : jdbc.resultset - 99. ResultSet.next() returned false
INFO : jdbc.resultset - 99. ResultSet.close() returned void
INFO : jdbc.audit - 99. PreparedStatement.getConnection() returned net.sf.log4jdbc.sql.jdbcapi.ConnectionSpy@1332969
INFO : jdbc.audit - 99. Connection.getMetaData() returned oracle.jdbc.driver.OracleDatabaseMetaData@1cc9ce8
INFO : jdbc.audit - 99. PreparedStatement.close() returned 
INFO : jdbc.audit - 99. PreparedStatement.new PreparedStatement returned 
INFO : jdbc.audit - 99. Connection.prepareStatement(INSERT INTO	TS001_JOB_SCH(
							  DEVER_ID 	   /*������ID	*/
							, CUST_ID	   /*��ID  */
							, SQNO		   /*�Ϸù�ȣ  */
							, SET_TM	   /*�����ð�  */
							, JOB_CD	   /*�۾��ڵ�  */
							, CHK_YN	   /*Ȯ�ο���  */
							, LST_CHK_TS   /*����Ȯ���Ͻ�*/
							 
							 
							 
							, DEL_YN	   /*��������  */
							, PC_TS		   /*ó���Ͻ�  */
							, FST_PC_TS	   /*����ó���Ͻ�*/
							, LUPD_CNT	   /*���������� */
							)
					VALUES(
							  ?
							, ?
							, ?
							, TO_TIMESTAMP(?,&apos;YYYYMMDD HH24MI&apos;)
							, ?
							, &apos;N&apos;
							, TO_TIMESTAMP(&apos;00010101 000000.000000&apos;,&apos;YYYYMMDD HH24MISS.FF6&apos;)
							 
							 
							 
							, &apos;N&apos;
							, SYSTIMESTAMP
							, SYSTIMESTAMP
							, 1
							)) returned net.sf.log4jdbc.sql.jdbcapi.PreparedStatementSpy@27d72f
INFO : jdbc.audit - 99. PreparedStatement.setString(1, &quot;testDever&quot;) returned 
INFO : jdbc.audit - 99. PreparedStatement.setString(2, &quot;testCust&quot;) returned 
INFO : jdbc.audit - 99. PreparedStatement.setInt(3, 2) returned 
INFO : jdbc.audit - 99. PreparedStatement.setString(4, &quot;00010101 0000&quot;) returned 
INFO : jdbc.audit - 99. PreparedStatement.setString(5, &quot;testJobCd&quot;) returned 
INFO : jdbc.sqlonly - INSERT INTO TS001_JOB_SCH( DEVER_ID /*������ID */ , CUST_ID /*��ID */ , SQNO /*�Ϸù�ȣ */ , SET_TM 
/*�����ð� */ , JOB_CD /*�۾��ڵ� */ , CHK_YN /*Ȯ�ο��� */ , LST_CHK_TS /*����Ȯ���Ͻ�*/ , DEL_YN /*�������� */ 
, PC_TS /*ó���Ͻ� */ , FST_PC_TS /*����ó���Ͻ�*/ , LUPD_CNT /*���������� */ ) VALUES( &apos;testDever&apos; , &apos;testCust&apos; 
, 2 , TO_TIMESTAMP(&apos;00010101 0000&apos;,&apos;YYYYMMDD HH24MI&apos;) , &apos;testJobCd&apos; , &apos;N&apos; , TO_TIMESTAMP(&apos;00010101 
000000.000000&apos;,&apos;YYYYMMDD HH24MISS.FF6&apos;) , &apos;N&apos; , SYSTIMESTAMP , SYSTIMESTAMP , 1 ) 

INFO : jdbc.sqltiming - INSERT INTO TS001_JOB_SCH( DEVER_ID /*������ID */ , CUST_ID /*��ID */ , SQNO /*�Ϸù�ȣ */ , SET_TM 
/*�����ð� */ , JOB_CD /*�۾��ڵ� */ , CHK_YN /*Ȯ�ο��� */ , LST_CHK_TS /*����Ȯ���Ͻ�*/ , DEL_YN /*�������� */ 
, PC_TS /*ó���Ͻ� */ , FST_PC_TS /*����ó���Ͻ�*/ , LUPD_CNT /*���������� */ ) VALUES( &apos;testDever&apos; , &apos;testCust&apos; 
, 2 , TO_TIMESTAMP(&apos;00010101 0000&apos;,&apos;YYYYMMDD HH24MI&apos;) , &apos;testJobCd&apos; , &apos;N&apos; , TO_TIMESTAMP(&apos;00010101 
000000.000000&apos;,&apos;YYYYMMDD HH24MISS.FF6&apos;) , &apos;N&apos; , SYSTIMESTAMP , SYSTIMESTAMP , 1 ) 
 {executed in 0 msec}
INFO : jdbc.audit - 99. PreparedStatement.execute() returned false
INFO : jdbc.audit - 99. PreparedStatement.getUpdateCount() returned 1
INFO : jdbc.audit - 99. PreparedStatement.close() returned 
INFO : jdbc.connection - 99. Connection closed
INFO : jdbc.audit - 99. Connection.close() returned 
INFO : jdbc.connection - 100. Connection opened
INFO : jdbc.audit - 100. Connection.new Connection returned 
INFO : jdbc.audit - 100. Connection.getAutoCommit() returned true
INFO : jdbc.audit - 100. Connection.setAutoCommit(false) returned 
INFO : org.springframework.test.context.transaction.TransactionContext - Began transaction (1) for test context [DefaultTestContext@1bde877 testClass = TestSrchJobSch, testInstance = com.pro.alarm.service.TestSrchJobSch@37595f, testMethod = test1203_srchJobSch_success@TestSrchJobSch, testException = [null], mergedContextConfiguration = [MergedContextConfiguration@156f2dd testClass = TestSrchJobSch, locations = &apos;{classpath:test-context.xml}&apos;, classes = &apos;{}&apos;, contextInitializerClasses = &apos;[]&apos;, activeProfiles = &apos;{}&apos;, propertySourceLocations = &apos;{}&apos;, propertySourceProperties = &apos;{}&apos;, contextCustomizers = set[[empty]], contextLoader = &apos;org.springframework.test.context.support.DelegatingSmartContextLoader&apos;, parent = [null]]]; transaction manager [org.springframework.jdbc.datasource.DataSourceTransactionManager@16390f4]; rollback [true]
INFO : jdbc.audit - 100. Connection.getAutoCommit() returned false
INFO : jdbc.audit - 100. PreparedStatement.new PreparedStatement returned 
INFO : jdbc.audit - 100. Connection.prepareStatement(SELECT 	  DEVER_ID 	   												/*������ID*/
				, CUST_ID	  							 					/*��ID  */
				, SQNO		   												/*�Ϸù�ȣ  */
				, TO_CHAR(SET_TM,&apos;HH24MISS&apos;) AS SET_TM	   					/*�����ð�  */
				, JOB_CD	   												/*�۾��ڵ�  */
				, CHK_YN	   												/*Ȯ�ο���  */
				, TO_CHAR(LST_CHK_TS,&apos;YYYYMMDD HH24MISS.FF6&apos;) AS LST_CHK_TS /*����Ȯ���Ͻ�*/
				, WK_ITV_RULE                                               /*�ְ���Ģ*/
				, ST_MTH                                                    /*���ۿ�*/
				, ED_MTH                                                    /*�����*/
				, DEL_YN	   												/*��������  */
				, TO_CHAR(FST_PC_TS,&apos;YYYYMMDD HH24MISS.FF6&apos;) AS FST_PC_TS	/*����ó���Ͻ�*/
				, TO_CHAR(PC_TS,&apos;YYYYMMDD HH24MISS.FF6&apos;) AS PC_TS			/*ó���Ͻ�*/
				, LUPD_CNT	   												/*���������� */
		FROM	TS001_JOB_SCH
		WHERE	DEVER_ID 	= ?
		 
		 
		AND		PC_TS BETWEEN TO_TIMESTAMP(?,&apos;YYYYMMDD&apos;) AND TO_TIMESTAMP(?,&apos;YYYYMMDD&apos;)) returned net.sf.log4jdbc.sql.jdbcapi.PreparedStatementSpy@1718392
INFO : jdbc.audit - 100. PreparedStatement.setString(1, &quot;testDever&quot;) returned 
INFO : jdbc.audit - 100. PreparedStatement.setString(2, &quot;20180519&quot;) returned 
INFO : jdbc.audit - 100. PreparedStatement.setString(3, &quot;20180521&quot;) returned 
INFO : jdbc.sqlonly - SELECT DEVER_ID /*������ID*/ , CUST_ID /*��ID */ , SQNO /*�Ϸù�ȣ */ , TO_CHAR(SET_TM,&apos;HH24MISS&apos;) 
AS SET_TM /*�����ð� */ , JOB_CD /*�۾��ڵ� */ , CHK_YN /*Ȯ�ο��� */ , TO_CHAR(LST_CHK_TS,&apos;YYYYMMDD HH24MISS.FF6&apos;) 
AS LST_CHK_TS /*����Ȯ���Ͻ�*/ , WK_ITV_RULE /*�ְ���Ģ*/ , ST_MTH /*���ۿ�*/ , ED_MTH /*�����*/ , DEL_YN 
/*�������� */ , TO_CHAR(FST_PC_TS,&apos;YYYYMMDD HH24MISS.FF6&apos;) AS FST_PC_TS /*����ó���Ͻ�*/ , TO_CHAR(PC_TS,&apos;YYYYMMDD 
HH24MISS.FF6&apos;) AS PC_TS /*ó���Ͻ�*/ , LUPD_CNT /*���������� */ FROM TS001_JOB_SCH WHERE DEVER_ID = 
&apos;testDever&apos; AND PC_TS BETWEEN TO_TIMESTAMP(&apos;20180519&apos;,&apos;YYYYMMDD&apos;) AND TO_TIMESTAMP(&apos;20180521&apos;,&apos;YYYYMMDD&apos;) 

INFO : jdbc.sqltiming - SELECT DEVER_ID /*������ID*/ , CUST_ID /*��ID */ , SQNO /*�Ϸù�ȣ */ , TO_CHAR(SET_TM,&apos;HH24MISS&apos;) 
AS SET_TM /*�����ð� */ , JOB_CD /*�۾��ڵ� */ , CHK_YN /*Ȯ�ο��� */ , TO_CHAR(LST_CHK_TS,&apos;YYYYMMDD HH24MISS.FF6&apos;) 
AS LST_CHK_TS /*����Ȯ���Ͻ�*/ , WK_ITV_RULE /*�ְ���Ģ*/ , ST_MTH /*���ۿ�*/ , ED_MTH /*�����*/ , DEL_YN 
/*�������� */ , TO_CHAR(FST_PC_TS,&apos;YYYYMMDD HH24MISS.FF6&apos;) AS FST_PC_TS /*����ó���Ͻ�*/ , TO_CHAR(PC_TS,&apos;YYYYMMDD 
HH24MISS.FF6&apos;) AS PC_TS /*ó���Ͻ�*/ , LUPD_CNT /*���������� */ FROM TS001_JOB_SCH WHERE DEVER_ID = 
&apos;testDever&apos; AND PC_TS BETWEEN TO_TIMESTAMP(&apos;20180519&apos;,&apos;YYYYMMDD&apos;) AND TO_TIMESTAMP(&apos;20180521&apos;,&apos;YYYYMMDD&apos;) 
 {executed in 0 msec}
INFO : jdbc.audit - 100. PreparedStatement.execute() returned true
INFO : jdbc.resultset - 100. ResultSet.new ResultSet returned 
INFO : jdbc.audit - 100. PreparedStatement.getResultSet() returned net.sf.log4jdbc.sql.jdbcapi.ResultSetSpy@12260db
INFO : jdbc.resultset - 100. ResultSet.getMetaData() returned oracle.jdbc.driver.OracleResultSetMetaData@12d2181
INFO : jdbc.resultset - 100. ResultSet.getType() returned 1003
INFO : jdbc.resultset - 100. ResultSet.next() returned true
INFO : jdbc.resultset - 100. ResultSet.getString(DEVER_ID) returned testDever
INFO : jdbc.resultset - 100. ResultSet.wasNull() returned false
INFO : jdbc.resultset - 100. ResultSet.getString(CUST_ID) returned testCust
INFO : jdbc.resultset - 100. ResultSet.wasNull() returned false
INFO : jdbc.resultset - 100. ResultSet.getInt(SQNO) returned 1
INFO : jdbc.resultset - 100. ResultSet.wasNull() returned false
INFO : jdbc.resultset - 100. ResultSet.getString(SET_TM) returned 000000
INFO : jdbc.resultset - 100. ResultSet.wasNull() returned false
INFO : jdbc.resultset - 100. ResultSet.getString(JOB_CD) returned testJobCd
INFO : jdbc.resultset - 100. ResultSet.wasNull() returned false
INFO : jdbc.resultset - 100. ResultSet.getString(CHK_YN) returned N
INFO : jdbc.resultset - 100. ResultSet.wasNull() returned false
INFO : jdbc.resultset - 100. ResultSet.getString(LST_CHK_TS) returned 00010101 000000.000000
INFO : jdbc.resultset - 100. ResultSet.wasNull() returned false
INFO : jdbc.resultset - 100. ResultSet.getString(WK_ITV_RULE) returned 1111100
INFO : jdbc.resultset - 100. ResultSet.wasNull() returned false
INFO : jdbc.resultset - 100. ResultSet.getString(ST_MTH) returned 01
INFO : jdbc.resultset - 100. ResultSet.wasNull() returned false
INFO : jdbc.resultset - 100. ResultSet.getString(ED_MTH) returned 12
INFO : jdbc.resultset - 100. ResultSet.wasNull() returned false
INFO : jdbc.resultset - 100. ResultSet.getString(DEL_YN) returned N
INFO : jdbc.resultset - 100. ResultSet.wasNull() returned false
INFO : jdbc.resultset - 100. ResultSet.getString(FST_PC_TS) returned 20180520 051429.333000
INFO : jdbc.resultset - 100. ResultSet.wasNull() returned false
INFO : jdbc.resultset - 100. ResultSet.getString(PC_TS) returned 20180520 051429.333000
INFO : jdbc.resultset - 100. ResultSet.wasNull() returned false
INFO : jdbc.resultset - 100. ResultSet.getInt(LUPD_CNT) returned 1
INFO : jdbc.resultset - 100. ResultSet.wasNull() returned false
INFO : jdbc.resultset - 100. ResultSet.next() returned true
INFO : jdbc.resultset - 100. ResultSet.getString(DEVER_ID) returned testDever
INFO : jdbc.resultset - 100. ResultSet.wasNull() returned false
INFO : jdbc.resultset - 100. ResultSet.getString(CUST_ID) returned testCust
INFO : jdbc.resultset - 100. ResultSet.wasNull() returned false
INFO : jdbc.resultset - 100. ResultSet.getInt(SQNO) returned 2
INFO : jdbc.resultset - 100. ResultSet.wasNull() returned false
INFO : jdbc.resultset - 100. ResultSet.getString(SET_TM) returned 000000
INFO : jdbc.resultset - 100. ResultSet.wasNull() returned false
INFO : jdbc.resultset - 100. ResultSet.getString(JOB_CD) returned testJobCd
INFO : jdbc.resultset - 100. ResultSet.wasNull() returned false
INFO : jdbc.resultset - 100. ResultSet.getString(CHK_YN) returned N
INFO : jdbc.resultset - 100. ResultSet.wasNull() returned false
INFO : jdbc.resultset - 100. ResultSet.getString(LST_CHK_TS) returned 00010101 000000.000000
INFO : jdbc.resultset - 100. ResultSet.wasNull() returned false
INFO : jdbc.resultset - 100. ResultSet.getString(WK_ITV_RULE) returned 1111100
INFO : jdbc.resultset - 100. ResultSet.wasNull() returned false
INFO : jdbc.resultset - 100. ResultSet.getString(ST_MTH) returned 01
INFO : jdbc.resultset - 100. ResultSet.wasNull() returned false
INFO : jdbc.resultset - 100. ResultSet.getString(ED_MTH) returned 12
INFO : jdbc.resultset - 100. ResultSet.wasNull() returned false
INFO : jdbc.resultset - 100. ResultSet.getString(DEL_YN) returned N
INFO : jdbc.resultset - 100. ResultSet.wasNull() returned false
INFO : jdbc.resultset - 100. ResultSet.getString(FST_PC_TS) returned 20180520 051823.247000
INFO : jdbc.resultset - 100. ResultSet.wasNull() returned false
INFO : jdbc.resultset - 100. ResultSet.getString(PC_TS) returned 20180520 051823.247000
INFO : jdbc.resultset - 100. ResultSet.wasNull() returned false
INFO : jdbc.resultset - 100. ResultSet.getInt(LUPD_CNT) returned 1
INFO : jdbc.resultset - 100. ResultSet.wasNull() returned false
INFO : jdbc.resultsettable - 
|----------|---------|-----|-------|----------|-------|-----------------------|------------|-------|-------|-------|-----------------------|-----------------------|---------|
|dever_id  |cust_id  |sqno |set_tm |job_cd    |chk_yn |lst_chk_ts             |wk_itv_rule |st_mth |ed_mth |del_yn |fst_pc_ts              |pc_ts                  |lupd_cnt |
|----------|---------|-----|-------|----------|-------|-----------------------|------------|-------|-------|-------|-----------------------|-----------------------|---------|
|testDever |testCust |1    |000000 |testJobCd |N      |00010101 000000.000000 |1111100     |01     |12     |N      |20180520 051429.333000 |20180520 051429.333000 |1        |
|testDever |testCust |2    |000000 |testJobCd |N      |00010101 000000.000000 |1111100     |01     |12     |N      |20180520 051823.247000 |20180520 051823.247000 |1        |
|----------|---------|-----|-------|----------|-------|-----------------------|------------|-------|-------|-------|-----------------------|-----------------------|---------|

INFO : jdbc.resultset - 100. ResultSet.next() returned false
INFO : jdbc.resultset - 100. ResultSet.close() returned void
INFO : jdbc.audit - 100. PreparedStatement.getConnection() returned net.sf.log4jdbc.sql.jdbcapi.ConnectionSpy@1bf29c6
INFO : jdbc.audit - 100. Connection.getMetaData() returned oracle.jdbc.driver.OracleDatabaseMetaData@e55e70
INFO : jdbc.audit - 100. PreparedStatement.close() returned 
INFO : jdbc.audit - 100. Connection.rollback() returned 
INFO : jdbc.audit - 100. Connection.setAutoCommit(true) returned 
INFO : jdbc.audit - 100. Connection.isReadOnly() returned false
INFO : jdbc.connection - 100. Connection closed
INFO : jdbc.audit - 100. Connection.close() returned 
INFO : org.springframework.test.context.transaction.TransactionContext - Rolled back transaction for test context [DefaultTestContext@1bde877 testClass = TestSrchJobSch, testInstance = com.pro.alarm.service.TestSrchJobSch@37595f, testMethod = test1203_srchJobSch_success@TestSrchJobSch, testException = java.lang.AssertionError: ��ȸ�� �����Ͽ����ϴ�. expected:&lt;1&gt; but was:&lt;2&gt;, mergedContextConfiguration = [MergedContextConfiguration@156f2dd testClass = TestSrchJobSch, locations = &apos;{classpath:test-context.xml}&apos;, classes = &apos;{}&apos;, contextInitializerClasses = &apos;[]&apos;, activeProfiles = &apos;{}&apos;, propertySourceLocations = &apos;{}&apos;, propertySourceProperties = &apos;{}&apos;, contextCustomizers = set[[empty]], contextLoader = &apos;org.springframework.test.context.support.DelegatingSmartContextLoader&apos;, parent = [null]]].
INFO : jdbc.connection - 101. Connection opened
INFO : jdbc.audit - 101. Connection.new Connection returned 
INFO : jdbc.audit - 101. Connection.getAutoCommit() returned true
INFO : jdbc.audit - 101. PreparedStatement.new PreparedStatement returned 
INFO : jdbc.audit - 101. Connection.prepareStatement(DELETE 
		FROM    TS001_JOB_SCH 
		WHERE   DEVER_ID    = ?
		AND     CUST_ID     = ?
		AND     SQNO        = ?
		AND		LUPD_CNT	= ?) returned net.sf.log4jdbc.sql.jdbcapi.PreparedStatementSpy@68d560
INFO : jdbc.audit - 101. PreparedStatement.setString(1, &quot;testDever&quot;) returned 
INFO : jdbc.audit - 101. PreparedStatement.setString(2, &quot;testCust&quot;) returned 
INFO : jdbc.audit - 101. PreparedStatement.setInt(3, 2) returned 
INFO : jdbc.audit - 101. PreparedStatement.setInt(4, 1) returned 
INFO : jdbc.sqlonly - DELETE FROM TS001_JOB_SCH WHERE DEVER_ID = &apos;testDever&apos; AND CUST_ID = &apos;testCust&apos; AND SQNO = 
2 AND LUPD_CNT = 1 

INFO : jdbc.sqltiming - DELETE FROM TS001_JOB_SCH WHERE DEVER_ID = &apos;testDever&apos; AND CUST_ID = &apos;testCust&apos; AND SQNO = 
2 AND LUPD_CNT = 1 
 {executed in 0 msec}
INFO : jdbc.audit - 101. PreparedStatement.execute() returned false
INFO : jdbc.audit - 101. PreparedStatement.getUpdateCount() returned 1
INFO : jdbc.audit - 101. PreparedStatement.close() returned 
INFO : jdbc.connection - 101. Connection closed
INFO : jdbc.audit - 101. Connection.close() returned 
</system-out>
  </testcase>
  <testcase classname="com.pro.alarm.service.TestSrchJobSch" name="test1204_srchJobSch_delayChk" time="0.063">
    <failure message="조회를 실패하였습니다. expected:&lt;1&gt; but was:&lt;2&gt;" type="java.lang.AssertionError">java.lang.AssertionError: 조회를 실패하였습니다. expected:&lt;1&gt; but was:&lt;2&gt;
	at org.junit.Assert.fail(Assert.java:88)
	at org.junit.Assert.failNotEquals(Assert.java:834)
	at org.junit.Assert.assertEquals(Assert.java:645)
	at com.pro.alarm.service.TestSrchJobSch.test1204_srchJobSch_delayChk(TestSrchJobSch.java:114)
	at sun.reflect.NativeMethodAccessorImpl.invoke0(Native Method)
	at sun.reflect.NativeMethodAccessorImpl.invoke(NativeMethodAccessorImpl.java:62)
	at sun.reflect.DelegatingMethodAccessorImpl.invoke(DelegatingMethodAccessorImpl.java:43)
	at java.lang.reflect.Method.invoke(Method.java:497)
	at org.junit.runners.model.FrameworkMethod$1.runReflectiveCall(FrameworkMethod.java:50)
	at org.junit.internal.runners.model.ReflectiveCallable.run(ReflectiveCallable.java:12)
	at org.junit.runners.model.FrameworkMethod.invokeExplosively(FrameworkMethod.java:47)
	at org.junit.internal.runners.statements.InvokeMethod.evaluate(InvokeMethod.java:17)
	at org.springframework.test.context.junit4.statements.RunBeforeTestMethodCallbacks.evaluate(RunBeforeTestMethodCallbacks.java:75)
	at org.springframework.test.context.junit4.statements.RunAfterTestMethodCallbacks.evaluate(RunAfterTestMethodCallbacks.java:86)
	at org.junit.rules.ExpectedException$ExpectedExceptionStatement.evaluate(ExpectedException.java:239)
	at org.junit.rules.RunRules.evaluate(RunRules.java:20)
	at org.springframework.test.context.junit4.statements.SpringRepeat.evaluate(SpringRepeat.java:84)
	at org.junit.runners.ParentRunner.runLeaf(ParentRunner.java:325)
	at org.springframework.test.context.junit4.SpringJUnit4ClassRunner.runChild(SpringJUnit4ClassRunner.java:252)
	at org.springframework.test.context.junit4.SpringJUnit4ClassRunner.runChild(SpringJUnit4ClassRunner.java:94)
	at org.junit.runners.ParentRunner$3.run(ParentRunner.java:290)
	at org.junit.runners.ParentRunner$1.schedule(ParentRunner.java:71)
	at org.junit.runners.ParentRunner.runChildren(ParentRunner.java:288)
	at org.junit.runners.ParentRunner.access$000(ParentRunner.java:58)
	at org.junit.runners.ParentRunner$2.evaluate(ParentRunner.java:268)
	at org.springframework.test.context.junit4.statements.RunBeforeTestClassCallbacks.evaluate(RunBeforeTestClassCallbacks.java:61)
	at org.springframework.test.context.junit4.statements.RunAfterTestClassCallbacks.evaluate(RunAfterTestClassCallbacks.java:70)
	at org.junit.runners.ParentRunner.run(ParentRunner.java:363)
	at org.springframework.test.context.junit4.SpringJUnit4ClassRunner.run(SpringJUnit4ClassRunner.java:191)
	at org.junit.runners.Suite.runChild(Suite.java:128)
	at org.junit.runners.Suite.runChild(Suite.java:27)
	at org.junit.runners.ParentRunner$3.run(ParentRunner.java:290)
	at org.junit.runners.ParentRunner$1.schedule(ParentRunner.java:71)
	at org.junit.runners.ParentRunner.runChildren(ParentRunner.java:288)
	at org.junit.runners.ParentRunner.access$000(ParentRunner.java:58)
	at org.junit.runners.ParentRunner$2.evaluate(ParentRunner.java:268)
	at org.junit.runners.ParentRunner.run(ParentRunner.java:363)
	at org.apache.maven.surefire.junit4.JUnit4Provider.execute(JUnit4Provider.java:252)
	at org.apache.maven.surefire.junit4.JUnit4Provider.executeTestSet(JUnit4Provider.java:141)
	at org.apache.maven.surefire.junit4.JUnit4Provider.invoke(JUnit4Provider.java:112)
	at sun.reflect.NativeMethodAccessorImpl.invoke0(Native Method)
	at sun.reflect.NativeMethodAccessorImpl.invoke(NativeMethodAccessorImpl.java:62)
	at sun.reflect.DelegatingMethodAccessorImpl.invoke(DelegatingMethodAccessorImpl.java:43)
	at java.lang.reflect.Method.invoke(Method.java:497)
	at org.apache.maven.surefire.util.ReflectionUtils.invokeMethodWithArray(ReflectionUtils.java:189)
	at org.apache.maven.surefire.booter.ProviderFactory$ProviderProxy.invoke(ProviderFactory.java:165)
	at org.apache.maven.surefire.booter.ProviderFactory.invokeProvider(ProviderFactory.java:85)
	at org.apache.maven.surefire.booter.ForkedBooter.runSuitesInProcess(ForkedBooter.java:115)
	at org.apache.maven.surefire.booter.ForkedBooter.main(ForkedBooter.java:75)
</failure>
    <system-out>INFO : jdbc.connection - 102. Connection opened
INFO : jdbc.audit - 102. Connection.new Connection returned 
INFO : jdbc.audit - 102. Connection.getAutoCommit() returned true
INFO : jdbc.audit - 102. PreparedStatement.new PreparedStatement returned 
INFO : jdbc.audit - 102. Connection.prepareStatement(SELECT 	NVL(MAX(SQNO),0) + 1 AS SQNO 
		FROM 	TS001_JOB_SCH 
		WHERE 	DEVER_ID	= ?
		AND		CUST_ID		= ?) returned net.sf.log4jdbc.sql.jdbcapi.PreparedStatementSpy@44052e
INFO : jdbc.audit - 102. PreparedStatement.setString(1, &quot;testDever&quot;) returned 
INFO : jdbc.audit - 102. PreparedStatement.setString(2, &quot;testCust&quot;) returned 
INFO : jdbc.sqlonly - SELECT NVL(MAX(SQNO),0) + 1 AS SQNO FROM TS001_JOB_SCH WHERE DEVER_ID = &apos;testDever&apos; AND CUST_ID 
= &apos;testCust&apos; 

INFO : jdbc.sqltiming - SELECT NVL(MAX(SQNO),0) + 1 AS SQNO FROM TS001_JOB_SCH WHERE DEVER_ID = &apos;testDever&apos; AND CUST_ID 
= &apos;testCust&apos; 
 {executed in 0 msec}
INFO : jdbc.audit - 102. PreparedStatement.execute() returned true
INFO : jdbc.resultset - 102. ResultSet.new ResultSet returned 
INFO : jdbc.audit - 102. PreparedStatement.getResultSet() returned net.sf.log4jdbc.sql.jdbcapi.ResultSetSpy@371e13
INFO : jdbc.resultset - 102. ResultSet.getMetaData() returned oracle.jdbc.driver.OracleResultSetMetaData@10a8454
INFO : jdbc.resultset - 102. ResultSet.getType() returned 1003
INFO : jdbc.resultset - 102. ResultSet.next() returned true
INFO : jdbc.resultset - 102. ResultSet.getInt(SQNO) returned 2
INFO : jdbc.resultset - 102. ResultSet.wasNull() returned false
INFO : jdbc.resultsettable - 
|-----|
|sqno |
|-----|
|2    |
|-----|

INFO : jdbc.resultset - 102. ResultSet.next() returned false
INFO : jdbc.resultset - 102. ResultSet.close() returned void
INFO : jdbc.audit - 102. PreparedStatement.getConnection() returned net.sf.log4jdbc.sql.jdbcapi.ConnectionSpy@34c607
INFO : jdbc.audit - 102. Connection.getMetaData() returned oracle.jdbc.driver.OracleDatabaseMetaData@15cd9a
INFO : jdbc.audit - 102. PreparedStatement.close() returned 
INFO : jdbc.audit - 102. PreparedStatement.new PreparedStatement returned 
INFO : jdbc.audit - 102. Connection.prepareStatement(INSERT INTO	TS001_JOB_SCH(
							  DEVER_ID 	   /*������ID	*/
							, CUST_ID	   /*��ID  */
							, SQNO		   /*�Ϸù�ȣ  */
							, SET_TM	   /*�����ð�  */
							, JOB_CD	   /*�۾��ڵ�  */
							, CHK_YN	   /*Ȯ�ο���  */
							, LST_CHK_TS   /*����Ȯ���Ͻ�*/
							 
							 
							 
							, DEL_YN	   /*��������  */
							, PC_TS		   /*ó���Ͻ�  */
							, FST_PC_TS	   /*����ó���Ͻ�*/
							, LUPD_CNT	   /*���������� */
							)
					VALUES(
							  ?
							, ?
							, ?
							, TO_TIMESTAMP(?,&apos;YYYYMMDD HH24MI&apos;)
							, ?
							, &apos;N&apos;
							, TO_TIMESTAMP(&apos;00010101 000000.000000&apos;,&apos;YYYYMMDD HH24MISS.FF6&apos;)
							 
							 
							 
							, &apos;N&apos;
							, SYSTIMESTAMP
							, SYSTIMESTAMP
							, 1
							)) returned net.sf.log4jdbc.sql.jdbcapi.PreparedStatementSpy@b6964d
INFO : jdbc.audit - 102. PreparedStatement.setString(1, &quot;testDever&quot;) returned 
INFO : jdbc.audit - 102. PreparedStatement.setString(2, &quot;testCust&quot;) returned 
INFO : jdbc.audit - 102. PreparedStatement.setInt(3, 2) returned 
INFO : jdbc.audit - 102. PreparedStatement.setString(4, &quot;00010101 0000&quot;) returned 
INFO : jdbc.audit - 102. PreparedStatement.setString(5, &quot;testJobCd&quot;) returned 
INFO : jdbc.sqlonly - INSERT INTO TS001_JOB_SCH( DEVER_ID /*������ID */ , CUST_ID /*��ID */ , SQNO /*�Ϸù�ȣ */ , SET_TM 
/*�����ð� */ , JOB_CD /*�۾��ڵ� */ , CHK_YN /*Ȯ�ο��� */ , LST_CHK_TS /*����Ȯ���Ͻ�*/ , DEL_YN /*�������� */ 
, PC_TS /*ó���Ͻ� */ , FST_PC_TS /*����ó���Ͻ�*/ , LUPD_CNT /*���������� */ ) VALUES( &apos;testDever&apos; , &apos;testCust&apos; 
, 2 , TO_TIMESTAMP(&apos;00010101 0000&apos;,&apos;YYYYMMDD HH24MI&apos;) , &apos;testJobCd&apos; , &apos;N&apos; , TO_TIMESTAMP(&apos;00010101 
000000.000000&apos;,&apos;YYYYMMDD HH24MISS.FF6&apos;) , &apos;N&apos; , SYSTIMESTAMP , SYSTIMESTAMP , 1 ) 

INFO : jdbc.sqltiming - INSERT INTO TS001_JOB_SCH( DEVER_ID /*������ID */ , CUST_ID /*��ID */ , SQNO /*�Ϸù�ȣ */ , SET_TM 
/*�����ð� */ , JOB_CD /*�۾��ڵ� */ , CHK_YN /*Ȯ�ο��� */ , LST_CHK_TS /*����Ȯ���Ͻ�*/ , DEL_YN /*�������� */ 
, PC_TS /*ó���Ͻ� */ , FST_PC_TS /*����ó���Ͻ�*/ , LUPD_CNT /*���������� */ ) VALUES( &apos;testDever&apos; , &apos;testCust&apos; 
, 2 , TO_TIMESTAMP(&apos;00010101 0000&apos;,&apos;YYYYMMDD HH24MI&apos;) , &apos;testJobCd&apos; , &apos;N&apos; , TO_TIMESTAMP(&apos;00010101 
000000.000000&apos;,&apos;YYYYMMDD HH24MISS.FF6&apos;) , &apos;N&apos; , SYSTIMESTAMP , SYSTIMESTAMP , 1 ) 
 {executed in 0 msec}
INFO : jdbc.audit - 102. PreparedStatement.execute() returned false
INFO : jdbc.audit - 102. PreparedStatement.getUpdateCount() returned 1
INFO : jdbc.audit - 102. PreparedStatement.close() returned 
INFO : jdbc.connection - 102. Connection closed
INFO : jdbc.audit - 102. Connection.close() returned 
INFO : jdbc.connection - 103. Connection opened
INFO : jdbc.audit - 103. Connection.new Connection returned 
INFO : jdbc.audit - 103. Connection.getAutoCommit() returned true
INFO : jdbc.audit - 103. Connection.setAutoCommit(false) returned 
INFO : org.springframework.test.context.transaction.TransactionContext - Began transaction (1) for test context [DefaultTestContext@1bde877 testClass = TestSrchJobSch, testInstance = com.pro.alarm.service.TestSrchJobSch@1257031, testMethod = test1204_srchJobSch_delayChk@TestSrchJobSch, testException = [null], mergedContextConfiguration = [MergedContextConfiguration@156f2dd testClass = TestSrchJobSch, locations = &apos;{classpath:test-context.xml}&apos;, classes = &apos;{}&apos;, contextInitializerClasses = &apos;[]&apos;, activeProfiles = &apos;{}&apos;, propertySourceLocations = &apos;{}&apos;, propertySourceProperties = &apos;{}&apos;, contextCustomizers = set[[empty]], contextLoader = &apos;org.springframework.test.context.support.DelegatingSmartContextLoader&apos;, parent = [null]]]; transaction manager [org.springframework.jdbc.datasource.DataSourceTransactionManager@16390f4]; rollback [true]
INFO : jdbc.audit - 103. Connection.getAutoCommit() returned false
INFO : jdbc.audit - 103. PreparedStatement.new PreparedStatement returned 
INFO : jdbc.audit - 103. Connection.prepareStatement(SELECT 	  DEVER_ID 	   												/*������ID*/
				, CUST_ID	  							 					/*��ID  */
				, SQNO		   												/*�Ϸù�ȣ  */
				, TO_CHAR(SET_TM,&apos;HH24MISS&apos;) AS SET_TM	   					/*�����ð�  */
				, JOB_CD	   												/*�۾��ڵ�  */
				, CHK_YN	   												/*Ȯ�ο���  */
				, TO_CHAR(LST_CHK_TS,&apos;YYYYMMDD HH24MISS.FF6&apos;) AS LST_CHK_TS /*����Ȯ���Ͻ�*/
				, WK_ITV_RULE                                               /*�ְ���Ģ*/
				, ST_MTH                                                    /*���ۿ�*/
				, ED_MTH                                                    /*�����*/
				, DEL_YN	   												/*��������  */
				, TO_CHAR(FST_PC_TS,&apos;YYYYMMDD HH24MISS.FF6&apos;) AS FST_PC_TS	/*����ó���Ͻ�*/
				, TO_CHAR(PC_TS,&apos;YYYYMMDD HH24MISS.FF6&apos;) AS PC_TS			/*ó���Ͻ�*/
				, LUPD_CNT	   												/*���������� */
		FROM	TS001_JOB_SCH
		WHERE	DEVER_ID 	= ?
		 
		 
		 
		AND		CHK_YN		= &apos;N&apos;
		AND		TO_CHAR(SET_TM,&apos;HH24MISS&apos;) &lt; TO_CHAR(SYSTIMESTAMP,&apos;HH24MISS&apos;)
		AND		DEL_YN 		= &apos;N&apos;) returned net.sf.log4jdbc.sql.jdbcapi.PreparedStatementSpy@126e185
INFO : jdbc.audit - 103. PreparedStatement.setString(1, &quot;testDever&quot;) returned 
INFO : jdbc.sqlonly - SELECT DEVER_ID /*������ID*/ , CUST_ID /*��ID */ , SQNO /*�Ϸù�ȣ */ , TO_CHAR(SET_TM,&apos;HH24MISS&apos;) 
AS SET_TM /*�����ð� */ , JOB_CD /*�۾��ڵ� */ , CHK_YN /*Ȯ�ο��� */ , TO_CHAR(LST_CHK_TS,&apos;YYYYMMDD HH24MISS.FF6&apos;) 
AS LST_CHK_TS /*����Ȯ���Ͻ�*/ , WK_ITV_RULE /*�ְ���Ģ*/ , ST_MTH /*���ۿ�*/ , ED_MTH /*�����*/ , DEL_YN 
/*�������� */ , TO_CHAR(FST_PC_TS,&apos;YYYYMMDD HH24MISS.FF6&apos;) AS FST_PC_TS /*����ó���Ͻ�*/ , TO_CHAR(PC_TS,&apos;YYYYMMDD 
HH24MISS.FF6&apos;) AS PC_TS /*ó���Ͻ�*/ , LUPD_CNT /*���������� */ FROM TS001_JOB_SCH WHERE DEVER_ID = 
&apos;testDever&apos; AND CHK_YN = &apos;N&apos; AND TO_CHAR(SET_TM,&apos;HH24MISS&apos;) &lt; TO_CHAR(SYSTIMESTAMP,&apos;HH24MISS&apos;) 
AND DEL_YN = &apos;N&apos; 

INFO : jdbc.sqltiming - SELECT DEVER_ID /*������ID*/ , CUST_ID /*��ID */ , SQNO /*�Ϸù�ȣ */ , TO_CHAR(SET_TM,&apos;HH24MISS&apos;) 
AS SET_TM /*�����ð� */ , JOB_CD /*�۾��ڵ� */ , CHK_YN /*Ȯ�ο��� */ , TO_CHAR(LST_CHK_TS,&apos;YYYYMMDD HH24MISS.FF6&apos;) 
AS LST_CHK_TS /*����Ȯ���Ͻ�*/ , WK_ITV_RULE /*�ְ���Ģ*/ , ST_MTH /*���ۿ�*/ , ED_MTH /*�����*/ , DEL_YN 
/*�������� */ , TO_CHAR(FST_PC_TS,&apos;YYYYMMDD HH24MISS.FF6&apos;) AS FST_PC_TS /*����ó���Ͻ�*/ , TO_CHAR(PC_TS,&apos;YYYYMMDD 
HH24MISS.FF6&apos;) AS PC_TS /*ó���Ͻ�*/ , LUPD_CNT /*���������� */ FROM TS001_JOB_SCH WHERE DEVER_ID = 
&apos;testDever&apos; AND CHK_YN = &apos;N&apos; AND TO_CHAR(SET_TM,&apos;HH24MISS&apos;) &lt; TO_CHAR(SYSTIMESTAMP,&apos;HH24MISS&apos;) 
AND DEL_YN = &apos;N&apos; 
 {executed in 0 msec}
INFO : jdbc.audit - 103. PreparedStatement.execute() returned true
INFO : jdbc.resultset - 103. ResultSet.new ResultSet returned 
INFO : jdbc.audit - 103. PreparedStatement.getResultSet() returned net.sf.log4jdbc.sql.jdbcapi.ResultSetSpy@a5455e
INFO : jdbc.resultset - 103. ResultSet.getMetaData() returned oracle.jdbc.driver.OracleResultSetMetaData@2308c3
INFO : jdbc.resultset - 103. ResultSet.getType() returned 1003
INFO : jdbc.resultset - 103. ResultSet.next() returned true
INFO : jdbc.resultset - 103. ResultSet.getString(DEVER_ID) returned testDever
INFO : jdbc.resultset - 103. ResultSet.wasNull() returned false
INFO : jdbc.resultset - 103. ResultSet.getString(CUST_ID) returned testCust
INFO : jdbc.resultset - 103. ResultSet.wasNull() returned false
INFO : jdbc.resultset - 103. ResultSet.getInt(SQNO) returned 1
INFO : jdbc.resultset - 103. ResultSet.wasNull() returned false
INFO : jdbc.resultset - 103. ResultSet.getString(SET_TM) returned 000000
INFO : jdbc.resultset - 103. ResultSet.wasNull() returned false
INFO : jdbc.resultset - 103. ResultSet.getString(JOB_CD) returned testJobCd
INFO : jdbc.resultset - 103. ResultSet.wasNull() returned false
INFO : jdbc.resultset - 103. ResultSet.getString(CHK_YN) returned N
INFO : jdbc.resultset - 103. ResultSet.wasNull() returned false
INFO : jdbc.resultset - 103. ResultSet.getString(LST_CHK_TS) returned 00010101 000000.000000
INFO : jdbc.resultset - 103. ResultSet.wasNull() returned false
INFO : jdbc.resultset - 103. ResultSet.getString(WK_ITV_RULE) returned 1111100
INFO : jdbc.resultset - 103. ResultSet.wasNull() returned false
INFO : jdbc.resultset - 103. ResultSet.getString(ST_MTH) returned 01
INFO : jdbc.resultset - 103. ResultSet.wasNull() returned false
INFO : jdbc.resultset - 103. ResultSet.getString(ED_MTH) returned 12
INFO : jdbc.resultset - 103. ResultSet.wasNull() returned false
INFO : jdbc.resultset - 103. ResultSet.getString(DEL_YN) returned N
INFO : jdbc.resultset - 103. ResultSet.wasNull() returned false
INFO : jdbc.resultset - 103. ResultSet.getString(FST_PC_TS) returned 20180520 051429.333000
INFO : jdbc.resultset - 103. ResultSet.wasNull() returned false
INFO : jdbc.resultset - 103. ResultSet.getString(PC_TS) returned 20180520 051429.333000
INFO : jdbc.resultset - 103. ResultSet.wasNull() returned false
INFO : jdbc.resultset - 103. ResultSet.getInt(LUPD_CNT) returned 1
INFO : jdbc.resultset - 103. ResultSet.wasNull() returned false
INFO : jdbc.resultset - 103. ResultSet.next() returned true
INFO : jdbc.resultset - 103. ResultSet.getString(DEVER_ID) returned testDever
INFO : jdbc.resultset - 103. ResultSet.wasNull() returned false
INFO : jdbc.resultset - 103. ResultSet.getString(CUST_ID) returned testCust
INFO : jdbc.resultset - 103. ResultSet.wasNull() returned false
INFO : jdbc.resultset - 103. ResultSet.getInt(SQNO) returned 2
INFO : jdbc.resultset - 103. ResultSet.wasNull() returned false
INFO : jdbc.resultset - 103. ResultSet.getString(SET_TM) returned 000000
INFO : jdbc.resultset - 103. ResultSet.wasNull() returned false
INFO : jdbc.resultset - 103. ResultSet.getString(JOB_CD) returned testJobCd
INFO : jdbc.resultset - 103. ResultSet.wasNull() returned false
INFO : jdbc.resultset - 103. ResultSet.getString(CHK_YN) returned N
INFO : jdbc.resultset - 103. ResultSet.wasNull() returned false
INFO : jdbc.resultset - 103. ResultSet.getString(LST_CHK_TS) returned 00010101 000000.000000
INFO : jdbc.resultset - 103. ResultSet.wasNull() returned false
INFO : jdbc.resultset - 103. ResultSet.getString(WK_ITV_RULE) returned 1111100
INFO : jdbc.resultset - 103. ResultSet.wasNull() returned false
INFO : jdbc.resultset - 103. ResultSet.getString(ST_MTH) returned 01
INFO : jdbc.resultset - 103. ResultSet.wasNull() returned false
INFO : jdbc.resultset - 103. ResultSet.getString(ED_MTH) returned 12
INFO : jdbc.resultset - 103. ResultSet.wasNull() returned false
INFO : jdbc.resultset - 103. ResultSet.getString(DEL_YN) returned N
INFO : jdbc.resultset - 103. ResultSet.wasNull() returned false
INFO : jdbc.resultset - 103. ResultSet.getString(FST_PC_TS) returned 20180520 051823.310000
INFO : jdbc.resultset - 103. ResultSet.wasNull() returned false
INFO : jdbc.resultset - 103. ResultSet.getString(PC_TS) returned 20180520 051823.310000
INFO : jdbc.resultset - 103. ResultSet.wasNull() returned false
INFO : jdbc.resultset - 103. ResultSet.getInt(LUPD_CNT) returned 1
INFO : jdbc.resultset - 103. ResultSet.wasNull() returned false
INFO : jdbc.resultsettable - 
|----------|---------|-----|-------|----------|-------|-----------------------|------------|-------|-------|-------|-----------------------|-----------------------|---------|
|dever_id  |cust_id  |sqno |set_tm |job_cd    |chk_yn |lst_chk_ts             |wk_itv_rule |st_mth |ed_mth |del_yn |fst_pc_ts              |pc_ts                  |lupd_cnt |
|----------|---------|-----|-------|----------|-------|-----------------------|------------|-------|-------|-------|-----------------------|-----------------------|---------|
|testDever |testCust |1    |000000 |testJobCd |N      |00010101 000000.000000 |1111100     |01     |12     |N      |20180520 051429.333000 |20180520 051429.333000 |1        |
|testDever |testCust |2    |000000 |testJobCd |N      |00010101 000000.000000 |1111100     |01     |12     |N      |20180520 051823.310000 |20180520 051823.310000 |1        |
|----------|---------|-----|-------|----------|-------|-----------------------|------------|-------|-------|-------|-----------------------|-----------------------|---------|

INFO : jdbc.resultset - 103. ResultSet.next() returned false
INFO : jdbc.resultset - 103. ResultSet.close() returned void
INFO : jdbc.audit - 103. PreparedStatement.getConnection() returned net.sf.log4jdbc.sql.jdbcapi.ConnectionSpy@1da14d0
INFO : jdbc.audit - 103. Connection.getMetaData() returned oracle.jdbc.driver.OracleDatabaseMetaData@1b0ec27
INFO : jdbc.audit - 103. PreparedStatement.close() returned 
INFO : jdbc.audit - 103. Connection.rollback() returned 
INFO : jdbc.audit - 103. Connection.setAutoCommit(true) returned 
INFO : jdbc.audit - 103. Connection.isReadOnly() returned false
INFO : jdbc.connection - 103. Connection closed
INFO : jdbc.audit - 103. Connection.close() returned 
INFO : org.springframework.test.context.transaction.TransactionContext - Rolled back transaction for test context [DefaultTestContext@1bde877 testClass = TestSrchJobSch, testInstance = com.pro.alarm.service.TestSrchJobSch@1257031, testMethod = test1204_srchJobSch_delayChk@TestSrchJobSch, testException = java.lang.AssertionError: ��ȸ�� �����Ͽ����ϴ�. expected:&lt;1&gt; but was:&lt;2&gt;, mergedContextConfiguration = [MergedContextConfiguration@156f2dd testClass = TestSrchJobSch, locations = &apos;{classpath:test-context.xml}&apos;, classes = &apos;{}&apos;, contextInitializerClasses = &apos;[]&apos;, activeProfiles = &apos;{}&apos;, propertySourceLocations = &apos;{}&apos;, propertySourceProperties = &apos;{}&apos;, contextCustomizers = set[[empty]], contextLoader = &apos;org.springframework.test.context.support.DelegatingSmartContextLoader&apos;, parent = [null]]].
INFO : jdbc.connection - 104. Connection opened
INFO : jdbc.audit - 104. Connection.new Connection returned 
INFO : jdbc.audit - 104. Connection.getAutoCommit() returned true
INFO : jdbc.audit - 104. PreparedStatement.new PreparedStatement returned 
INFO : jdbc.audit - 104. Connection.prepareStatement(DELETE 
		FROM    TS001_JOB_SCH 
		WHERE   DEVER_ID    = ?
		AND     CUST_ID     = ?
		AND     SQNO        = ?
		AND		LUPD_CNT	= ?) returned net.sf.log4jdbc.sql.jdbcapi.PreparedStatementSpy@14ab71a
INFO : jdbc.audit - 104. PreparedStatement.setString(1, &quot;testDever&quot;) returned 
INFO : jdbc.audit - 104. PreparedStatement.setString(2, &quot;testCust&quot;) returned 
INFO : jdbc.audit - 104. PreparedStatement.setInt(3, 2) returned 
INFO : jdbc.audit - 104. PreparedStatement.setInt(4, 1) returned 
INFO : jdbc.sqlonly - DELETE FROM TS001_JOB_SCH WHERE DEVER_ID = &apos;testDever&apos; AND CUST_ID = &apos;testCust&apos; AND SQNO = 
2 AND LUPD_CNT = 1 

INFO : jdbc.sqltiming - DELETE FROM TS001_JOB_SCH WHERE DEVER_ID = &apos;testDever&apos; AND CUST_ID = &apos;testCust&apos; AND SQNO = 
2 AND LUPD_CNT = 1 
 {executed in 0 msec}
INFO : jdbc.audit - 104. PreparedStatement.execute() returned false
INFO : jdbc.audit - 104. PreparedStatement.getUpdateCount() returned 1
INFO : jdbc.audit - 104. PreparedStatement.close() returned 
INFO : jdbc.connection - 104. Connection closed
INFO : jdbc.audit - 104. Connection.close() returned 
</system-out>
  </testcase>
  <testcase classname="com.pro.alarm.service.TestSrchJobSch" name="test1205_srchJobSch_orderByCustId" time="0.303">
    <failure message="조회를 실패하였습니다. expected:&lt;1&gt; but was:&lt;2&gt;" type="java.lang.AssertionError">java.lang.AssertionError: 조회를 실패하였습니다. expected:&lt;1&gt; but was:&lt;2&gt;
	at org.junit.Assert.fail(Assert.java:88)
	at org.junit.Assert.failNotEquals(Assert.java:834)
	at org.junit.Assert.assertEquals(Assert.java:645)
	at com.pro.alarm.service.TestSrchJobSch.test1205_srchJobSch_orderByCustId(TestSrchJobSch.java:126)
	at sun.reflect.NativeMethodAccessorImpl.invoke0(Native Method)
	at sun.reflect.NativeMethodAccessorImpl.invoke(NativeMethodAccessorImpl.java:62)
	at sun.reflect.DelegatingMethodAccessorImpl.invoke(DelegatingMethodAccessorImpl.java:43)
	at java.lang.reflect.Method.invoke(Method.java:497)
	at org.junit.runners.model.FrameworkMethod$1.runReflectiveCall(FrameworkMethod.java:50)
	at org.junit.internal.runners.model.ReflectiveCallable.run(ReflectiveCallable.java:12)
	at org.junit.runners.model.FrameworkMethod.invokeExplosively(FrameworkMethod.java:47)
	at org.junit.internal.runners.statements.InvokeMethod.evaluate(InvokeMethod.java:17)
	at org.springframework.test.context.junit4.statements.RunBeforeTestMethodCallbacks.evaluate(RunBeforeTestMethodCallbacks.java:75)
	at org.springframework.test.context.junit4.statements.RunAfterTestMethodCallbacks.evaluate(RunAfterTestMethodCallbacks.java:86)
	at org.junit.rules.ExpectedException$ExpectedExceptionStatement.evaluate(ExpectedException.java:239)
	at org.junit.rules.RunRules.evaluate(RunRules.java:20)
	at org.springframework.test.context.junit4.statements.SpringRepeat.evaluate(SpringRepeat.java:84)
	at org.junit.runners.ParentRunner.runLeaf(ParentRunner.java:325)
	at org.springframework.test.context.junit4.SpringJUnit4ClassRunner.runChild(SpringJUnit4ClassRunner.java:252)
	at org.springframework.test.context.junit4.SpringJUnit4ClassRunner.runChild(SpringJUnit4ClassRunner.java:94)
	at org.junit.runners.ParentRunner$3.run(ParentRunner.java:290)
	at org.junit.runners.ParentRunner$1.schedule(ParentRunner.java:71)
	at org.junit.runners.ParentRunner.runChildren(ParentRunner.java:288)
	at org.junit.runners.ParentRunner.access$000(ParentRunner.java:58)
	at org.junit.runners.ParentRunner$2.evaluate(ParentRunner.java:268)
	at org.springframework.test.context.junit4.statements.RunBeforeTestClassCallbacks.evaluate(RunBeforeTestClassCallbacks.java:61)
	at org.springframework.test.context.junit4.statements.RunAfterTestClassCallbacks.evaluate(RunAfterTestClassCallbacks.java:70)
	at org.junit.runners.ParentRunner.run(ParentRunner.java:363)
	at org.springframework.test.context.junit4.SpringJUnit4ClassRunner.run(SpringJUnit4ClassRunner.java:191)
	at org.junit.runners.Suite.runChild(Suite.java:128)
	at org.junit.runners.Suite.runChild(Suite.java:27)
	at org.junit.runners.ParentRunner$3.run(ParentRunner.java:290)
	at org.junit.runners.ParentRunner$1.schedule(ParentRunner.java:71)
	at org.junit.runners.ParentRunner.runChildren(ParentRunner.java:288)
	at org.junit.runners.ParentRunner.access$000(ParentRunner.java:58)
	at org.junit.runners.ParentRunner$2.evaluate(ParentRunner.java:268)
	at org.junit.runners.ParentRunner.run(ParentRunner.java:363)
	at org.apache.maven.surefire.junit4.JUnit4Provider.execute(JUnit4Provider.java:252)
	at org.apache.maven.surefire.junit4.JUnit4Provider.executeTestSet(JUnit4Provider.java:141)
	at org.apache.maven.surefire.junit4.JUnit4Provider.invoke(JUnit4Provider.java:112)
	at sun.reflect.NativeMethodAccessorImpl.invoke0(Native Method)
	at sun.reflect.NativeMethodAccessorImpl.invoke(NativeMethodAccessorImpl.java:62)
	at sun.reflect.DelegatingMethodAccessorImpl.invoke(DelegatingMethodAccessorImpl.java:43)
	at java.lang.reflect.Method.invoke(Method.java:497)
	at org.apache.maven.surefire.util.ReflectionUtils.invokeMethodWithArray(ReflectionUtils.java:189)
	at org.apache.maven.surefire.booter.ProviderFactory$ProviderProxy.invoke(ProviderFactory.java:165)
	at org.apache.maven.surefire.booter.ProviderFactory.invokeProvider(ProviderFactory.java:85)
	at org.apache.maven.surefire.booter.ForkedBooter.runSuitesInProcess(ForkedBooter.java:115)
	at org.apache.maven.surefire.booter.ForkedBooter.main(ForkedBooter.java:75)
</failure>
    <system-out>INFO : jdbc.connection - 105. Connection opened
INFO : jdbc.audit - 105. Connection.new Connection returned 
INFO : jdbc.audit - 105. Connection.getAutoCommit() returned true
INFO : jdbc.audit - 105. PreparedStatement.new PreparedStatement returned 
INFO : jdbc.audit - 105. Connection.prepareStatement(SELECT 	NVL(MAX(SQNO),0) + 1 AS SQNO 
		FROM 	TS001_JOB_SCH 
		WHERE 	DEVER_ID	= ?
		AND		CUST_ID		= ?) returned net.sf.log4jdbc.sql.jdbcapi.PreparedStatementSpy@187e932
INFO : jdbc.audit - 105. PreparedStatement.setString(1, &quot;testDever&quot;) returned 
INFO : jdbc.audit - 105. PreparedStatement.setString(2, &quot;testCust&quot;) returned 
INFO : jdbc.sqlonly - SELECT NVL(MAX(SQNO),0) + 1 AS SQNO FROM TS001_JOB_SCH WHERE DEVER_ID = &apos;testDever&apos; AND CUST_ID 
= &apos;testCust&apos; 

INFO : jdbc.sqltiming - SELECT NVL(MAX(SQNO),0) + 1 AS SQNO FROM TS001_JOB_SCH WHERE DEVER_ID = &apos;testDever&apos; AND CUST_ID 
= &apos;testCust&apos; 
 {executed in 0 msec}
INFO : jdbc.audit - 105. PreparedStatement.execute() returned true
INFO : jdbc.resultset - 105. ResultSet.new ResultSet returned 
INFO : jdbc.audit - 105. PreparedStatement.getResultSet() returned net.sf.log4jdbc.sql.jdbcapi.ResultSetSpy@1ad777f
INFO : jdbc.resultset - 105. ResultSet.getMetaData() returned oracle.jdbc.driver.OracleResultSetMetaData@1bbdd4b
INFO : jdbc.resultset - 105. ResultSet.getType() returned 1003
INFO : jdbc.resultset - 105. ResultSet.next() returned true
INFO : jdbc.resultset - 105. ResultSet.getInt(SQNO) returned 2
INFO : jdbc.resultset - 105. ResultSet.wasNull() returned false
INFO : jdbc.resultsettable - 
|-----|
|sqno |
|-----|
|2    |
|-----|

INFO : jdbc.resultset - 105. ResultSet.next() returned false
INFO : jdbc.resultset - 105. ResultSet.close() returned void
INFO : jdbc.audit - 105. PreparedStatement.getConnection() returned net.sf.log4jdbc.sql.jdbcapi.ConnectionSpy@18bad7c
INFO : jdbc.audit - 105. Connection.getMetaData() returned oracle.jdbc.driver.OracleDatabaseMetaData@1230246
INFO : jdbc.audit - 105. PreparedStatement.close() returned 
INFO : jdbc.audit - 105. PreparedStatement.new PreparedStatement returned 
INFO : jdbc.audit - 105. Connection.prepareStatement(INSERT INTO	TS001_JOB_SCH(
							  DEVER_ID 	   /*������ID	*/
							, CUST_ID	   /*��ID  */
							, SQNO		   /*�Ϸù�ȣ  */
							, SET_TM	   /*�����ð�  */
							, JOB_CD	   /*�۾��ڵ�  */
							, CHK_YN	   /*Ȯ�ο���  */
							, LST_CHK_TS   /*����Ȯ���Ͻ�*/
							 
							 
							 
							, DEL_YN	   /*��������  */
							, PC_TS		   /*ó���Ͻ�  */
							, FST_PC_TS	   /*����ó���Ͻ�*/
							, LUPD_CNT	   /*���������� */
							)
					VALUES(
							  ?
							, ?
							, ?
							, TO_TIMESTAMP(?,&apos;YYYYMMDD HH24MI&apos;)
							, ?
							, &apos;N&apos;
							, TO_TIMESTAMP(&apos;00010101 000000.000000&apos;,&apos;YYYYMMDD HH24MISS.FF6&apos;)
							 
							 
							 
							, &apos;N&apos;
							, SYSTIMESTAMP
							, SYSTIMESTAMP
							, 1
							)) returned net.sf.log4jdbc.sql.jdbcapi.PreparedStatementSpy@1df8f12
INFO : jdbc.audit - 105. PreparedStatement.setString(1, &quot;testDever&quot;) returned 
INFO : jdbc.audit - 105. PreparedStatement.setString(2, &quot;testCust&quot;) returned 
INFO : jdbc.audit - 105. PreparedStatement.setInt(3, 2) returned 
INFO : jdbc.audit - 105. PreparedStatement.setString(4, &quot;00010101 0000&quot;) returned 
INFO : jdbc.audit - 105. PreparedStatement.setString(5, &quot;testJobCd&quot;) returned 
INFO : jdbc.sqlonly - INSERT INTO TS001_JOB_SCH( DEVER_ID /*������ID */ , CUST_ID /*��ID */ , SQNO /*�Ϸù�ȣ */ , SET_TM 
/*�����ð� */ , JOB_CD /*�۾��ڵ� */ , CHK_YN /*Ȯ�ο��� */ , LST_CHK_TS /*����Ȯ���Ͻ�*/ , DEL_YN /*�������� */ 
, PC_TS /*ó���Ͻ� */ , FST_PC_TS /*����ó���Ͻ�*/ , LUPD_CNT /*���������� */ ) VALUES( &apos;testDever&apos; , &apos;testCust&apos; 
, 2 , TO_TIMESTAMP(&apos;00010101 0000&apos;,&apos;YYYYMMDD HH24MI&apos;) , &apos;testJobCd&apos; , &apos;N&apos; , TO_TIMESTAMP(&apos;00010101 
000000.000000&apos;,&apos;YYYYMMDD HH24MISS.FF6&apos;) , &apos;N&apos; , SYSTIMESTAMP , SYSTIMESTAMP , 1 ) 

INFO : jdbc.sqltiming - INSERT INTO TS001_JOB_SCH( DEVER_ID /*������ID */ , CUST_ID /*��ID */ , SQNO /*�Ϸù�ȣ */ , SET_TM 
/*�����ð� */ , JOB_CD /*�۾��ڵ� */ , CHK_YN /*Ȯ�ο��� */ , LST_CHK_TS /*����Ȯ���Ͻ�*/ , DEL_YN /*�������� */ 
, PC_TS /*ó���Ͻ� */ , FST_PC_TS /*����ó���Ͻ�*/ , LUPD_CNT /*���������� */ ) VALUES( &apos;testDever&apos; , &apos;testCust&apos; 
, 2 , TO_TIMESTAMP(&apos;00010101 0000&apos;,&apos;YYYYMMDD HH24MI&apos;) , &apos;testJobCd&apos; , &apos;N&apos; , TO_TIMESTAMP(&apos;00010101 
000000.000000&apos;,&apos;YYYYMMDD HH24MISS.FF6&apos;) , &apos;N&apos; , SYSTIMESTAMP , SYSTIMESTAMP , 1 ) 
 {executed in 0 msec}
INFO : jdbc.audit - 105. PreparedStatement.execute() returned false
INFO : jdbc.audit - 105. PreparedStatement.getUpdateCount() returned 1
INFO : jdbc.audit - 105. PreparedStatement.close() returned 
INFO : jdbc.connection - 105. Connection closed
INFO : jdbc.audit - 105. Connection.close() returned 
INFO : jdbc.connection - 106. Connection opened
INFO : jdbc.audit - 106. Connection.new Connection returned 
INFO : jdbc.audit - 106. Connection.getAutoCommit() returned true
INFO : jdbc.audit - 106. Connection.setAutoCommit(false) returned 
INFO : org.springframework.test.context.transaction.TransactionContext - Began transaction (1) for test context [DefaultTestContext@1bde877 testClass = TestSrchJobSch, testInstance = com.pro.alarm.service.TestSrchJobSch@f5f647, testMethod = test1205_srchJobSch_orderByCustId@TestSrchJobSch, testException = [null], mergedContextConfiguration = [MergedContextConfiguration@156f2dd testClass = TestSrchJobSch, locations = &apos;{classpath:test-context.xml}&apos;, classes = &apos;{}&apos;, contextInitializerClasses = &apos;[]&apos;, activeProfiles = &apos;{}&apos;, propertySourceLocations = &apos;{}&apos;, propertySourceProperties = &apos;{}&apos;, contextCustomizers = set[[empty]], contextLoader = &apos;org.springframework.test.context.support.DelegatingSmartContextLoader&apos;, parent = [null]]]; transaction manager [org.springframework.jdbc.datasource.DataSourceTransactionManager@16390f4]; rollback [true]
INFO : jdbc.audit - 106. Connection.getAutoCommit() returned false
INFO : jdbc.audit - 106. PreparedStatement.new PreparedStatement returned 
INFO : jdbc.audit - 106. Connection.prepareStatement(SELECT 	  DEVER_ID 	   												/*������ID*/
				, CUST_ID	  							 					/*��ID  */
				, SQNO		   												/*�Ϸù�ȣ  */
				, TO_CHAR(SET_TM,&apos;HH24MISS&apos;) AS SET_TM	   					/*�����ð�  */
				, JOB_CD	   												/*�۾��ڵ�  */
				, CHK_YN	   												/*Ȯ�ο���  */
				, TO_CHAR(LST_CHK_TS,&apos;YYYYMMDD HH24MISS.FF6&apos;) AS LST_CHK_TS /*����Ȯ���Ͻ�*/
				, WK_ITV_RULE                                               /*�ְ���Ģ*/
				, ST_MTH                                                    /*���ۿ�*/
				, ED_MTH                                                    /*�����*/
				, DEL_YN	   												/*��������  */
				, TO_CHAR(FST_PC_TS,&apos;YYYYMMDD HH24MISS.FF6&apos;) AS FST_PC_TS	/*����ó���Ͻ�*/
				, TO_CHAR(PC_TS,&apos;YYYYMMDD HH24MISS.FF6&apos;) AS PC_TS			/*ó���Ͻ�*/
				, LUPD_CNT	   												/*���������� */
		FROM	TS001_JOB_SCH
		WHERE	DEVER_ID 	= ?
		 
		 
		AND		PC_TS BETWEEN TO_TIMESTAMP(?,&apos;YYYYMMDD&apos;) AND TO_TIMESTAMP(?,&apos;YYYYMMDD&apos;)
		 
		 
		 
		ORDER BY
		 CUST_ID 
		  ASC) returned net.sf.log4jdbc.sql.jdbcapi.PreparedStatementSpy@6d5a8f
INFO : jdbc.audit - 106. PreparedStatement.setString(1, &quot;testDever&quot;) returned 
INFO : jdbc.audit - 106. PreparedStatement.setString(2, &quot;20180519&quot;) returned 
INFO : jdbc.audit - 106. PreparedStatement.setString(3, &quot;20180521&quot;) returned 
INFO : jdbc.sqlonly - SELECT DEVER_ID /*������ID*/ , CUST_ID /*��ID */ , SQNO /*�Ϸù�ȣ */ , TO_CHAR(SET_TM,&apos;HH24MISS&apos;) 
AS SET_TM /*�����ð� */ , JOB_CD /*�۾��ڵ� */ , CHK_YN /*Ȯ�ο��� */ , TO_CHAR(LST_CHK_TS,&apos;YYYYMMDD HH24MISS.FF6&apos;) 
AS LST_CHK_TS /*����Ȯ���Ͻ�*/ , WK_ITV_RULE /*�ְ���Ģ*/ , ST_MTH /*���ۿ�*/ , ED_MTH /*�����*/ , DEL_YN 
/*�������� */ , TO_CHAR(FST_PC_TS,&apos;YYYYMMDD HH24MISS.FF6&apos;) AS FST_PC_TS /*����ó���Ͻ�*/ , TO_CHAR(PC_TS,&apos;YYYYMMDD 
HH24MISS.FF6&apos;) AS PC_TS /*ó���Ͻ�*/ , LUPD_CNT /*���������� */ FROM TS001_JOB_SCH WHERE DEVER_ID = 
&apos;testDever&apos; AND PC_TS BETWEEN TO_TIMESTAMP(&apos;20180519&apos;,&apos;YYYYMMDD&apos;) AND TO_TIMESTAMP(&apos;20180521&apos;,&apos;YYYYMMDD&apos;) 
ORDER BY CUST_ID ASC 

INFO : jdbc.sqltiming - SELECT DEVER_ID /*������ID*/ , CUST_ID /*��ID */ , SQNO /*�Ϸù�ȣ */ , TO_CHAR(SET_TM,&apos;HH24MISS&apos;) 
AS SET_TM /*�����ð� */ , JOB_CD /*�۾��ڵ� */ , CHK_YN /*Ȯ�ο��� */ , TO_CHAR(LST_CHK_TS,&apos;YYYYMMDD HH24MISS.FF6&apos;) 
AS LST_CHK_TS /*����Ȯ���Ͻ�*/ , WK_ITV_RULE /*�ְ���Ģ*/ , ST_MTH /*���ۿ�*/ , ED_MTH /*�����*/ , DEL_YN 
/*�������� */ , TO_CHAR(FST_PC_TS,&apos;YYYYMMDD HH24MISS.FF6&apos;) AS FST_PC_TS /*����ó���Ͻ�*/ , TO_CHAR(PC_TS,&apos;YYYYMMDD 
HH24MISS.FF6&apos;) AS PC_TS /*ó���Ͻ�*/ , LUPD_CNT /*���������� */ FROM TS001_JOB_SCH WHERE DEVER_ID = 
&apos;testDever&apos; AND PC_TS BETWEEN TO_TIMESTAMP(&apos;20180519&apos;,&apos;YYYYMMDD&apos;) AND TO_TIMESTAMP(&apos;20180521&apos;,&apos;YYYYMMDD&apos;) 
ORDER BY CUST_ID ASC 
 {executed in 1 msec}
INFO : jdbc.audit - 106. PreparedStatement.execute() returned true
INFO : jdbc.resultset - 106. ResultSet.new ResultSet returned 
INFO : jdbc.audit - 106. PreparedStatement.getResultSet() returned net.sf.log4jdbc.sql.jdbcapi.ResultSetSpy@67318f
INFO : jdbc.resultset - 106. ResultSet.getMetaData() returned oracle.jdbc.driver.OracleResultSetMetaData@15ba14a
INFO : jdbc.resultset - 106. ResultSet.getType() returned 1003
INFO : jdbc.resultset - 106. ResultSet.next() returned true
INFO : jdbc.resultset - 106. ResultSet.getString(DEVER_ID) returned testDever
INFO : jdbc.resultset - 106. ResultSet.wasNull() returned false
INFO : jdbc.resultset - 106. ResultSet.getString(CUST_ID) returned testCust
INFO : jdbc.resultset - 106. ResultSet.wasNull() returned false
INFO : jdbc.resultset - 106. ResultSet.getInt(SQNO) returned 1
INFO : jdbc.resultset - 106. ResultSet.wasNull() returned false
INFO : jdbc.resultset - 106. ResultSet.getString(SET_TM) returned 000000
INFO : jdbc.resultset - 106. ResultSet.wasNull() returned false
INFO : jdbc.resultset - 106. ResultSet.getString(JOB_CD) returned testJobCd
INFO : jdbc.resultset - 106. ResultSet.wasNull() returned false
INFO : jdbc.resultset - 106. ResultSet.getString(CHK_YN) returned N
INFO : jdbc.resultset - 106. ResultSet.wasNull() returned false
INFO : jdbc.resultset - 106. ResultSet.getString(LST_CHK_TS) returned 00010101 000000.000000
INFO : jdbc.resultset - 106. ResultSet.wasNull() returned false
INFO : jdbc.resultset - 106. ResultSet.getString(WK_ITV_RULE) returned 1111100
INFO : jdbc.resultset - 106. ResultSet.wasNull() returned false
INFO : jdbc.resultset - 106. ResultSet.getString(ST_MTH) returned 01
INFO : jdbc.resultset - 106. ResultSet.wasNull() returned false
INFO : jdbc.resultset - 106. ResultSet.getString(ED_MTH) returned 12
INFO : jdbc.resultset - 106. ResultSet.wasNull() returned false
INFO : jdbc.resultset - 106. ResultSet.getString(DEL_YN) returned N
INFO : jdbc.resultset - 106. ResultSet.wasNull() returned false
INFO : jdbc.resultset - 106. ResultSet.getString(FST_PC_TS) returned 20180520 051429.333000
INFO : jdbc.resultset - 106. ResultSet.wasNull() returned false
INFO : jdbc.resultset - 106. ResultSet.getString(PC_TS) returned 20180520 051429.333000
INFO : jdbc.resultset - 106. ResultSet.wasNull() returned false
INFO : jdbc.resultset - 106. ResultSet.getInt(LUPD_CNT) returned 1
INFO : jdbc.resultset - 106. ResultSet.wasNull() returned false
INFO : jdbc.resultset - 106. ResultSet.next() returned true
INFO : jdbc.resultset - 106. ResultSet.getString(DEVER_ID) returned testDever
INFO : jdbc.resultset - 106. ResultSet.wasNull() returned false
INFO : jdbc.resultset - 106. ResultSet.getString(CUST_ID) returned testCust
INFO : jdbc.resultset - 106. ResultSet.wasNull() returned false
INFO : jdbc.resultset - 106. ResultSet.getInt(SQNO) returned 2
INFO : jdbc.resultset - 106. ResultSet.wasNull() returned false
INFO : jdbc.resultset - 106. ResultSet.getString(SET_TM) returned 000000
INFO : jdbc.resultset - 106. ResultSet.wasNull() returned false
INFO : jdbc.resultset - 106. ResultSet.getString(JOB_CD) returned testJobCd
INFO : jdbc.resultset - 106. ResultSet.wasNull() returned false
INFO : jdbc.resultset - 106. ResultSet.getString(CHK_YN) returned N
INFO : jdbc.resultset - 106. ResultSet.wasNull() returned false
INFO : jdbc.resultset - 106. ResultSet.getString(LST_CHK_TS) returned 00010101 000000.000000
INFO : jdbc.resultset - 106. ResultSet.wasNull() returned false
INFO : jdbc.resultset - 106. ResultSet.getString(WK_ITV_RULE) returned 1111100
INFO : jdbc.resultset - 106. ResultSet.wasNull() returned false
INFO : jdbc.resultset - 106. ResultSet.getString(ST_MTH) returned 01
INFO : jdbc.resultset - 106. ResultSet.wasNull() returned false
INFO : jdbc.resultset - 106. ResultSet.getString(ED_MTH) returned 12
INFO : jdbc.resultset - 106. ResultSet.wasNull() returned false
INFO : jdbc.resultset - 106. ResultSet.getString(DEL_YN) returned N
INFO : jdbc.resultset - 106. ResultSet.wasNull() returned false
INFO : jdbc.resultset - 106. ResultSet.getString(FST_PC_TS) returned 20180520 051823.372000
INFO : jdbc.resultset - 106. ResultSet.wasNull() returned false
INFO : jdbc.resultset - 106. ResultSet.getString(PC_TS) returned 20180520 051823.372000
INFO : jdbc.resultset - 106. ResultSet.wasNull() returned false
INFO : jdbc.resultset - 106. ResultSet.getInt(LUPD_CNT) returned 1
INFO : jdbc.resultset - 106. ResultSet.wasNull() returned false
INFO : jdbc.resultsettable - 
|----------|---------|-----|-------|----------|-------|-----------------------|------------|-------|-------|-------|-----------------------|-----------------------|---------|
|dever_id  |cust_id  |sqno |set_tm |job_cd    |chk_yn |lst_chk_ts             |wk_itv_rule |st_mth |ed_mth |del_yn |fst_pc_ts              |pc_ts                  |lupd_cnt |
|----------|---------|-----|-------|----------|-------|-----------------------|------------|-------|-------|-------|-----------------------|-----------------------|---------|
|testDever |testCust |1    |000000 |testJobCd |N      |00010101 000000.000000 |1111100     |01     |12     |N      |20180520 051429.333000 |20180520 051429.333000 |1        |
|testDever |testCust |2    |000000 |testJobCd |N      |00010101 000000.000000 |1111100     |01     |12     |N      |20180520 051823.372000 |20180520 051823.372000 |1        |
|----------|---------|-----|-------|----------|-------|-----------------------|------------|-------|-------|-------|-----------------------|-----------------------|---------|

INFO : jdbc.resultset - 106. ResultSet.next() returned false
INFO : jdbc.resultset - 106. ResultSet.close() returned void
INFO : jdbc.audit - 106. PreparedStatement.getConnection() returned net.sf.log4jdbc.sql.jdbcapi.ConnectionSpy@1f9344b
INFO : jdbc.audit - 106. Connection.getMetaData() returned oracle.jdbc.driver.OracleDatabaseMetaData@1f0ad19
INFO : jdbc.audit - 106. PreparedStatement.close() returned 
INFO : jdbc.audit - 106. Connection.rollback() returned 
INFO : jdbc.audit - 106. Connection.setAutoCommit(true) returned 
INFO : jdbc.audit - 106. Connection.isReadOnly() returned false
INFO : jdbc.connection - 106. Connection closed
INFO : jdbc.audit - 106. Connection.close() returned 
INFO : org.springframework.test.context.transaction.TransactionContext - Rolled back transaction for test context [DefaultTestContext@1bde877 testClass = TestSrchJobSch, testInstance = com.pro.alarm.service.TestSrchJobSch@f5f647, testMethod = test1205_srchJobSch_orderByCustId@TestSrchJobSch, testException = java.lang.AssertionError: ��ȸ�� �����Ͽ����ϴ�. expected:&lt;1&gt; but was:&lt;2&gt;, mergedContextConfiguration = [MergedContextConfiguration@156f2dd testClass = TestSrchJobSch, locations = &apos;{classpath:test-context.xml}&apos;, classes = &apos;{}&apos;, contextInitializerClasses = &apos;[]&apos;, activeProfiles = &apos;{}&apos;, propertySourceLocations = &apos;{}&apos;, propertySourceProperties = &apos;{}&apos;, contextCustomizers = set[[empty]], contextLoader = &apos;org.springframework.test.context.support.DelegatingSmartContextLoader&apos;, parent = [null]]].
ERROR: org.springframework.test.context.transaction.TransactionalTestExecutionListener - Exception encountered while executing @AfterTransaction method [public void com.pro.alarm.service.TestSrchJobSch.afterTransaction() throws java.lang.Exception] for test context [DefaultTestContext@1bde877 testClass = TestSrchJobSch, testInstance = com.pro.alarm.service.TestSrchJobSch@f5f647, testMethod = test1205_srchJobSch_orderByCustId@TestSrchJobSch, testException = java.lang.AssertionError: ��ȸ�� �����Ͽ����ϴ�. expected:&lt;1&gt; but was:&lt;2&gt;, mergedContextConfiguration = [MergedContextConfiguration@156f2dd testClass = TestSrchJobSch, locations = &apos;{classpath:test-context.xml}&apos;, classes = &apos;{}&apos;, contextInitializerClasses = &apos;[]&apos;, activeProfiles = &apos;{}&apos;, propertySourceLocations = &apos;{}&apos;, propertySourceProperties = &apos;{}&apos;, contextCustomizers = set[[empty]], contextLoader = &apos;org.springframework.test.context.support.DelegatingSmartContextLoader&apos;, parent = [null]]]
org.mybatis.spring.MyBatisSystemException: nested exception is org.apache.ibatis.exceptions.PersistenceException: 
### Error updating database.  Cause: org.springframework.jdbc.CannotGetJdbcConnectionException: Could not get JDBC Connection; nested exception is java.sql.SQLRecoverableException: ���Ͽ��� ���� �����Ͱ� �����ϴ�
### Cause: org.springframework.jdbc.CannotGetJdbcConnectionException: Could not get JDBC Connection; nested exception is java.sql.SQLRecoverableException: ���Ͽ��� ���� �����Ͱ� �����ϴ�
	at org.mybatis.spring.MyBatisExceptionTranslator.translateExceptionIfPossible(MyBatisExceptionTranslator.java:79)
	at org.mybatis.spring.SqlSessionTemplate$SqlSessionInterceptor.invoke(SqlSessionTemplate.java:447)
	at com.sun.proxy.$Proxy28.delete(Unknown Source)
	at org.mybatis.spring.SqlSessionTemplate.delete(SqlSessionTemplate.java:311)
	at org.apache.ibatis.binding.MapperMethod.execute(MapperMethod.java:67)
	at org.apache.ibatis.binding.MapperProxy.invoke(MapperProxy.java:59)
	at com.sun.proxy.$Proxy43.delJobSch(Unknown Source)
	at com.pro.alarm.dao.AlarmDaoImpl.delJobSch(AlarmDaoImpl.java:64)
	at com.pro.alarm.service.TestSrchJobSch.afterTransaction(TestSrchJobSch.java:270)
	at sun.reflect.GeneratedMethodAccessor52.invoke(Unknown Source)
	at sun.reflect.DelegatingMethodAccessorImpl.invoke(DelegatingMethodAccessorImpl.java:43)
	at java.lang.reflect.Method.invoke(Method.java:497)
	at org.springframework.test.context.transaction.TransactionalTestExecutionListener.runAfterTransactionMethods(TransactionalTestExecutionListener.java:283)
	at org.springframework.test.context.transaction.TransactionalTestExecutionListener.afterTestMethod(TransactionalTestExecutionListener.java:231)
	at org.springframework.test.context.TestContextManager.afterTestMethod(TestContextManager.java:319)
	at org.springframework.test.context.junit4.statements.RunAfterTestMethodCallbacks.evaluate(RunAfterTestMethodCallbacks.java:94)
	at org.junit.rules.ExpectedException$ExpectedExceptionStatement.evaluate(ExpectedException.java:239)
	at org.junit.rules.RunRules.evaluate(RunRules.java:20)
	at org.springframework.test.context.junit4.statements.SpringRepeat.evaluate(SpringRepeat.java:84)
	at org.junit.runners.ParentRunner.runLeaf(ParentRunner.java:325)
	at org.springframework.test.context.junit4.SpringJUnit4ClassRunner.runChild(SpringJUnit4ClassRunner.java:252)
	at org.springframework.test.context.junit4.SpringJUnit4ClassRunner.runChild(SpringJUnit4ClassRunner.java:94)
	at org.junit.runners.ParentRunner$3.run(ParentRunner.java:290)
	at org.junit.runners.ParentRunner$1.schedule(ParentRunner.java:71)
	at org.junit.runners.ParentRunner.runChildren(ParentRunner.java:288)
	at org.junit.runners.ParentRunner.access$000(ParentRunner.java:58)
	at org.junit.runners.ParentRunner$2.evaluate(ParentRunner.java:268)
	at org.springframework.test.context.junit4.statements.RunBeforeTestClassCallbacks.evaluate(RunBeforeTestClassCallbacks.java:61)
	at org.springframework.test.context.junit4.statements.RunAfterTestClassCallbacks.evaluate(RunAfterTestClassCallbacks.java:70)
	at org.junit.runners.ParentRunner.run(ParentRunner.java:363)
	at org.springframework.test.context.junit4.SpringJUnit4ClassRunner.run(SpringJUnit4ClassRunner.java:191)
	at org.junit.runners.Suite.runChild(Suite.java:128)
	at org.junit.runners.Suite.runChild(Suite.java:27)
	at org.junit.runners.ParentRunner$3.run(ParentRunner.java:290)
	at org.junit.runners.ParentRunner$1.schedule(ParentRunner.java:71)
	at org.junit.runners.ParentRunner.runChildren(ParentRunner.java:288)
	at org.junit.runners.ParentRunner.access$000(ParentRunner.java:58)
	at org.junit.runners.ParentRunner$2.evaluate(ParentRunner.java:268)
	at org.junit.runners.ParentRunner.run(ParentRunner.java:363)
	at org.apache.maven.surefire.junit4.JUnit4Provider.execute(JUnit4Provider.java:252)
	at org.apache.maven.surefire.junit4.JUnit4Provider.executeTestSet(JUnit4Provider.java:141)
	at org.apache.maven.surefire.junit4.JUnit4Provider.invoke(JUnit4Provider.java:112)
	at sun.reflect.NativeMethodAccessorImpl.invoke0(Native Method)
	at sun.reflect.NativeMethodAccessorImpl.invoke(NativeMethodAccessorImpl.java:62)
	at sun.reflect.DelegatingMethodAccessorImpl.invoke(DelegatingMethodAccessorImpl.java:43)
	at java.lang.reflect.Method.invoke(Method.java:497)
	at org.apache.maven.surefire.util.ReflectionUtils.invokeMethodWithArray(ReflectionUtils.java:189)
	at org.apache.maven.surefire.booter.ProviderFactory$ProviderProxy.invoke(ProviderFactory.java:165)
	at org.apache.maven.surefire.booter.ProviderFactory.invokeProvider(ProviderFactory.java:85)
	at org.apache.maven.surefire.booter.ForkedBooter.runSuitesInProcess(ForkedBooter.java:115)
	at org.apache.maven.surefire.booter.ForkedBooter.main(ForkedBooter.java:75)
Caused by: org.apache.ibatis.exceptions.PersistenceException: 
### Error updating database.  Cause: org.springframework.jdbc.CannotGetJdbcConnectionException: Could not get JDBC Connection; nested exception is java.sql.SQLRecoverableException: ���Ͽ��� ���� �����Ͱ� �����ϴ�
### Cause: org.springframework.jdbc.CannotGetJdbcConnectionException: Could not get JDBC Connection; nested exception is java.sql.SQLRecoverableException: ���Ͽ��� ���� �����Ͱ� �����ϴ�
	at org.apache.ibatis.exceptions.ExceptionFactory.wrapException(ExceptionFactory.java:30)
	at org.apache.ibatis.session.defaults.DefaultSqlSession.update(DefaultSqlSession.java:200)
	at org.apache.ibatis.session.defaults.DefaultSqlSession.delete(DefaultSqlSession.java:213)
	at sun.reflect.GeneratedMethodAccessor53.invoke(Unknown Source)
	at sun.reflect.DelegatingMethodAccessorImpl.invoke(DelegatingMethodAccessorImpl.java:43)
	at java.lang.reflect.Method.invoke(Method.java:497)
	at org.mybatis.spring.SqlSessionTemplate$SqlSessionInterceptor.invoke(SqlSessionTemplate.java:434)
	... 49 more
Caused by: org.springframework.jdbc.CannotGetJdbcConnectionException: Could not get JDBC Connection; nested exception is java.sql.SQLRecoverableException: ���Ͽ��� ���� �����Ͱ� �����ϴ�
	at org.springframework.jdbc.datasource.DataSourceUtils.getConnection(DataSourceUtils.java:80)
	at org.mybatis.spring.transaction.SpringManagedTransaction.openConnection(SpringManagedTransaction.java:84)
	at org.mybatis.spring.transaction.SpringManagedTransaction.getConnection(SpringManagedTransaction.java:70)
	at org.apache.ibatis.executor.BaseExecutor.getConnection(BaseExecutor.java:336)
	at org.apache.ibatis.executor.SimpleExecutor.prepareStatement(SimpleExecutor.java:84)
	at org.apache.ibatis.executor.SimpleExecutor.doUpdate(SimpleExecutor.java:49)
	at org.apache.ibatis.executor.BaseExecutor.update(BaseExecutor.java:117)
	at org.apache.ibatis.executor.CachingExecutor.update(CachingExecutor.java:76)
	at org.apache.ibatis.session.defaults.DefaultSqlSession.update(DefaultSqlSession.java:198)
	... 54 more
Caused by: java.sql.SQLRecoverableException: ���Ͽ��� ���� �����Ͱ� �����ϴ�
	at oracle.jdbc.driver.T4CMAREngine.unmarshalUB1(T4CMAREngine.java:1157)
	at oracle.jdbc.driver.T4C8TTIpro.receive(T4C8TTIpro.java:129)
	at oracle.jdbc.driver.T4CConnection.connect(T4CConnection.java:1162)
	at oracle.jdbc.driver.T4CConnection.logon(T4CConnection.java:340)
	at oracle.jdbc.driver.PhysicalConnection.&lt;init&gt;(PhysicalConnection.java:553)
	at oracle.jdbc.driver.T4CConnection.&lt;init&gt;(T4CConnection.java:254)
	at oracle.jdbc.driver.T4CDriverExtension.getConnection(T4CDriverExtension.java:32)
	at oracle.jdbc.driver.OracleDriver.connect(OracleDriver.java:528)
	at net.sf.log4jdbc.sql.jdbcapi.DriverSpy.connect(DriverSpy.java:399)
	at java.sql.DriverManager.getConnection(DriverManager.java:664)
	at java.sql.DriverManager.getConnection(DriverManager.java:208)
	at org.springframework.jdbc.datasource.DriverManagerDataSource.getConnectionFromDriverManager(DriverManagerDataSource.java:153)
	at org.springframework.jdbc.datasource.DriverManagerDataSource.getConnectionFromDriver(DriverManagerDataSource.java:144)
	at org.springframework.jdbc.datasource.AbstractDriverBasedDataSource.getConnectionFromDriver(AbstractDriverBasedDataSource.java:196)
	at org.springframework.jdbc.datasource.AbstractDriverBasedDataSource.getConnection(AbstractDriverBasedDataSource.java:159)
	at org.springframework.jdbc.datasource.DataSourceUtils.doGetConnection(DataSourceUtils.java:111)
	at org.springframework.jdbc.datasource.DataSourceUtils.getConnection(DataSourceUtils.java:77)
	... 62 more
WARN : org.springframework.test.context.TestContextManager - Caught exception while allowing TestExecutionListener [org.springframework.test.context.transaction.TransactionalTestExecutionListener@102e036] to process &apos;after&apos; execution for test: method [public void com.pro.alarm.service.TestSrchJobSch.test1205_srchJobSch_orderByCustId() throws java.lang.Exception], instance [com.pro.alarm.service.TestSrchJobSch@f5f647], exception [java.lang.AssertionError: ��ȸ�� �����Ͽ����ϴ�. expected:&lt;1&gt; but was:&lt;2&gt;]
org.mybatis.spring.MyBatisSystemException: nested exception is org.apache.ibatis.exceptions.PersistenceException: 
### Error updating database.  Cause: org.springframework.jdbc.CannotGetJdbcConnectionException: Could not get JDBC Connection; nested exception is java.sql.SQLRecoverableException: ���Ͽ��� ���� �����Ͱ� �����ϴ�
### Cause: org.springframework.jdbc.CannotGetJdbcConnectionException: Could not get JDBC Connection; nested exception is java.sql.SQLRecoverableException: ���Ͽ��� ���� �����Ͱ� �����ϴ�
	at org.mybatis.spring.MyBatisExceptionTranslator.translateExceptionIfPossible(MyBatisExceptionTranslator.java:79)
	at org.mybatis.spring.SqlSessionTemplate$SqlSessionInterceptor.invoke(SqlSessionTemplate.java:447)
	at com.sun.proxy.$Proxy28.delete(Unknown Source)
	at org.mybatis.spring.SqlSessionTemplate.delete(SqlSessionTemplate.java:311)
	at org.apache.ibatis.binding.MapperMethod.execute(MapperMethod.java:67)
	at org.apache.ibatis.binding.MapperProxy.invoke(MapperProxy.java:59)
	at com.sun.proxy.$Proxy43.delJobSch(Unknown Source)
	at com.pro.alarm.dao.AlarmDaoImpl.delJobSch(AlarmDaoImpl.java:64)
	at com.pro.alarm.service.TestSrchJobSch.afterTransaction(TestSrchJobSch.java:270)
	at sun.reflect.GeneratedMethodAccessor52.invoke(Unknown Source)
	at sun.reflect.DelegatingMethodAccessorImpl.invoke(DelegatingMethodAccessorImpl.java:43)
	at java.lang.reflect.Method.invoke(Method.java:497)
	at org.springframework.test.context.transaction.TransactionalTestExecutionListener.runAfterTransactionMethods(TransactionalTestExecutionListener.java:283)
	at org.springframework.test.context.transaction.TransactionalTestExecutionListener.afterTestMethod(TransactionalTestExecutionListener.java:231)
	at org.springframework.test.context.TestContextManager.afterTestMethod(TestContextManager.java:319)
	at org.springframework.test.context.junit4.statements.RunAfterTestMethodCallbacks.evaluate(RunAfterTestMethodCallbacks.java:94)
	at org.junit.rules.ExpectedException$ExpectedExceptionStatement.evaluate(ExpectedException.java:239)
	at org.junit.rules.RunRules.evaluate(RunRules.java:20)
	at org.springframework.test.context.junit4.statements.SpringRepeat.evaluate(SpringRepeat.java:84)
	at org.junit.runners.ParentRunner.runLeaf(ParentRunner.java:325)
	at org.springframework.test.context.junit4.SpringJUnit4ClassRunner.runChild(SpringJUnit4ClassRunner.java:252)
	at org.springframework.test.context.junit4.SpringJUnit4ClassRunner.runChild(SpringJUnit4ClassRunner.java:94)
	at org.junit.runners.ParentRunner$3.run(ParentRunner.java:290)
	at org.junit.runners.ParentRunner$1.schedule(ParentRunner.java:71)
	at org.junit.runners.ParentRunner.runChildren(ParentRunner.java:288)
	at org.junit.runners.ParentRunner.access$000(ParentRunner.java:58)
	at org.junit.runners.ParentRunner$2.evaluate(ParentRunner.java:268)
	at org.springframework.test.context.junit4.statements.RunBeforeTestClassCallbacks.evaluate(RunBeforeTestClassCallbacks.java:61)
	at org.springframework.test.context.junit4.statements.RunAfterTestClassCallbacks.evaluate(RunAfterTestClassCallbacks.java:70)
	at org.junit.runners.ParentRunner.run(ParentRunner.java:363)
	at org.springframework.test.context.junit4.SpringJUnit4ClassRunner.run(SpringJUnit4ClassRunner.java:191)
	at org.junit.runners.Suite.runChild(Suite.java:128)
	at org.junit.runners.Suite.runChild(Suite.java:27)
	at org.junit.runners.ParentRunner$3.run(ParentRunner.java:290)
	at org.junit.runners.ParentRunner$1.schedule(ParentRunner.java:71)
	at org.junit.runners.ParentRunner.runChildren(ParentRunner.java:288)
	at org.junit.runners.ParentRunner.access$000(ParentRunner.java:58)
	at org.junit.runners.ParentRunner$2.evaluate(ParentRunner.java:268)
	at org.junit.runners.ParentRunner.run(ParentRunner.java:363)
	at org.apache.maven.surefire.junit4.JUnit4Provider.execute(JUnit4Provider.java:252)
	at org.apache.maven.surefire.junit4.JUnit4Provider.executeTestSet(JUnit4Provider.java:141)
	at org.apache.maven.surefire.junit4.JUnit4Provider.invoke(JUnit4Provider.java:112)
	at sun.reflect.NativeMethodAccessorImpl.invoke0(Native Method)
[...]
= &apos;testCust&apos; 
 {executed in 0 msec}
INFO : jdbc.audit - 119. PreparedStatement.execute() returned true
INFO : jdbc.resultset - 119. ResultSet.new ResultSet returned 
INFO : jdbc.audit - 119. PreparedStatement.getResultSet() returned net.sf.log4jdbc.sql.jdbcapi.ResultSetSpy@9d180
INFO : jdbc.resultset - 119. ResultSet.getMetaData() returned oracle.jdbc.driver.OracleResultSetMetaData@3aae55
INFO : jdbc.resultset - 119. ResultSet.getType() returned 1003
INFO : jdbc.resultset - 119. ResultSet.next() returned true
INFO : jdbc.resultset - 119. ResultSet.getInt(SQNO) returned 3
INFO : jdbc.resultset - 119. ResultSet.wasNull() returned false
INFO : jdbc.resultsettable - 
|-----|
|sqno |
|-----|
|3    |
|-----|

INFO : jdbc.resultset - 119. ResultSet.next() returned false
INFO : jdbc.resultset - 119. ResultSet.close() returned void
INFO : jdbc.audit - 119. PreparedStatement.getConnection() returned net.sf.log4jdbc.sql.jdbcapi.ConnectionSpy@1574cc2
INFO : jdbc.audit - 119. Connection.getMetaData() returned oracle.jdbc.driver.OracleDatabaseMetaData@bddf5
INFO : jdbc.audit - 119. PreparedStatement.close() returned 
INFO : jdbc.audit - 119. PreparedStatement.new PreparedStatement returned 
INFO : jdbc.audit - 119. Connection.prepareStatement(INSERT INTO	TS001_JOB_SCH(
							  DEVER_ID 	   /*������ID	*/
							, CUST_ID	   /*��ID  */
							, SQNO		   /*�Ϸù�ȣ  */
							, SET_TM	   /*�����ð�  */
							, JOB_CD	   /*�۾��ڵ�  */
							, CHK_YN	   /*Ȯ�ο���  */
							, LST_CHK_TS   /*����Ȯ���Ͻ�*/
							 
							 
							 
							, DEL_YN	   /*��������  */
							, PC_TS		   /*ó���Ͻ�  */
							, FST_PC_TS	   /*����ó���Ͻ�*/
							, LUPD_CNT	   /*���������� */
							)
					VALUES(
							  ?
							, ?
							, ?
							, TO_TIMESTAMP(?,&apos;YYYYMMDD HH24MI&apos;)
							, ?
							, &apos;N&apos;
							, TO_TIMESTAMP(&apos;00010101 000000.000000&apos;,&apos;YYYYMMDD HH24MISS.FF6&apos;)
							 
							 
							 
							, &apos;N&apos;
							, SYSTIMESTAMP
							, SYSTIMESTAMP
							, 1
							)) returned net.sf.log4jdbc.sql.jdbcapi.PreparedStatementSpy@9c84a5
INFO : jdbc.audit - 119. PreparedStatement.setString(1, &quot;testDever&quot;) returned 
INFO : jdbc.audit - 119. PreparedStatement.setString(2, &quot;testCust&quot;) returned 
INFO : jdbc.audit - 119. PreparedStatement.setInt(3, 3) returned 
INFO : jdbc.audit - 119. PreparedStatement.setString(4, &quot;00010101 0000&quot;) returned 
INFO : jdbc.audit - 119. PreparedStatement.setString(5, &quot;testJobCd&quot;) returned 
INFO : jdbc.sqlonly - INSERT INTO TS001_JOB_SCH( DEVER_ID /*������ID */ , CUST_ID /*��ID */ , SQNO /*�Ϸù�ȣ */ , SET_TM 
/*�����ð� */ , JOB_CD /*�۾��ڵ� */ , CHK_YN /*Ȯ�ο��� */ , LST_CHK_TS /*����Ȯ���Ͻ�*/ , DEL_YN /*�������� */ 
, PC_TS /*ó���Ͻ� */ , FST_PC_TS /*����ó���Ͻ�*/ , LUPD_CNT /*���������� */ ) VALUES( &apos;testDever&apos; , &apos;testCust&apos; 
, 3 , TO_TIMESTAMP(&apos;00010101 0000&apos;,&apos;YYYYMMDD HH24MI&apos;) , &apos;testJobCd&apos; , &apos;N&apos; , TO_TIMESTAMP(&apos;00010101 
000000.000000&apos;,&apos;YYYYMMDD HH24MISS.FF6&apos;) , &apos;N&apos; , SYSTIMESTAMP , SYSTIMESTAMP , 1 ) 

INFO : jdbc.sqltiming - INSERT INTO TS001_JOB_SCH( DEVER_ID /*������ID */ , CUST_ID /*��ID */ , SQNO /*�Ϸù�ȣ */ , SET_TM 
/*�����ð� */ , JOB_CD /*�۾��ڵ� */ , CHK_YN /*Ȯ�ο��� */ , LST_CHK_TS /*����Ȯ���Ͻ�*/ , DEL_YN /*�������� */ 
, PC_TS /*ó���Ͻ� */ , FST_PC_TS /*����ó���Ͻ�*/ , LUPD_CNT /*���������� */ ) VALUES( &apos;testDever&apos; , &apos;testCust&apos; 
, 3 , TO_TIMESTAMP(&apos;00010101 0000&apos;,&apos;YYYYMMDD HH24MI&apos;) , &apos;testJobCd&apos; , &apos;N&apos; , TO_TIMESTAMP(&apos;00010101 
000000.000000&apos;,&apos;YYYYMMDD HH24MISS.FF6&apos;) , &apos;N&apos; , SYSTIMESTAMP , SYSTIMESTAMP , 1 ) 
 {executed in 0 msec}
INFO : jdbc.audit - 119. PreparedStatement.execute() returned false
INFO : jdbc.audit - 119. PreparedStatement.getUpdateCount() returned 1
INFO : jdbc.audit - 119. PreparedStatement.close() returned 
INFO : jdbc.connection - 119. Connection closed
INFO : jdbc.audit - 119. Connection.close() returned 
INFO : jdbc.connection - 120. Connection opened
INFO : jdbc.audit - 120. Connection.new Connection returned 
INFO : jdbc.audit - 120. Connection.getAutoCommit() returned true
INFO : jdbc.audit - 120. Connection.setAutoCommit(false) returned 
INFO : org.springframework.test.context.transaction.TransactionContext - Began transaction (1) for test context [DefaultTestContext@1bde877 testClass = TestSrchJobSch, testInstance = com.pro.alarm.service.TestSrchJobSch@d7ad8b, testMethod = test1215_srchJobSch_srchFiler@TestSrchJobSch, testException = [null], mergedContextConfiguration = [MergedContextConfiguration@156f2dd testClass = TestSrchJobSch, locations = &apos;{classpath:test-context.xml}&apos;, classes = &apos;{}&apos;, contextInitializerClasses = &apos;[]&apos;, activeProfiles = &apos;{}&apos;, propertySourceLocations = &apos;{}&apos;, propertySourceProperties = &apos;{}&apos;, contextCustomizers = set[[empty]], contextLoader = &apos;org.springframework.test.context.support.DelegatingSmartContextLoader&apos;, parent = [null]]]; transaction manager [org.springframework.jdbc.datasource.DataSourceTransactionManager@16390f4]; rollback [true]
INFO : jdbc.audit - 120. Connection.getAutoCommit() returned false
INFO : jdbc.audit - 120. PreparedStatement.new PreparedStatement returned 
INFO : jdbc.audit - 120. Connection.prepareStatement(SELECT 	  DEVER_ID 	   												/*������ID*/
				, CUST_ID	  							 					/*��ID  */
				, SQNO		   												/*�Ϸù�ȣ  */
				, TO_CHAR(SET_TM,&apos;HH24MISS&apos;) AS SET_TM	   					/*�����ð�  */
				, JOB_CD	   												/*�۾��ڵ�  */
				, CHK_YN	   												/*Ȯ�ο���  */
				, TO_CHAR(LST_CHK_TS,&apos;YYYYMMDD HH24MISS.FF6&apos;) AS LST_CHK_TS /*����Ȯ���Ͻ�*/
				, WK_ITV_RULE                                               /*�ְ���Ģ*/
				, ST_MTH                                                    /*���ۿ�*/
				, ED_MTH                                                    /*�����*/
				, DEL_YN	   												/*��������  */
				, TO_CHAR(FST_PC_TS,&apos;YYYYMMDD HH24MISS.FF6&apos;) AS FST_PC_TS	/*����ó���Ͻ�*/
				, TO_CHAR(PC_TS,&apos;YYYYMMDD HH24MISS.FF6&apos;) AS PC_TS			/*ó���Ͻ�*/
				, LUPD_CNT	   												/*���������� */
		FROM	TS001_JOB_SCH
		WHERE	DEVER_ID 	= ?
		 
		 
		AND		PC_TS BETWEEN TO_TIMESTAMP(?,&apos;YYYYMMDD&apos;) AND TO_TIMESTAMP(?,&apos;YYYYMMDD&apos;)) returned net.sf.log4jdbc.sql.jdbcapi.PreparedStatementSpy@222fd8
INFO : jdbc.audit - 120. PreparedStatement.setString(1, &quot;testDever&quot;) returned 
INFO : jdbc.audit - 120. PreparedStatement.setString(2, &quot;20180519&quot;) returned 
INFO : jdbc.audit - 120. PreparedStatement.setString(3, &quot;20180521&quot;) returned 
INFO : jdbc.sqlonly - SELECT DEVER_ID /*������ID*/ , CUST_ID /*��ID */ , SQNO /*�Ϸù�ȣ */ , TO_CHAR(SET_TM,&apos;HH24MISS&apos;) 
AS SET_TM /*�����ð� */ , JOB_CD /*�۾��ڵ� */ , CHK_YN /*Ȯ�ο��� */ , TO_CHAR(LST_CHK_TS,&apos;YYYYMMDD HH24MISS.FF6&apos;) 
AS LST_CHK_TS /*����Ȯ���Ͻ�*/ , WK_ITV_RULE /*�ְ���Ģ*/ , ST_MTH /*���ۿ�*/ , ED_MTH /*�����*/ , DEL_YN 
/*�������� */ , TO_CHAR(FST_PC_TS,&apos;YYYYMMDD HH24MISS.FF6&apos;) AS FST_PC_TS /*����ó���Ͻ�*/ , TO_CHAR(PC_TS,&apos;YYYYMMDD 
HH24MISS.FF6&apos;) AS PC_TS /*ó���Ͻ�*/ , LUPD_CNT /*���������� */ FROM TS001_JOB_SCH WHERE DEVER_ID = 
&apos;testDever&apos; AND PC_TS BETWEEN TO_TIMESTAMP(&apos;20180519&apos;,&apos;YYYYMMDD&apos;) AND TO_TIMESTAMP(&apos;20180521&apos;,&apos;YYYYMMDD&apos;) 

INFO : jdbc.sqltiming - SELECT DEVER_ID /*������ID*/ , CUST_ID /*��ID */ , SQNO /*�Ϸù�ȣ */ , TO_CHAR(SET_TM,&apos;HH24MISS&apos;) 
AS SET_TM /*�����ð� */ , JOB_CD /*�۾��ڵ� */ , CHK_YN /*Ȯ�ο��� */ , TO_CHAR(LST_CHK_TS,&apos;YYYYMMDD HH24MISS.FF6&apos;) 
AS LST_CHK_TS /*����Ȯ���Ͻ�*/ , WK_ITV_RULE /*�ְ���Ģ*/ , ST_MTH /*���ۿ�*/ , ED_MTH /*�����*/ , DEL_YN 
/*�������� */ , TO_CHAR(FST_PC_TS,&apos;YYYYMMDD HH24MISS.FF6&apos;) AS FST_PC_TS /*����ó���Ͻ�*/ , TO_CHAR(PC_TS,&apos;YYYYMMDD 
HH24MISS.FF6&apos;) AS PC_TS /*ó���Ͻ�*/ , LUPD_CNT /*���������� */ FROM TS001_JOB_SCH WHERE DEVER_ID = 
&apos;testDever&apos; AND PC_TS BETWEEN TO_TIMESTAMP(&apos;20180519&apos;,&apos;YYYYMMDD&apos;) AND TO_TIMESTAMP(&apos;20180521&apos;,&apos;YYYYMMDD&apos;) 
 {executed in 0 msec}
INFO : jdbc.audit - 120. PreparedStatement.execute() returned true
INFO : jdbc.resultset - 120. ResultSet.new ResultSet returned 
INFO : jdbc.audit - 120. PreparedStatement.getResultSet() returned net.sf.log4jdbc.sql.jdbcapi.ResultSetSpy@1bf7094
INFO : jdbc.resultset - 120. ResultSet.getMetaData() returned oracle.jdbc.driver.OracleResultSetMetaData@f1249d
INFO : jdbc.resultset - 120. ResultSet.getType() returned 1003
INFO : jdbc.resultset - 120. ResultSet.next() returned true
INFO : jdbc.resultset - 120. ResultSet.getString(DEVER_ID) returned testDever
INFO : jdbc.resultset - 120. ResultSet.wasNull() returned false
INFO : jdbc.resultset - 120. ResultSet.getString(CUST_ID) returned testCust
INFO : jdbc.resultset - 120. ResultSet.wasNull() returned false
INFO : jdbc.resultset - 120. ResultSet.getInt(SQNO) returned 1
INFO : jdbc.resultset - 120. ResultSet.wasNull() returned false
INFO : jdbc.resultset - 120. ResultSet.getString(SET_TM) returned 000000
INFO : jdbc.resultset - 120. ResultSet.wasNull() returned false
INFO : jdbc.resultset - 120. ResultSet.getString(JOB_CD) returned testJobCd
INFO : jdbc.resultset - 120. ResultSet.wasNull() returned false
INFO : jdbc.resultset - 120. ResultSet.getString(CHK_YN) returned N
INFO : jdbc.resultset - 120. ResultSet.wasNull() returned false
INFO : jdbc.resultset - 120. ResultSet.getString(LST_CHK_TS) returned 00010101 000000.000000
INFO : jdbc.resultset - 120. ResultSet.wasNull() returned false
INFO : jdbc.resultset - 120. ResultSet.getString(WK_ITV_RULE) returned 1111100
INFO : jdbc.resultset - 120. ResultSet.wasNull() returned false
INFO : jdbc.resultset - 120. ResultSet.getString(ST_MTH) returned 01
INFO : jdbc.resultset - 120. ResultSet.wasNull() returned false
INFO : jdbc.resultset - 120. ResultSet.getString(ED_MTH) returned 12
INFO : jdbc.resultset - 120. ResultSet.wasNull() returned false
INFO : jdbc.resultset - 120. ResultSet.getString(DEL_YN) returned N
INFO : jdbc.resultset - 120. ResultSet.wasNull() returned false
INFO : jdbc.resultset - 120. ResultSet.getString(FST_PC_TS) returned 20180520 051429.333000
INFO : jdbc.resultset - 120. ResultSet.wasNull() returned false
INFO : jdbc.resultset - 120. ResultSet.getString(PC_TS) returned 20180520 051429.333000
INFO : jdbc.resultset - 120. ResultSet.wasNull() returned false
INFO : jdbc.resultset - 120. ResultSet.getInt(LUPD_CNT) returned 1
INFO : jdbc.resultset - 120. ResultSet.wasNull() returned false
INFO : jdbc.resultset - 120. ResultSet.next() returned true
INFO : jdbc.resultset - 120. ResultSet.getString(DEVER_ID) returned testDever
INFO : jdbc.resultset - 120. ResultSet.wasNull() returned false
INFO : jdbc.resultset - 120. ResultSet.getString(CUST_ID) returned testCust
INFO : jdbc.resultset - 120. ResultSet.wasNull() returned false
INFO : jdbc.resultset - 120. ResultSet.getInt(SQNO) returned 2
INFO : jdbc.resultset - 120. ResultSet.wasNull() returned false
INFO : jdbc.resultset - 120. ResultSet.getString(SET_TM) returned 000000
INFO : jdbc.resultset - 120. ResultSet.wasNull() returned false
INFO : jdbc.resultset - 120. ResultSet.getString(JOB_CD) returned testJobCd
INFO : jdbc.resultset - 120. ResultSet.wasNull() returned false
INFO : jdbc.resultset - 120. ResultSet.getString(CHK_YN) returned N
INFO : jdbc.resultset - 120. ResultSet.wasNull() returned false
INFO : jdbc.resultset - 120. ResultSet.getString(LST_CHK_TS) returned 00010101 000000.000000
INFO : jdbc.resultset - 120. ResultSet.wasNull() returned false
INFO : jdbc.resultset - 120. ResultSet.getString(WK_ITV_RULE) returned 1111100
INFO : jdbc.resultset - 120. ResultSet.wasNull() returned false
INFO : jdbc.resultset - 120. ResultSet.getString(ST_MTH) returned 01
INFO : jdbc.resultset - 120. ResultSet.wasNull() returned false
INFO : jdbc.resultset - 120. ResultSet.getString(ED_MTH) returned 12
INFO : jdbc.resultset - 120. ResultSet.wasNull() returned false
INFO : jdbc.resultset - 120. ResultSet.getString(DEL_YN) returned N
INFO : jdbc.resultset - 120. ResultSet.wasNull() returned false
INFO : jdbc.resultset - 120. ResultSet.getString(FST_PC_TS) returned 20180520 051823.372000
INFO : jdbc.resultset - 120. ResultSet.wasNull() returned false
INFO : jdbc.resultset - 120. ResultSet.getString(PC_TS) returned 20180520 051823.372000
INFO : jdbc.resultset - 120. ResultSet.wasNull() returned false
INFO : jdbc.resultset - 120. ResultSet.getInt(LUPD_CNT) returned 1
INFO : jdbc.resultset - 120. ResultSet.wasNull() returned false
INFO : jdbc.resultset - 120. ResultSet.next() returned true
INFO : jdbc.resultset - 120. ResultSet.getString(DEVER_ID) returned testDever
INFO : jdbc.resultset - 120. ResultSet.wasNull() returned false
INFO : jdbc.resultset - 120. ResultSet.getString(CUST_ID) returned testCust
INFO : jdbc.resultset - 120. ResultSet.wasNull() returned false
INFO : jdbc.resultset - 120. ResultSet.getInt(SQNO) returned 3
INFO : jdbc.resultset - 120. ResultSet.wasNull() returned false
INFO : jdbc.resultset - 120. ResultSet.getString(SET_TM) returned 000000
INFO : jdbc.resultset - 120. ResultSet.wasNull() returned false
INFO : jdbc.resultset - 120. ResultSet.getString(JOB_CD) returned testJobCd
INFO : jdbc.resultset - 120. ResultSet.wasNull() returned false
INFO : jdbc.resultset - 120. ResultSet.getString(CHK_YN) returned N
INFO : jdbc.resultset - 120. ResultSet.wasNull() returned false
INFO : jdbc.resultset - 120. ResultSet.getString(LST_CHK_TS) returned 00010101 000000.000000
INFO : jdbc.resultset - 120. ResultSet.wasNull() returned false
INFO : jdbc.resultset - 120. ResultSet.getString(WK_ITV_RULE) returned 1111100
INFO : jdbc.resultset - 120. ResultSet.wasNull() returned false
INFO : jdbc.resultset - 120. ResultSet.getString(ST_MTH) returned 01
INFO : jdbc.resultset - 120. ResultSet.wasNull() returned false
INFO : jdbc.resultset - 120. ResultSet.getString(ED_MTH) returned 12
INFO : jdbc.resultset - 120. ResultSet.wasNull() returned false
INFO : jdbc.resultset - 120. ResultSet.getString(DEL_YN) returned N
INFO : jdbc.resultset - 120. ResultSet.wasNull() returned false
INFO : jdbc.resultset - 120. ResultSet.getString(FST_PC_TS) returned 20180520 051824.738000
INFO : jdbc.resultset - 120. ResultSet.wasNull() returned false
INFO : jdbc.resultset - 120. ResultSet.getString(PC_TS) returned 20180520 051824.738000
INFO : jdbc.resultset - 120. ResultSet.wasNull() returned false
INFO : jdbc.resultset - 120. ResultSet.getInt(LUPD_CNT) returned 1
INFO : jdbc.resultset - 120. ResultSet.wasNull() returned false
INFO : jdbc.resultsettable - 
|----------|---------|-----|-------|----------|-------|-----------------------|------------|-------|-------|-------|-----------------------|-----------------------|---------|
|dever_id  |cust_id  |sqno |set_tm |job_cd    |chk_yn |lst_chk_ts             |wk_itv_rule |st_mth |ed_mth |del_yn |fst_pc_ts              |pc_ts                  |lupd_cnt |
|----------|---------|-----|-------|----------|-------|-----------------------|------------|-------|-------|-------|-----------------------|-----------------------|---------|
|testDever |testCust |1    |000000 |testJobCd |N      |00010101 000000.000000 |1111100     |01     |12     |N      |20180520 051429.333000 |20180520 051429.333000 |1        |
|testDever |testCust |2    |000000 |testJobCd |N      |00010101 000000.000000 |1111100     |01     |12     |N      |20180520 051823.372000 |20180520 051823.372000 |1        |
|testDever |testCust |3    |000000 |testJobCd |N      |00010101 000000.000000 |1111100     |01     |12     |N      |20180520 051824.738000 |20180520 051824.738000 |1        |
|----------|---------|-----|-------|----------|-------|-----------------------|------------|-------|-------|-------|-----------------------|-----------------------|---------|

INFO : jdbc.resultset - 120. ResultSet.next() returned false
INFO : jdbc.resultset - 120. ResultSet.close() returned void
INFO : jdbc.audit - 120. PreparedStatement.getConnection() returned net.sf.log4jdbc.sql.jdbcapi.ConnectionSpy@10b30ef
INFO : jdbc.audit - 120. Connection.getMetaData() returned oracle.jdbc.driver.OracleDatabaseMetaData@a68df9
INFO : jdbc.audit - 120. PreparedStatement.close() returned 
INFO : jdbc.audit - 120. Connection.rollback() returned 
INFO : jdbc.audit - 120. Connection.setAutoCommit(true) returned 
INFO : jdbc.audit - 120. Connection.isReadOnly() returned false
INFO : jdbc.connection - 120. Connection closed
INFO : jdbc.audit - 120. Connection.close() returned 
INFO : org.springframework.test.context.transaction.TransactionContext - Rolled back transaction for test context [DefaultTestContext@1bde877 testClass = TestSrchJobSch, testInstance = com.pro.alarm.service.TestSrchJobSch@d7ad8b, testMethod = test1215_srchJobSch_srchFiler@TestSrchJobSch, testException = java.lang.AssertionError: ��ȸ�� �����Ͽ����ϴ�. expected:&lt;1&gt; but was:&lt;3&gt;, mergedContextConfiguration = [MergedContextConfiguration@156f2dd testClass = TestSrchJobSch, locations = &apos;{classpath:test-context.xml}&apos;, classes = &apos;{}&apos;, contextInitializerClasses = &apos;[]&apos;, activeProfiles = &apos;{}&apos;, propertySourceLocations = &apos;{}&apos;, propertySourceProperties = &apos;{}&apos;, contextCustomizers = set[[empty]], contextLoader = &apos;org.springframework.test.context.support.DelegatingSmartContextLoader&apos;, parent = [null]]].
INFO : jdbc.connection - 121. Connection opened
INFO : jdbc.audit - 121. Connection.new Connection returned 
INFO : jdbc.audit - 121. Connection.getAutoCommit() returned true
INFO : jdbc.audit - 121. PreparedStatement.new PreparedStatement returned 
INFO : jdbc.audit - 121. Connection.prepareStatement(DELETE 
		FROM    TS001_JOB_SCH 
		WHERE   DEVER_ID    = ?
		AND     CUST_ID     = ?
		AND     SQNO        = ?
		AND		LUPD_CNT	= ?) returned net.sf.log4jdbc.sql.jdbcapi.PreparedStatementSpy@1cf7aee
INFO : jdbc.audit - 121. PreparedStatement.setString(1, &quot;testDever&quot;) returned 
INFO : jdbc.audit - 121. PreparedStatement.setString(2, &quot;testCust&quot;) returned 
INFO : jdbc.audit - 121. PreparedStatement.setInt(3, 3) returned 
INFO : jdbc.audit - 121. PreparedStatement.setInt(4, 1) returned 
INFO : jdbc.sqlonly - DELETE FROM TS001_JOB_SCH WHERE DEVER_ID = &apos;testDever&apos; AND CUST_ID = &apos;testCust&apos; AND SQNO = 
3 AND LUPD_CNT = 1 

INFO : jdbc.sqltiming - DELETE FROM TS001_JOB_SCH WHERE DEVER_ID = &apos;testDever&apos; AND CUST_ID = &apos;testCust&apos; AND SQNO = 
3 AND LUPD_CNT = 1 
 {executed in 0 msec}
INFO : jdbc.audit - 121. PreparedStatement.execute() returned false
INFO : jdbc.audit - 121. PreparedStatement.getUpdateCount() returned 1
INFO : jdbc.audit - 121. PreparedStatement.close() returned 
INFO : jdbc.connection - 121. Connection closed
INFO : jdbc.audit - 121. Connection.close() returned 
</system-out>
  </testcase>
  <testcase classname="com.pro.alarm.service.TestSrchJobSch" name="test1216_srchJobSchStdtChk" time="0.062"/>
  <testcase classname="com.pro.alarm.service.TestSrchJobSch" name="test1217_srchJobSchEddtChk" time="0.047"/>
  <testcase classname="com.pro.alarm.service.TestInsJobSch" name="test1220_01deverIdChk" time="0.016"/>
  <testcase classname="com.pro.alarm.service.TestInsJobSch" name="test1220_02custIdChk" time="0.015"/>
  <testcase classname="com.pro.alarm.service.TestInsJobSch" name="test1220_03setTmChk" time="0.016"/>
  <testcase classname="com.pro.alarm.service.TestInsJobSch" name="test1220_04insJobSch" time="0.031"/>
</testsuite>